<?xml version="1.0" encoding="UTF-8"?>
<testsuite xmlns:xsi="http://www.w3.org/2001/XMLSchema-instance" xsi:noNamespaceSchemaLocation="https://maven.apache.org/surefire/maven-surefire-plugin/xsd/surefire-test-report-3.0.xsd" version="3.0" name="io.github.thebusybiscuit.slimefun4.implementation.registration.TestRegistration" time="0.539" tests="812" errors="0" skipped="0" failures="0">
  <properties>
    <property name="java.specification.version" value="18"/>
    <property name="sun.cpu.isalist" value="amd64"/>
    <property name="sun.jnu.encoding" value="Cp1252"/>
    <property name="java.class.path" value="D:\Development\NetBeansProjects\Slimefun4\target\test-classes;D:\Development\NetBeansProjects\Slimefun4\target\classes;C:\Users\nac34\.m2\repository\org\spigotmc\spigot-api\1.19-R0.1-SNAPSHOT\spigot-api-1.19-R0.1-SNAPSHOT.jar;C:\Users\nac34\.m2\repository\com\google\guava\guava\31.0.1-jre\guava-31.0.1-jre.jar;C:\Users\nac34\.m2\repository\com\google\guava\failureaccess\1.0.1\failureaccess-1.0.1.jar;C:\Users\nac34\.m2\repository\com\google\guava\listenablefuture\9999.0-empty-to-avoid-conflict-with-guava\listenablefuture-9999.0-empty-to-avoid-conflict-with-guava.jar;C:\Users\nac34\.m2\repository\org\checkerframework\checker-qual\3.12.0\checker-qual-3.12.0.jar;C:\Users\nac34\.m2\repository\com\google\errorprone\error_prone_annotations\2.7.1\error_prone_annotations-2.7.1.jar;C:\Users\nac34\.m2\repository\com\google\j2objc\j2objc-annotations\1.3\j2objc-annotations-1.3.jar;C:\Users\nac34\.m2\repository\com\google\code\gson\gson\2.8.9\gson-2.8.9.jar;C:\Users\nac34\.m2\repository\net\md-5\bungeecord-chat\1.16-R0.4\bungeecord-chat-1.16-R0.4.jar;C:\Users\nac34\.m2\repository\org\yaml\snakeyaml\1.30\snakeyaml-1.30.jar;C:\Users\nac34\.m2\repository\com\google\code\findbugs\jsr305\3.0.2\jsr305-3.0.2.jar;C:\Users\nac34\.m2\repository\io\github\baked-libs\dough-api\1.2.0\dough-api-1.2.0.jar;C:\Users\nac34\.m2\repository\io\papermc\paperlib\1.0.8\paperlib-1.0.8.jar;C:\Users\nac34\.m2\repository\com\konghq\unirest-java\3.14.1\unirest-java-3.14.1.jar;C:\Users\nac34\.m2\repository\org\apache\httpcomponents\httpclient\4.5.13\httpclient-4.5.13.jar;C:\Users\nac34\.m2\repository\org\apache\httpcomponents\httpcore\4.4.13\httpcore-4.4.13.jar;C:\Users\nac34\.m2\repository\commons-logging\commons-logging\1.2\commons-logging-1.2.jar;C:\Users\nac34\.m2\repository\org\apache\httpcomponents\httpmime\4.5.13\httpmime-4.5.13.jar;C:\Users\nac34\.m2\repository\org\apache\httpcomponents\httpcore-nio\4.4.13\httpcore-nio-4.4.13.jar;C:\Users\nac34\.m2\repository\org\apache\httpcomponents\httpasyncclient\4.1.5\httpasyncclient-4.1.5.jar;C:\Users\nac34\.m2\repository\commons-codec\commons-codec\1.15\commons-codec-1.15.jar;C:\Users\nac34\.m2\repository\org\junit\jupiter\junit-jupiter\5.9.2\junit-jupiter-5.9.2.jar;C:\Users\nac34\.m2\repository\org\junit\jupiter\junit-jupiter-api\5.9.2\junit-jupiter-api-5.9.2.jar;C:\Users\nac34\.m2\repository\org\opentest4j\opentest4j\1.2.0\opentest4j-1.2.0.jar;C:\Users\nac34\.m2\repository\org\junit\platform\junit-platform-commons\1.9.2\junit-platform-commons-1.9.2.jar;C:\Users\nac34\.m2\repository\org\apiguardian\apiguardian-api\1.1.2\apiguardian-api-1.1.2.jar;C:\Users\nac34\.m2\repository\org\junit\jupiter\junit-jupiter-params\5.9.2\junit-jupiter-params-5.9.2.jar;C:\Users\nac34\.m2\repository\org\junit\jupiter\junit-jupiter-engine\5.9.2\junit-jupiter-engine-5.9.2.jar;C:\Users\nac34\.m2\repository\org\junit\platform\junit-platform-engine\1.9.2\junit-platform-engine-1.9.2.jar;C:\Users\nac34\.m2\repository\org\mockito\mockito-core\5.0.0\mockito-core-5.0.0.jar;C:\Users\nac34\.m2\repository\net\bytebuddy\byte-buddy\1.12.22\byte-buddy-1.12.22.jar;C:\Users\nac34\.m2\repository\net\bytebuddy\byte-buddy-agent\1.12.22\byte-buddy-agent-1.12.22.jar;C:\Users\nac34\.m2\repository\org\objenesis\objenesis\3.3\objenesis-3.3.jar;C:\Users\nac34\.m2\repository\com\github\seeseemelk\MockBukkit-v1.18\2.0.0\MockBukkit-v1.18-2.0.0.jar;C:\Users\nac34\.m2\repository\io\papermc\paper\paper-api\1.18.2-R0.1-SNAPSHOT\paper-api-1.18.2-R0.1-SNAPSHOT.jar;C:\Users\nac34\.m2\repository\com\googlecode\json-simple\json-simple\1.1.1\json-simple-1.1.1.jar;C:\Users\nac34\.m2\repository\it\unimi\dsi\fastutil\8.5.6\fastutil-8.5.6.jar;C:\Users\nac34\.m2\repository\org\apache\logging\log4j\log4j-api\2.17.1\log4j-api-2.17.1.jar;C:\Users\nac34\.m2\repository\org\slf4j\slf4j-api\1.8.0-beta4\slf4j-api-1.8.0-beta4.jar;C:\Users\nac34\.m2\repository\net\kyori\adventure-api\4.11.0\adventure-api-4.11.0.jar;C:\Users\nac34\.m2\repository\net\kyori\adventure-key\4.11.0\adventure-key-4.11.0.jar;C:\Users\nac34\.m2\repository\net\kyori\examination-api\1.3.0\examination-api-1.3.0.jar;C:\Users\nac34\.m2\repository\net\kyori\examination-string\1.3.0\examination-string-1.3.0.jar;C:\Users\nac34\.m2\repository\net\kyori\adventure-text-minimessage\4.11.0\adventure-text-minimessage-4.11.0.jar;C:\Users\nac34\.m2\repository\net\kyori\adventure-text-serializer-gson\4.11.0\adventure-text-serializer-gson-4.11.0.jar;C:\Users\nac34\.m2\repository\net\kyori\adventure-text-serializer-legacy\4.11.0\adventure-text-serializer-legacy-4.11.0.jar;C:\Users\nac34\.m2\repository\net\kyori\adventure-text-serializer-plain\4.11.0\adventure-text-serializer-plain-4.11.0.jar;C:\Users\nac34\.m2\repository\net\kyori\adventure-text-logger-slf4j\4.11.0\adventure-text-logger-slf4j-4.11.0.jar;C:\Users\nac34\.m2\repository\org\ow2\asm\asm\9.2\asm-9.2.jar;C:\Users\nac34\.m2\repository\org\ow2\asm\asm-commons\9.2\asm-commons-9.2.jar;C:\Users\nac34\.m2\repository\org\ow2\asm\asm-tree\9.2\asm-tree-9.2.jar;C:\Users\nac34\.m2\repository\org\ow2\asm\asm-analysis\9.2\asm-analysis-9.2.jar;C:\Users\nac34\.m2\repository\org\hamcrest\hamcrest-library\2.2\hamcrest-library-2.2.jar;C:\Users\nac34\.m2\repository\org\hamcrest\hamcrest-core\2.2\hamcrest-core-2.2.jar;C:\Users\nac34\.m2\repository\org\hamcrest\hamcrest\2.2\hamcrest-2.2.jar;C:\Users\nac34\.m2\repository\commons-io\commons-io\2.11.0\commons-io-2.11.0.jar;C:\Users\nac34\.m2\repository\org\apache\maven\maven-resolver-provider\3.8.5\maven-resolver-provider-3.8.5.jar;C:\Users\nac34\.m2\repository\org\apache\maven\maven-model\3.8.5\maven-model-3.8.5.jar;C:\Users\nac34\.m2\repository\org\apache\maven\maven-model-builder\3.8.5\maven-model-builder-3.8.5.jar;C:\Users\nac34\.m2\repository\org\codehaus\plexus\plexus-interpolation\1.26\plexus-interpolation-1.26.jar;C:\Users\nac34\.m2\repository\org\apache\maven\maven-artifact\3.8.5\maven-artifact-3.8.5.jar;C:\Users\nac34\.m2\repository\org\apache\maven\maven-builder-support\3.8.5\maven-builder-support-3.8.5.jar;C:\Users\nac34\.m2\repository\org\eclipse\sisu\org.eclipse.sisu.inject\0.3.5\org.eclipse.sisu.inject-0.3.5.jar;C:\Users\nac34\.m2\repository\org\apache\maven\maven-repository-metadata\3.8.5\maven-repository-metadata-3.8.5.jar;C:\Users\nac34\.m2\repository\org\apache\maven\resolver\maven-resolver-api\1.6.3\maven-resolver-api-1.6.3.jar;C:\Users\nac34\.m2\repository\org\apache\maven\resolver\maven-resolver-spi\1.6.3\maven-resolver-spi-1.6.3.jar;C:\Users\nac34\.m2\repository\org\apache\maven\resolver\maven-resolver-util\1.6.3\maven-resolver-util-1.6.3.jar;C:\Users\nac34\.m2\repository\org\apache\maven\resolver\maven-resolver-impl\1.6.3\maven-resolver-impl-1.6.3.jar;C:\Users\nac34\.m2\repository\org\apache\commons\commons-lang3\3.8.1\commons-lang3-3.8.1.jar;C:\Users\nac34\.m2\repository\org\codehaus\plexus\plexus-utils\3.3.0\plexus-utils-3.3.0.jar;C:\Users\nac34\.m2\repository\javax\inject\javax.inject\1\javax.inject-1.jar;C:\Users\nac34\.m2\repository\org\apache\maven\resolver\maven-resolver-connector-basic\1.8.0\maven-resolver-connector-basic-1.8.0.jar;C:\Users\nac34\.m2\repository\org\apache\maven\resolver\maven-resolver-transport-http\1.8.0\maven-resolver-transport-http-1.8.0.jar;C:\Users\nac34\.m2\repository\org\slf4j\jcl-over-slf4j\1.7.36\jcl-over-slf4j-1.7.36.jar;C:\Users\nac34\.m2\repository\com\sk89q\worldedit\worldedit-core\7.2.13\worldedit-core-7.2.13.jar;C:\Users\nac34\.m2\repository\com\sk89q\worldedit\worldedit-bukkit\7.2.13\worldedit-bukkit-7.2.13.jar;C:\Users\nac34\.m2\repository\com\gmail\nossr50\mcMMO\mcMMO\2.1.218\mcMMO-2.1.218.jar;C:\Users\nac34\.m2\repository\me\clip\placeholderapi\2.11.2\placeholderapi-2.11.2.jar;C:\Users\nac34\.m2\repository\me\minebuilders\clearlag-core\3.1.6\clearlag-core-3.1.6.jar;C:\Users\nac34\.m2\repository\com\github\LoneDev6\itemsadder-api\3.2.5\itemsadder-api-3.2.5.jar;C:\Users\nac34\.m2\repository\net\imprex\orebfuscator-api\5.3.0\orebfuscator-api-5.3.0.jar;C:\Users\nac34\.m2\repository\commons-lang\commons-lang\2.6\commons-lang-2.6.jar;"/>
    <property name="java.vm.vendor" value="Oracle Corporation"/>
    <property name="sun.arch.data.model" value="64"/>
    <property name="user.variant" value=""/>
    <property name="java.vendor.url" value="https://java.oracle.com/"/>
    <property name="user.timezone" value="America/Chicago"/>
    <property name="os.name" value="Windows 10"/>
    <property name="java.vm.specification.version" value="18"/>
    <property name="user.country" value="US"/>
    <property name="sun.java.launcher" value="SUN_STANDARD"/>
    <property name="sun.boot.library.path" value="C:\Program Files\Java\jdk-18.0.2.1\bin"/>
    <property name="sun.java.command" value="C:\Users\nac34\AppData\Local\Temp\surefire5785769940068330365\surefirebooter-20230125152023136_3.jar C:\Users\nac34\AppData\Local\Temp\surefire5785769940068330365 2023-01-25T15-20-22_965-jvmRun1 surefire-20230125152023136_1tmp surefire_0-20230125152023136_2tmp"/>
    <property name="jdk.debug" value="release"/>
    <property name="surefire.test.class.path" value="D:\Development\NetBeansProjects\Slimefun4\target\test-classes;D:\Development\NetBeansProjects\Slimefun4\target\classes;C:\Users\nac34\.m2\repository\org\spigotmc\spigot-api\1.19-R0.1-SNAPSHOT\spigot-api-1.19-R0.1-SNAPSHOT.jar;C:\Users\nac34\.m2\repository\com\google\guava\guava\31.0.1-jre\guava-31.0.1-jre.jar;C:\Users\nac34\.m2\repository\com\google\guava\failureaccess\1.0.1\failureaccess-1.0.1.jar;C:\Users\nac34\.m2\repository\com\google\guava\listenablefuture\9999.0-empty-to-avoid-conflict-with-guava\listenablefuture-9999.0-empty-to-avoid-conflict-with-guava.jar;C:\Users\nac34\.m2\repository\org\checkerframework\checker-qual\3.12.0\checker-qual-3.12.0.jar;C:\Users\nac34\.m2\repository\com\google\errorprone\error_prone_annotations\2.7.1\error_prone_annotations-2.7.1.jar;C:\Users\nac34\.m2\repository\com\google\j2objc\j2objc-annotations\1.3\j2objc-annotations-1.3.jar;C:\Users\nac34\.m2\repository\com\google\code\gson\gson\2.8.9\gson-2.8.9.jar;C:\Users\nac34\.m2\repository\net\md-5\bungeecord-chat\1.16-R0.4\bungeecord-chat-1.16-R0.4.jar;C:\Users\nac34\.m2\repository\org\yaml\snakeyaml\1.30\snakeyaml-1.30.jar;C:\Users\nac34\.m2\repository\com\google\code\findbugs\jsr305\3.0.2\jsr305-3.0.2.jar;C:\Users\nac34\.m2\repository\io\github\baked-libs\dough-api\1.2.0\dough-api-1.2.0.jar;C:\Users\nac34\.m2\repository\io\papermc\paperlib\1.0.8\paperlib-1.0.8.jar;C:\Users\nac34\.m2\repository\com\konghq\unirest-java\3.14.1\unirest-java-3.14.1.jar;C:\Users\nac34\.m2\repository\org\apache\httpcomponents\httpclient\4.5.13\httpclient-4.5.13.jar;C:\Users\nac34\.m2\repository\org\apache\httpcomponents\httpcore\4.4.13\httpcore-4.4.13.jar;C:\Users\nac34\.m2\repository\commons-logging\commons-logging\1.2\commons-logging-1.2.jar;C:\Users\nac34\.m2\repository\org\apache\httpcomponents\httpmime\4.5.13\httpmime-4.5.13.jar;C:\Users\nac34\.m2\repository\org\apache\httpcomponents\httpcore-nio\4.4.13\httpcore-nio-4.4.13.jar;C:\Users\nac34\.m2\repository\org\apache\httpcomponents\httpasyncclient\4.1.5\httpasyncclient-4.1.5.jar;C:\Users\nac34\.m2\repository\commons-codec\commons-codec\1.15\commons-codec-1.15.jar;C:\Users\nac34\.m2\repository\org\junit\jupiter\junit-jupiter\5.9.2\junit-jupiter-5.9.2.jar;C:\Users\nac34\.m2\repository\org\junit\jupiter\junit-jupiter-api\5.9.2\junit-jupiter-api-5.9.2.jar;C:\Users\nac34\.m2\repository\org\opentest4j\opentest4j\1.2.0\opentest4j-1.2.0.jar;C:\Users\nac34\.m2\repository\org\junit\platform\junit-platform-commons\1.9.2\junit-platform-commons-1.9.2.jar;C:\Users\nac34\.m2\repository\org\apiguardian\apiguardian-api\1.1.2\apiguardian-api-1.1.2.jar;C:\Users\nac34\.m2\repository\org\junit\jupiter\junit-jupiter-params\5.9.2\junit-jupiter-params-5.9.2.jar;C:\Users\nac34\.m2\repository\org\junit\jupiter\junit-jupiter-engine\5.9.2\junit-jupiter-engine-5.9.2.jar;C:\Users\nac34\.m2\repository\org\junit\platform\junit-platform-engine\1.9.2\junit-platform-engine-1.9.2.jar;C:\Users\nac34\.m2\repository\org\mockito\mockito-core\5.0.0\mockito-core-5.0.0.jar;C:\Users\nac34\.m2\repository\net\bytebuddy\byte-buddy\1.12.22\byte-buddy-1.12.22.jar;C:\Users\nac34\.m2\repository\net\bytebuddy\byte-buddy-agent\1.12.22\byte-buddy-agent-1.12.22.jar;C:\Users\nac34\.m2\repository\org\objenesis\objenesis\3.3\objenesis-3.3.jar;C:\Users\nac34\.m2\repository\com\github\seeseemelk\MockBukkit-v1.18\2.0.0\MockBukkit-v1.18-2.0.0.jar;C:\Users\nac34\.m2\repository\io\papermc\paper\paper-api\1.18.2-R0.1-SNAPSHOT\paper-api-1.18.2-R0.1-SNAPSHOT.jar;C:\Users\nac34\.m2\repository\com\googlecode\json-simple\json-simple\1.1.1\json-simple-1.1.1.jar;C:\Users\nac34\.m2\repository\it\unimi\dsi\fastutil\8.5.6\fastutil-8.5.6.jar;C:\Users\nac34\.m2\repository\org\apache\logging\log4j\log4j-api\2.17.1\log4j-api-2.17.1.jar;C:\Users\nac34\.m2\repository\org\slf4j\slf4j-api\1.8.0-beta4\slf4j-api-1.8.0-beta4.jar;C:\Users\nac34\.m2\repository\net\kyori\adventure-api\4.11.0\adventure-api-4.11.0.jar;C:\Users\nac34\.m2\repository\net\kyori\adventure-key\4.11.0\adventure-key-4.11.0.jar;C:\Users\nac34\.m2\repository\net\kyori\examination-api\1.3.0\examination-api-1.3.0.jar;C:\Users\nac34\.m2\repository\net\kyori\examination-string\1.3.0\examination-string-1.3.0.jar;C:\Users\nac34\.m2\repository\net\kyori\adventure-text-minimessage\4.11.0\adventure-text-minimessage-4.11.0.jar;C:\Users\nac34\.m2\repository\net\kyori\adventure-text-serializer-gson\4.11.0\adventure-text-serializer-gson-4.11.0.jar;C:\Users\nac34\.m2\repository\net\kyori\adventure-text-serializer-legacy\4.11.0\adventure-text-serializer-legacy-4.11.0.jar;C:\Users\nac34\.m2\repository\net\kyori\adventure-text-serializer-plain\4.11.0\adventure-text-serializer-plain-4.11.0.jar;C:\Users\nac34\.m2\repository\net\kyori\adventure-text-logger-slf4j\4.11.0\adventure-text-logger-slf4j-4.11.0.jar;C:\Users\nac34\.m2\repository\org\ow2\asm\asm\9.2\asm-9.2.jar;C:\Users\nac34\.m2\repository\org\ow2\asm\asm-commons\9.2\asm-commons-9.2.jar;C:\Users\nac34\.m2\repository\org\ow2\asm\asm-tree\9.2\asm-tree-9.2.jar;C:\Users\nac34\.m2\repository\org\ow2\asm\asm-analysis\9.2\asm-analysis-9.2.jar;C:\Users\nac34\.m2\repository\org\hamcrest\hamcrest-library\2.2\hamcrest-library-2.2.jar;C:\Users\nac34\.m2\repository\org\hamcrest\hamcrest-core\2.2\hamcrest-core-2.2.jar;C:\Users\nac34\.m2\repository\org\hamcrest\hamcrest\2.2\hamcrest-2.2.jar;C:\Users\nac34\.m2\repository\commons-io\commons-io\2.11.0\commons-io-2.11.0.jar;C:\Users\nac34\.m2\repository\org\apache\maven\maven-resolver-provider\3.8.5\maven-resolver-provider-3.8.5.jar;C:\Users\nac34\.m2\repository\org\apache\maven\maven-model\3.8.5\maven-model-3.8.5.jar;C:\Users\nac34\.m2\repository\org\apache\maven\maven-model-builder\3.8.5\maven-model-builder-3.8.5.jar;C:\Users\nac34\.m2\repository\org\codehaus\plexus\plexus-interpolation\1.26\plexus-interpolation-1.26.jar;C:\Users\nac34\.m2\repository\org\apache\maven\maven-artifact\3.8.5\maven-artifact-3.8.5.jar;C:\Users\nac34\.m2\repository\org\apache\maven\maven-builder-support\3.8.5\maven-builder-support-3.8.5.jar;C:\Users\nac34\.m2\repository\org\eclipse\sisu\org.eclipse.sisu.inject\0.3.5\org.eclipse.sisu.inject-0.3.5.jar;C:\Users\nac34\.m2\repository\org\apache\maven\maven-repository-metadata\3.8.5\maven-repository-metadata-3.8.5.jar;C:\Users\nac34\.m2\repository\org\apache\maven\resolver\maven-resolver-api\1.6.3\maven-resolver-api-1.6.3.jar;C:\Users\nac34\.m2\repository\org\apache\maven\resolver\maven-resolver-spi\1.6.3\maven-resolver-spi-1.6.3.jar;C:\Users\nac34\.m2\repository\org\apache\maven\resolver\maven-resolver-util\1.6.3\maven-resolver-util-1.6.3.jar;C:\Users\nac34\.m2\repository\org\apache\maven\resolver\maven-resolver-impl\1.6.3\maven-resolver-impl-1.6.3.jar;C:\Users\nac34\.m2\repository\org\apache\commons\commons-lang3\3.8.1\commons-lang3-3.8.1.jar;C:\Users\nac34\.m2\repository\org\codehaus\plexus\plexus-utils\3.3.0\plexus-utils-3.3.0.jar;C:\Users\nac34\.m2\repository\javax\inject\javax.inject\1\javax.inject-1.jar;C:\Users\nac34\.m2\repository\org\apache\maven\resolver\maven-resolver-connector-basic\1.8.0\maven-resolver-connector-basic-1.8.0.jar;C:\Users\nac34\.m2\repository\org\apache\maven\resolver\maven-resolver-transport-http\1.8.0\maven-resolver-transport-http-1.8.0.jar;C:\Users\nac34\.m2\repository\org\slf4j\jcl-over-slf4j\1.7.36\jcl-over-slf4j-1.7.36.jar;C:\Users\nac34\.m2\repository\com\sk89q\worldedit\worldedit-core\7.2.13\worldedit-core-7.2.13.jar;C:\Users\nac34\.m2\repository\com\sk89q\worldedit\worldedit-bukkit\7.2.13\worldedit-bukkit-7.2.13.jar;C:\Users\nac34\.m2\repository\com\gmail\nossr50\mcMMO\mcMMO\2.1.218\mcMMO-2.1.218.jar;C:\Users\nac34\.m2\repository\me\clip\placeholderapi\2.11.2\placeholderapi-2.11.2.jar;C:\Users\nac34\.m2\repository\me\minebuilders\clearlag-core\3.1.6\clearlag-core-3.1.6.jar;C:\Users\nac34\.m2\repository\com\github\LoneDev6\itemsadder-api\3.2.5\itemsadder-api-3.2.5.jar;C:\Users\nac34\.m2\repository\net\imprex\orebfuscator-api\5.3.0\orebfuscator-api-5.3.0.jar;C:\Users\nac34\.m2\repository\commons-lang\commons-lang\2.6\commons-lang-2.6.jar;"/>
    <property name="sun.cpu.endian" value="little"/>
    <property name="user.home" value="C:\Users\nac34"/>
    <property name="user.language" value="en"/>
    <property name="java.specification.vendor" value="Oracle Corporation"/>
    <property name="java.version.date" value="2022-08-18"/>
    <property name="java.home" value="C:\Program Files\Java\jdk-18.0.2.1"/>
    <property name="file.separator" value="\"/>
    <property name="basedir" value="D:\Development\NetBeansProjects\Slimefun4"/>
    <property name="java.vm.compressedOopsMode" value="Zero based"/>
    <property name="line.separator" value="&#10;"/>
    <property name="java.vm.specification.vendor" value="Oracle Corporation"/>
    <property name="java.specification.name" value="Java Platform API Specification"/>
    <property name="surefire.real.class.path" value="C:\Users\nac34\AppData\Local\Temp\surefire5785769940068330365\surefirebooter-20230125152023136_3.jar"/>
    <property name="user.script" value=""/>
    <property name="sun.management.compiler" value="HotSpot 64-Bit Tiered Compilers"/>
    <property name="java.runtime.version" value="18.0.2.1+1-1"/>
    <property name="user.name" value="nac34"/>
    <property name="path.separator" value=";"/>
    <property name="os.version" value="10.0"/>
    <property name="java.runtime.name" value="Java(TM) SE Runtime Environment"/>
    <property name="file.encoding" value="UTF-8"/>
    <property name="java.vm.name" value="Java HotSpot(TM) 64-Bit Server VM"/>
    <property name="maven.ext.class.path" value="C:\Program Files\NetBeans-16\netbeans\java\maven-nblib\netbeans-eventspy.jar"/>
    <property name="localRepository" value="C:\Users\nac34\.m2\repository"/>
    <property name="java.vendor.url.bug" value="https://bugreport.java.com/bugreport/"/>
    <property name="java.io.tmpdir" value="C:\Users\nac34\AppData\Local\Temp\"/>
    <property name="java.version" value="18.0.2.1"/>
    <property name="user.dir" value="D:\Development\NetBeansProjects\Slimefun4"/>
    <property name="os.arch" value="amd64"/>
    <property name="java.vm.specification.name" value="Java Virtual Machine Specification"/>
    <property name="sun.os.patch.level" value=""/>
    <property name="native.encoding" value="Cp1252"/>
    <property name="java.library.path" value="C:\Program Files\Java\jdk-18.0.2.1\bin;C:\Windows\Sun\Java\bin;C:\Windows\system32;C:\Windows;C:\Program Files\Common Files\Oracle\Java\javapath;C:\Program Files (x86)\Common Files\Oracle\Java\javapath;C:\Windows\system32;C:\Windows;C:\Windows\System32\Wbem;C:\Windows\System32\WindowsPowerShell\v1.0\;C:\Windows\System32\OpenSSH\;C:\Program Files\NVIDIA Corporation\NVIDIA NvDLISR;C:\Program Files (x86)\NVIDIA Corporation\PhysX\Common;C:\Program Files\dotnet\;C:\Program Files\Git\cmd;C:\Users\nac34\AppData\Local\Microsoft\WindowsApps;;."/>
    <property name="java.vm.info" value="mixed mode, sharing"/>
    <property name="java.vendor" value="Oracle Corporation"/>
    <property name="java.vm.version" value="18.0.2.1+1-1"/>
    <property name="sun.io.unicode.encoding" value="UnicodeLittle"/>
    <property name="java.class.version" value="62.0"/>
  </properties>
  <testcase name="testItemRegistration" classname="io.github.thebusybiscuit.slimefun4.implementation.registration.TestRegistration" time="0.26"/>
  <testcase name="testNoDisabledItems(SlimefunItem)[1]" classname="io.github.thebusybiscuit.slimefun4.implementation.registration.TestRegistration" time="0"/>
  <testcase name="testNoDisabledItems(SlimefunItem)[2]" classname="io.github.thebusybiscuit.slimefun4.implementation.registration.TestRegistration" time="0.005"/>
  <testcase name="testNoDisabledItems(SlimefunItem)[3]" classname="io.github.thebusybiscuit.slimefun4.implementation.registration.TestRegistration" time="0"/>
  <testcase name="testNoDisabledItems(SlimefunItem)[4]" classname="io.github.thebusybiscuit.slimefun4.implementation.registration.TestRegistration" time="0"/>
  <testcase name="testNoDisabledItems(SlimefunItem)[5]" classname="io.github.thebusybiscuit.slimefun4.implementation.registration.TestRegistration" time="0"/>
  <testcase name="testNoDisabledItems(SlimefunItem)[6]" classname="io.github.thebusybiscuit.slimefun4.implementation.registration.TestRegistration" time="0"/>
  <testcase name="testNoDisabledItems(SlimefunItem)[7]" classname="io.github.thebusybiscuit.slimefun4.implementation.registration.TestRegistration" time="0"/>
  <testcase name="testNoDisabledItems(SlimefunItem)[8]" classname="io.github.thebusybiscuit.slimefun4.implementation.registration.TestRegistration" time="0"/>
  <testcase name="testNoDisabledItems(SlimefunItem)[9]" classname="io.github.thebusybiscuit.slimefun4.implementation.registration.TestRegistration" time="0"/>
  <testcase name="testNoDisabledItems(SlimefunItem)[10]" classname="io.github.thebusybiscuit.slimefun4.implementation.registration.TestRegistration" time="0"/>
  <testcase name="testNoDisabledItems(SlimefunItem)[11]" classname="io.github.thebusybiscuit.slimefun4.implementation.registration.TestRegistration" time="0"/>
  <testcase name="testNoDisabledItems(SlimefunItem)[12]" classname="io.github.thebusybiscuit.slimefun4.implementation.registration.TestRegistration" time="0"/>
  <testcase name="testNoDisabledItems(SlimefunItem)[13]" classname="io.github.thebusybiscuit.slimefun4.implementation.registration.TestRegistration" time="0"/>
  <testcase name="testNoDisabledItems(SlimefunItem)[14]" classname="io.github.thebusybiscuit.slimefun4.implementation.registration.TestRegistration" time="0"/>
  <testcase name="testNoDisabledItems(SlimefunItem)[15]" classname="io.github.thebusybiscuit.slimefun4.implementation.registration.TestRegistration" time="0"/>
  <testcase name="testNoDisabledItems(SlimefunItem)[16]" classname="io.github.thebusybiscuit.slimefun4.implementation.registration.TestRegistration" time="0"/>
  <testcase name="testNoDisabledItems(SlimefunItem)[17]" classname="io.github.thebusybiscuit.slimefun4.implementation.registration.TestRegistration" time="0"/>
  <testcase name="testNoDisabledItems(SlimefunItem)[18]" classname="io.github.thebusybiscuit.slimefun4.implementation.registration.TestRegistration" time="0"/>
  <testcase name="testNoDisabledItems(SlimefunItem)[19]" classname="io.github.thebusybiscuit.slimefun4.implementation.registration.TestRegistration" time="0"/>
  <testcase name="testNoDisabledItems(SlimefunItem)[20]" classname="io.github.thebusybiscuit.slimefun4.implementation.registration.TestRegistration" time="0"/>
  <testcase name="testNoDisabledItems(SlimefunItem)[21]" classname="io.github.thebusybiscuit.slimefun4.implementation.registration.TestRegistration" time="0"/>
  <testcase name="testNoDisabledItems(SlimefunItem)[22]" classname="io.github.thebusybiscuit.slimefun4.implementation.registration.TestRegistration" time="0"/>
  <testcase name="testNoDisabledItems(SlimefunItem)[23]" classname="io.github.thebusybiscuit.slimefun4.implementation.registration.TestRegistration" time="0"/>
  <testcase name="testNoDisabledItems(SlimefunItem)[24]" classname="io.github.thebusybiscuit.slimefun4.implementation.registration.TestRegistration" time="0"/>
  <testcase name="testNoDisabledItems(SlimefunItem)[25]" classname="io.github.thebusybiscuit.slimefun4.implementation.registration.TestRegistration" time="0"/>
  <testcase name="testNoDisabledItems(SlimefunItem)[26]" classname="io.github.thebusybiscuit.slimefun4.implementation.registration.TestRegistration" time="0"/>
  <testcase name="testNoDisabledItems(SlimefunItem)[27]" classname="io.github.thebusybiscuit.slimefun4.implementation.registration.TestRegistration" time="0"/>
  <testcase name="testNoDisabledItems(SlimefunItem)[28]" classname="io.github.thebusybiscuit.slimefun4.implementation.registration.TestRegistration" time="0"/>
  <testcase name="testNoDisabledItems(SlimefunItem)[29]" classname="io.github.thebusybiscuit.slimefun4.implementation.registration.TestRegistration" time="0"/>
  <testcase name="testNoDisabledItems(SlimefunItem)[30]" classname="io.github.thebusybiscuit.slimefun4.implementation.registration.TestRegistration" time="0"/>
  <testcase name="testNoDisabledItems(SlimefunItem)[31]" classname="io.github.thebusybiscuit.slimefun4.implementation.registration.TestRegistration" time="0"/>
  <testcase name="testNoDisabledItems(SlimefunItem)[32]" classname="io.github.thebusybiscuit.slimefun4.implementation.registration.TestRegistration" time="0"/>
  <testcase name="testNoDisabledItems(SlimefunItem)[33]" classname="io.github.thebusybiscuit.slimefun4.implementation.registration.TestRegistration" time="0"/>
  <testcase name="testNoDisabledItems(SlimefunItem)[34]" classname="io.github.thebusybiscuit.slimefun4.implementation.registration.TestRegistration" time="0"/>
  <testcase name="testNoDisabledItems(SlimefunItem)[35]" classname="io.github.thebusybiscuit.slimefun4.implementation.registration.TestRegistration" time="0"/>
  <testcase name="testNoDisabledItems(SlimefunItem)[36]" classname="io.github.thebusybiscuit.slimefun4.implementation.registration.TestRegistration" time="0"/>
  <testcase name="testNoDisabledItems(SlimefunItem)[37]" classname="io.github.thebusybiscuit.slimefun4.implementation.registration.TestRegistration" time="0"/>
  <testcase name="testNoDisabledItems(SlimefunItem)[38]" classname="io.github.thebusybiscuit.slimefun4.implementation.registration.TestRegistration" time="0"/>
  <testcase name="testNoDisabledItems(SlimefunItem)[39]" classname="io.github.thebusybiscuit.slimefun4.implementation.registration.TestRegistration" time="0"/>
  <testcase name="testNoDisabledItems(SlimefunItem)[40]" classname="io.github.thebusybiscuit.slimefun4.implementation.registration.TestRegistration" time="0"/>
  <testcase name="testNoDisabledItems(SlimefunItem)[41]" classname="io.github.thebusybiscuit.slimefun4.implementation.registration.TestRegistration" time="0"/>
  <testcase name="testNoDisabledItems(SlimefunItem)[42]" classname="io.github.thebusybiscuit.slimefun4.implementation.registration.TestRegistration" time="0"/>
  <testcase name="testNoDisabledItems(SlimefunItem)[43]" classname="io.github.thebusybiscuit.slimefun4.implementation.registration.TestRegistration" time="0"/>
  <testcase name="testNoDisabledItems(SlimefunItem)[44]" classname="io.github.thebusybiscuit.slimefun4.implementation.registration.TestRegistration" time="0"/>
  <testcase name="testNoDisabledItems(SlimefunItem)[45]" classname="io.github.thebusybiscuit.slimefun4.implementation.registration.TestRegistration" time="0"/>
  <testcase name="testNoDisabledItems(SlimefunItem)[46]" classname="io.github.thebusybiscuit.slimefun4.implementation.registration.TestRegistration" time="0"/>
  <testcase name="testNoDisabledItems(SlimefunItem)[47]" classname="io.github.thebusybiscuit.slimefun4.implementation.registration.TestRegistration" time="0"/>
  <testcase name="testNoDisabledItems(SlimefunItem)[48]" classname="io.github.thebusybiscuit.slimefun4.implementation.registration.TestRegistration" time="0"/>
  <testcase name="testNoDisabledItems(SlimefunItem)[49]" classname="io.github.thebusybiscuit.slimefun4.implementation.registration.TestRegistration" time="0"/>
  <testcase name="testNoDisabledItems(SlimefunItem)[50]" classname="io.github.thebusybiscuit.slimefun4.implementation.registration.TestRegistration" time="0"/>
  <testcase name="testNoDisabledItems(SlimefunItem)[51]" classname="io.github.thebusybiscuit.slimefun4.implementation.registration.TestRegistration" time="0"/>
  <testcase name="testNoDisabledItems(SlimefunItem)[52]" classname="io.github.thebusybiscuit.slimefun4.implementation.registration.TestRegistration" time="0"/>
  <testcase name="testNoDisabledItems(SlimefunItem)[53]" classname="io.github.thebusybiscuit.slimefun4.implementation.registration.TestRegistration" time="0"/>
  <testcase name="testNoDisabledItems(SlimefunItem)[54]" classname="io.github.thebusybiscuit.slimefun4.implementation.registration.TestRegistration" time="0"/>
  <testcase name="testNoDisabledItems(SlimefunItem)[55]" classname="io.github.thebusybiscuit.slimefun4.implementation.registration.TestRegistration" time="0"/>
  <testcase name="testNoDisabledItems(SlimefunItem)[56]" classname="io.github.thebusybiscuit.slimefun4.implementation.registration.TestRegistration" time="0"/>
  <testcase name="testNoDisabledItems(SlimefunItem)[57]" classname="io.github.thebusybiscuit.slimefun4.implementation.registration.TestRegistration" time="0"/>
  <testcase name="testNoDisabledItems(SlimefunItem)[58]" classname="io.github.thebusybiscuit.slimefun4.implementation.registration.TestRegistration" time="0"/>
  <testcase name="testNoDisabledItems(SlimefunItem)[59]" classname="io.github.thebusybiscuit.slimefun4.implementation.registration.TestRegistration" time="0"/>
  <testcase name="testNoDisabledItems(SlimefunItem)[60]" classname="io.github.thebusybiscuit.slimefun4.implementation.registration.TestRegistration" time="0"/>
  <testcase name="testNoDisabledItems(SlimefunItem)[61]" classname="io.github.thebusybiscuit.slimefun4.implementation.registration.TestRegistration" time="0"/>
  <testcase name="testNoDisabledItems(SlimefunItem)[62]" classname="io.github.thebusybiscuit.slimefun4.implementation.registration.TestRegistration" time="0"/>
  <testcase name="testNoDisabledItems(SlimefunItem)[63]" classname="io.github.thebusybiscuit.slimefun4.implementation.registration.TestRegistration" time="0"/>
  <testcase name="testNoDisabledItems(SlimefunItem)[64]" classname="io.github.thebusybiscuit.slimefun4.implementation.registration.TestRegistration" time="0"/>
  <testcase name="testNoDisabledItems(SlimefunItem)[65]" classname="io.github.thebusybiscuit.slimefun4.implementation.registration.TestRegistration" time="0"/>
  <testcase name="testNoDisabledItems(SlimefunItem)[66]" classname="io.github.thebusybiscuit.slimefun4.implementation.registration.TestRegistration" time="0"/>
  <testcase name="testNoDisabledItems(SlimefunItem)[67]" classname="io.github.thebusybiscuit.slimefun4.implementation.registration.TestRegistration" time="0"/>
  <testcase name="testNoDisabledItems(SlimefunItem)[68]" classname="io.github.thebusybiscuit.slimefun4.implementation.registration.TestRegistration" time="0"/>
  <testcase name="testNoDisabledItems(SlimefunItem)[69]" classname="io.github.thebusybiscuit.slimefun4.implementation.registration.TestRegistration" time="0"/>
  <testcase name="testNoDisabledItems(SlimefunItem)[70]" classname="io.github.thebusybiscuit.slimefun4.implementation.registration.TestRegistration" time="0"/>
  <testcase name="testNoDisabledItems(SlimefunItem)[71]" classname="io.github.thebusybiscuit.slimefun4.implementation.registration.TestRegistration" time="0"/>
  <testcase name="testNoDisabledItems(SlimefunItem)[72]" classname="io.github.thebusybiscuit.slimefun4.implementation.registration.TestRegistration" time="0"/>
  <testcase name="testNoDisabledItems(SlimefunItem)[73]" classname="io.github.thebusybiscuit.slimefun4.implementation.registration.TestRegistration" time="0"/>
  <testcase name="testNoDisabledItems(SlimefunItem)[74]" classname="io.github.thebusybiscuit.slimefun4.implementation.registration.TestRegistration" time="0"/>
  <testcase name="testNoDisabledItems(SlimefunItem)[75]" classname="io.github.thebusybiscuit.slimefun4.implementation.registration.TestRegistration" time="0"/>
  <testcase name="testNoDisabledItems(SlimefunItem)[76]" classname="io.github.thebusybiscuit.slimefun4.implementation.registration.TestRegistration" time="0"/>
  <testcase name="testNoDisabledItems(SlimefunItem)[77]" classname="io.github.thebusybiscuit.slimefun4.implementation.registration.TestRegistration" time="0"/>
  <testcase name="testNoDisabledItems(SlimefunItem)[78]" classname="io.github.thebusybiscuit.slimefun4.implementation.registration.TestRegistration" time="0"/>
  <testcase name="testNoDisabledItems(SlimefunItem)[79]" classname="io.github.thebusybiscuit.slimefun4.implementation.registration.TestRegistration" time="0"/>
  <testcase name="testNoDisabledItems(SlimefunItem)[80]" classname="io.github.thebusybiscuit.slimefun4.implementation.registration.TestRegistration" time="0"/>
  <testcase name="testNoDisabledItems(SlimefunItem)[81]" classname="io.github.thebusybiscuit.slimefun4.implementation.registration.TestRegistration" time="0"/>
  <testcase name="testNoDisabledItems(SlimefunItem)[82]" classname="io.github.thebusybiscuit.slimefun4.implementation.registration.TestRegistration" time="0"/>
  <testcase name="testNoDisabledItems(SlimefunItem)[83]" classname="io.github.thebusybiscuit.slimefun4.implementation.registration.TestRegistration" time="0"/>
  <testcase name="testNoDisabledItems(SlimefunItem)[84]" classname="io.github.thebusybiscuit.slimefun4.implementation.registration.TestRegistration" time="0"/>
  <testcase name="testNoDisabledItems(SlimefunItem)[85]" classname="io.github.thebusybiscuit.slimefun4.implementation.registration.TestRegistration" time="0"/>
  <testcase name="testNoDisabledItems(SlimefunItem)[86]" classname="io.github.thebusybiscuit.slimefun4.implementation.registration.TestRegistration" time="0"/>
  <testcase name="testNoDisabledItems(SlimefunItem)[87]" classname="io.github.thebusybiscuit.slimefun4.implementation.registration.TestRegistration" time="0"/>
  <testcase name="testNoDisabledItems(SlimefunItem)[88]" classname="io.github.thebusybiscuit.slimefun4.implementation.registration.TestRegistration" time="0"/>
  <testcase name="testNoDisabledItems(SlimefunItem)[89]" classname="io.github.thebusybiscuit.slimefun4.implementation.registration.TestRegistration" time="0"/>
  <testcase name="testNoDisabledItems(SlimefunItem)[90]" classname="io.github.thebusybiscuit.slimefun4.implementation.registration.TestRegistration" time="0"/>
  <testcase name="testNoDisabledItems(SlimefunItem)[91]" classname="io.github.thebusybiscuit.slimefun4.implementation.registration.TestRegistration" time="0"/>
  <testcase name="testNoDisabledItems(SlimefunItem)[92]" classname="io.github.thebusybiscuit.slimefun4.implementation.registration.TestRegistration" time="0"/>
  <testcase name="testNoDisabledItems(SlimefunItem)[93]" classname="io.github.thebusybiscuit.slimefun4.implementation.registration.TestRegistration" time="0"/>
  <testcase name="testNoDisabledItems(SlimefunItem)[94]" classname="io.github.thebusybiscuit.slimefun4.implementation.registration.TestRegistration" time="0"/>
  <testcase name="testNoDisabledItems(SlimefunItem)[95]" classname="io.github.thebusybiscuit.slimefun4.implementation.registration.TestRegistration" time="0"/>
  <testcase name="testNoDisabledItems(SlimefunItem)[96]" classname="io.github.thebusybiscuit.slimefun4.implementation.registration.TestRegistration" time="0"/>
  <testcase name="testNoDisabledItems(SlimefunItem)[97]" classname="io.github.thebusybiscuit.slimefun4.implementation.registration.TestRegistration" time="0"/>
  <testcase name="testNoDisabledItems(SlimefunItem)[98]" classname="io.github.thebusybiscuit.slimefun4.implementation.registration.TestRegistration" time="0"/>
  <testcase name="testNoDisabledItems(SlimefunItem)[99]" classname="io.github.thebusybiscuit.slimefun4.implementation.registration.TestRegistration" time="0"/>
  <testcase name="testNoDisabledItems(SlimefunItem)[100]" classname="io.github.thebusybiscuit.slimefun4.implementation.registration.TestRegistration" time="0"/>
  <testcase name="testNoDisabledItems(SlimefunItem)[101]" classname="io.github.thebusybiscuit.slimefun4.implementation.registration.TestRegistration" time="0"/>
  <testcase name="testNoDisabledItems(SlimefunItem)[102]" classname="io.github.thebusybiscuit.slimefun4.implementation.registration.TestRegistration" time="0"/>
  <testcase name="testNoDisabledItems(SlimefunItem)[103]" classname="io.github.thebusybiscuit.slimefun4.implementation.registration.TestRegistration" time="0"/>
  <testcase name="testNoDisabledItems(SlimefunItem)[104]" classname="io.github.thebusybiscuit.slimefun4.implementation.registration.TestRegistration" time="0"/>
  <testcase name="testNoDisabledItems(SlimefunItem)[105]" classname="io.github.thebusybiscuit.slimefun4.implementation.registration.TestRegistration" time="0"/>
  <testcase name="testNoDisabledItems(SlimefunItem)[106]" classname="io.github.thebusybiscuit.slimefun4.implementation.registration.TestRegistration" time="0"/>
  <testcase name="testNoDisabledItems(SlimefunItem)[107]" classname="io.github.thebusybiscuit.slimefun4.implementation.registration.TestRegistration" time="0"/>
  <testcase name="testNoDisabledItems(SlimefunItem)[108]" classname="io.github.thebusybiscuit.slimefun4.implementation.registration.TestRegistration" time="0"/>
  <testcase name="testNoDisabledItems(SlimefunItem)[109]" classname="io.github.thebusybiscuit.slimefun4.implementation.registration.TestRegistration" time="0"/>
  <testcase name="testNoDisabledItems(SlimefunItem)[110]" classname="io.github.thebusybiscuit.slimefun4.implementation.registration.TestRegistration" time="0"/>
  <testcase name="testNoDisabledItems(SlimefunItem)[111]" classname="io.github.thebusybiscuit.slimefun4.implementation.registration.TestRegistration" time="0"/>
  <testcase name="testNoDisabledItems(SlimefunItem)[112]" classname="io.github.thebusybiscuit.slimefun4.implementation.registration.TestRegistration" time="0"/>
  <testcase name="testNoDisabledItems(SlimefunItem)[113]" classname="io.github.thebusybiscuit.slimefun4.implementation.registration.TestRegistration" time="0"/>
  <testcase name="testNoDisabledItems(SlimefunItem)[114]" classname="io.github.thebusybiscuit.slimefun4.implementation.registration.TestRegistration" time="0"/>
  <testcase name="testNoDisabledItems(SlimefunItem)[115]" classname="io.github.thebusybiscuit.slimefun4.implementation.registration.TestRegistration" time="0"/>
  <testcase name="testNoDisabledItems(SlimefunItem)[116]" classname="io.github.thebusybiscuit.slimefun4.implementation.registration.TestRegistration" time="0"/>
  <testcase name="testNoDisabledItems(SlimefunItem)[117]" classname="io.github.thebusybiscuit.slimefun4.implementation.registration.TestRegistration" time="0"/>
  <testcase name="testNoDisabledItems(SlimefunItem)[118]" classname="io.github.thebusybiscuit.slimefun4.implementation.registration.TestRegistration" time="0"/>
  <testcase name="testNoDisabledItems(SlimefunItem)[119]" classname="io.github.thebusybiscuit.slimefun4.implementation.registration.TestRegistration" time="0"/>
  <testcase name="testNoDisabledItems(SlimefunItem)[120]" classname="io.github.thebusybiscuit.slimefun4.implementation.registration.TestRegistration" time="0"/>
  <testcase name="testNoDisabledItems(SlimefunItem)[121]" classname="io.github.thebusybiscuit.slimefun4.implementation.registration.TestRegistration" time="0"/>
  <testcase name="testNoDisabledItems(SlimefunItem)[122]" classname="io.github.thebusybiscuit.slimefun4.implementation.registration.TestRegistration" time="0"/>
  <testcase name="testNoDisabledItems(SlimefunItem)[123]" classname="io.github.thebusybiscuit.slimefun4.implementation.registration.TestRegistration" time="0"/>
  <testcase name="testNoDisabledItems(SlimefunItem)[124]" classname="io.github.thebusybiscuit.slimefun4.implementation.registration.TestRegistration" time="0"/>
  <testcase name="testNoDisabledItems(SlimefunItem)[125]" classname="io.github.thebusybiscuit.slimefun4.implementation.registration.TestRegistration" time="0"/>
  <testcase name="testNoDisabledItems(SlimefunItem)[126]" classname="io.github.thebusybiscuit.slimefun4.implementation.registration.TestRegistration" time="0"/>
  <testcase name="testNoDisabledItems(SlimefunItem)[127]" classname="io.github.thebusybiscuit.slimefun4.implementation.registration.TestRegistration" time="0"/>
  <testcase name="testNoDisabledItems(SlimefunItem)[128]" classname="io.github.thebusybiscuit.slimefun4.implementation.registration.TestRegistration" time="0"/>
  <testcase name="testNoDisabledItems(SlimefunItem)[129]" classname="io.github.thebusybiscuit.slimefun4.implementation.registration.TestRegistration" time="0"/>
  <testcase name="testNoDisabledItems(SlimefunItem)[130]" classname="io.github.thebusybiscuit.slimefun4.implementation.registration.TestRegistration" time="0"/>
  <testcase name="testNoDisabledItems(SlimefunItem)[131]" classname="io.github.thebusybiscuit.slimefun4.implementation.registration.TestRegistration" time="0"/>
  <testcase name="testNoDisabledItems(SlimefunItem)[132]" classname="io.github.thebusybiscuit.slimefun4.implementation.registration.TestRegistration" time="0"/>
  <testcase name="testNoDisabledItems(SlimefunItem)[133]" classname="io.github.thebusybiscuit.slimefun4.implementation.registration.TestRegistration" time="0"/>
  <testcase name="testNoDisabledItems(SlimefunItem)[134]" classname="io.github.thebusybiscuit.slimefun4.implementation.registration.TestRegistration" time="0"/>
  <testcase name="testNoDisabledItems(SlimefunItem)[135]" classname="io.github.thebusybiscuit.slimefun4.implementation.registration.TestRegistration" time="0"/>
  <testcase name="testNoDisabledItems(SlimefunItem)[136]" classname="io.github.thebusybiscuit.slimefun4.implementation.registration.TestRegistration" time="0"/>
  <testcase name="testNoDisabledItems(SlimefunItem)[137]" classname="io.github.thebusybiscuit.slimefun4.implementation.registration.TestRegistration" time="0"/>
  <testcase name="testNoDisabledItems(SlimefunItem)[138]" classname="io.github.thebusybiscuit.slimefun4.implementation.registration.TestRegistration" time="0"/>
  <testcase name="testNoDisabledItems(SlimefunItem)[139]" classname="io.github.thebusybiscuit.slimefun4.implementation.registration.TestRegistration" time="0"/>
  <testcase name="testNoDisabledItems(SlimefunItem)[140]" classname="io.github.thebusybiscuit.slimefun4.implementation.registration.TestRegistration" time="0"/>
  <testcase name="testNoDisabledItems(SlimefunItem)[141]" classname="io.github.thebusybiscuit.slimefun4.implementation.registration.TestRegistration" time="0"/>
  <testcase name="testNoDisabledItems(SlimefunItem)[142]" classname="io.github.thebusybiscuit.slimefun4.implementation.registration.TestRegistration" time="0"/>
  <testcase name="testNoDisabledItems(SlimefunItem)[143]" classname="io.github.thebusybiscuit.slimefun4.implementation.registration.TestRegistration" time="0"/>
  <testcase name="testNoDisabledItems(SlimefunItem)[144]" classname="io.github.thebusybiscuit.slimefun4.implementation.registration.TestRegistration" time="0"/>
  <testcase name="testNoDisabledItems(SlimefunItem)[145]" classname="io.github.thebusybiscuit.slimefun4.implementation.registration.TestRegistration" time="0"/>
  <testcase name="testNoDisabledItems(SlimefunItem)[146]" classname="io.github.thebusybiscuit.slimefun4.implementation.registration.TestRegistration" time="0"/>
  <testcase name="testNoDisabledItems(SlimefunItem)[147]" classname="io.github.thebusybiscuit.slimefun4.implementation.registration.TestRegistration" time="0"/>
  <testcase name="testNoDisabledItems(SlimefunItem)[148]" classname="io.github.thebusybiscuit.slimefun4.implementation.registration.TestRegistration" time="0"/>
  <testcase name="testNoDisabledItems(SlimefunItem)[149]" classname="io.github.thebusybiscuit.slimefun4.implementation.registration.TestRegistration" time="0"/>
  <testcase name="testNoDisabledItems(SlimefunItem)[150]" classname="io.github.thebusybiscuit.slimefun4.implementation.registration.TestRegistration" time="0"/>
  <testcase name="testNoDisabledItems(SlimefunItem)[151]" classname="io.github.thebusybiscuit.slimefun4.implementation.registration.TestRegistration" time="0.01"/>
  <testcase name="testNoDisabledItems(SlimefunItem)[152]" classname="io.github.thebusybiscuit.slimefun4.implementation.registration.TestRegistration" time="0"/>
  <testcase name="testNoDisabledItems(SlimefunItem)[153]" classname="io.github.thebusybiscuit.slimefun4.implementation.registration.TestRegistration" time="0"/>
  <testcase name="testNoDisabledItems(SlimefunItem)[154]" classname="io.github.thebusybiscuit.slimefun4.implementation.registration.TestRegistration" time="0"/>
  <testcase name="testNoDisabledItems(SlimefunItem)[155]" classname="io.github.thebusybiscuit.slimefun4.implementation.registration.TestRegistration" time="0"/>
  <testcase name="testNoDisabledItems(SlimefunItem)[156]" classname="io.github.thebusybiscuit.slimefun4.implementation.registration.TestRegistration" time="0"/>
  <testcase name="testNoDisabledItems(SlimefunItem)[157]" classname="io.github.thebusybiscuit.slimefun4.implementation.registration.TestRegistration" time="0"/>
  <testcase name="testNoDisabledItems(SlimefunItem)[158]" classname="io.github.thebusybiscuit.slimefun4.implementation.registration.TestRegistration" time="0"/>
  <testcase name="testNoDisabledItems(SlimefunItem)[159]" classname="io.github.thebusybiscuit.slimefun4.implementation.registration.TestRegistration" time="0"/>
  <testcase name="testNoDisabledItems(SlimefunItem)[160]" classname="io.github.thebusybiscuit.slimefun4.implementation.registration.TestRegistration" time="0"/>
  <testcase name="testNoDisabledItems(SlimefunItem)[161]" classname="io.github.thebusybiscuit.slimefun4.implementation.registration.TestRegistration" time="0"/>
  <testcase name="testNoDisabledItems(SlimefunItem)[162]" classname="io.github.thebusybiscuit.slimefun4.implementation.registration.TestRegistration" time="0"/>
  <testcase name="testNoDisabledItems(SlimefunItem)[163]" classname="io.github.thebusybiscuit.slimefun4.implementation.registration.TestRegistration" time="0"/>
  <testcase name="testNoDisabledItems(SlimefunItem)[164]" classname="io.github.thebusybiscuit.slimefun4.implementation.registration.TestRegistration" time="0"/>
  <testcase name="testNoDisabledItems(SlimefunItem)[165]" classname="io.github.thebusybiscuit.slimefun4.implementation.registration.TestRegistration" time="0"/>
  <testcase name="testNoDisabledItems(SlimefunItem)[166]" classname="io.github.thebusybiscuit.slimefun4.implementation.registration.TestRegistration" time="0"/>
  <testcase name="testNoDisabledItems(SlimefunItem)[167]" classname="io.github.thebusybiscuit.slimefun4.implementation.registration.TestRegistration" time="0"/>
  <testcase name="testNoDisabledItems(SlimefunItem)[168]" classname="io.github.thebusybiscuit.slimefun4.implementation.registration.TestRegistration" time="0"/>
  <testcase name="testNoDisabledItems(SlimefunItem)[169]" classname="io.github.thebusybiscuit.slimefun4.implementation.registration.TestRegistration" time="0"/>
  <testcase name="testNoDisabledItems(SlimefunItem)[170]" classname="io.github.thebusybiscuit.slimefun4.implementation.registration.TestRegistration" time="0"/>
  <testcase name="testNoDisabledItems(SlimefunItem)[171]" classname="io.github.thebusybiscuit.slimefun4.implementation.registration.TestRegistration" time="0"/>
  <testcase name="testNoDisabledItems(SlimefunItem)[172]" classname="io.github.thebusybiscuit.slimefun4.implementation.registration.TestRegistration" time="0"/>
  <testcase name="testNoDisabledItems(SlimefunItem)[173]" classname="io.github.thebusybiscuit.slimefun4.implementation.registration.TestRegistration" time="0"/>
  <testcase name="testNoDisabledItems(SlimefunItem)[174]" classname="io.github.thebusybiscuit.slimefun4.implementation.registration.TestRegistration" time="0"/>
  <testcase name="testNoDisabledItems(SlimefunItem)[175]" classname="io.github.thebusybiscuit.slimefun4.implementation.registration.TestRegistration" time="0"/>
  <testcase name="testNoDisabledItems(SlimefunItem)[176]" classname="io.github.thebusybiscuit.slimefun4.implementation.registration.TestRegistration" time="0"/>
  <testcase name="testNoDisabledItems(SlimefunItem)[177]" classname="io.github.thebusybiscuit.slimefun4.implementation.registration.TestRegistration" time="0"/>
  <testcase name="testNoDisabledItems(SlimefunItem)[178]" classname="io.github.thebusybiscuit.slimefun4.implementation.registration.TestRegistration" time="0"/>
  <testcase name="testNoDisabledItems(SlimefunItem)[179]" classname="io.github.thebusybiscuit.slimefun4.implementation.registration.TestRegistration" time="0"/>
  <testcase name="testNoDisabledItems(SlimefunItem)[180]" classname="io.github.thebusybiscuit.slimefun4.implementation.registration.TestRegistration" time="0"/>
  <testcase name="testNoDisabledItems(SlimefunItem)[181]" classname="io.github.thebusybiscuit.slimefun4.implementation.registration.TestRegistration" time="0"/>
  <testcase name="testNoDisabledItems(SlimefunItem)[182]" classname="io.github.thebusybiscuit.slimefun4.implementation.registration.TestRegistration" time="0"/>
  <testcase name="testNoDisabledItems(SlimefunItem)[183]" classname="io.github.thebusybiscuit.slimefun4.implementation.registration.TestRegistration" time="0"/>
  <testcase name="testNoDisabledItems(SlimefunItem)[184]" classname="io.github.thebusybiscuit.slimefun4.implementation.registration.TestRegistration" time="0"/>
  <testcase name="testNoDisabledItems(SlimefunItem)[185]" classname="io.github.thebusybiscuit.slimefun4.implementation.registration.TestRegistration" time="0"/>
  <testcase name="testNoDisabledItems(SlimefunItem)[186]" classname="io.github.thebusybiscuit.slimefun4.implementation.registration.TestRegistration" time="0"/>
  <testcase name="testNoDisabledItems(SlimefunItem)[187]" classname="io.github.thebusybiscuit.slimefun4.implementation.registration.TestRegistration" time="0.01"/>
  <testcase name="testNoDisabledItems(SlimefunItem)[188]" classname="io.github.thebusybiscuit.slimefun4.implementation.registration.TestRegistration" time="0"/>
  <testcase name="testNoDisabledItems(SlimefunItem)[189]" classname="io.github.thebusybiscuit.slimefun4.implementation.registration.TestRegistration" time="0"/>
  <testcase name="testNoDisabledItems(SlimefunItem)[190]" classname="io.github.thebusybiscuit.slimefun4.implementation.registration.TestRegistration" time="0"/>
  <testcase name="testNoDisabledItems(SlimefunItem)[191]" classname="io.github.thebusybiscuit.slimefun4.implementation.registration.TestRegistration" time="0"/>
  <testcase name="testNoDisabledItems(SlimefunItem)[192]" classname="io.github.thebusybiscuit.slimefun4.implementation.registration.TestRegistration" time="0"/>
  <testcase name="testNoDisabledItems(SlimefunItem)[193]" classname="io.github.thebusybiscuit.slimefun4.implementation.registration.TestRegistration" time="0"/>
  <testcase name="testNoDisabledItems(SlimefunItem)[194]" classname="io.github.thebusybiscuit.slimefun4.implementation.registration.TestRegistration" time="0"/>
  <testcase name="testNoDisabledItems(SlimefunItem)[195]" classname="io.github.thebusybiscuit.slimefun4.implementation.registration.TestRegistration" time="0"/>
  <testcase name="testNoDisabledItems(SlimefunItem)[196]" classname="io.github.thebusybiscuit.slimefun4.implementation.registration.TestRegistration" time="0"/>
  <testcase name="testNoDisabledItems(SlimefunItem)[197]" classname="io.github.thebusybiscuit.slimefun4.implementation.registration.TestRegistration" time="0"/>
  <testcase name="testNoDisabledItems(SlimefunItem)[198]" classname="io.github.thebusybiscuit.slimefun4.implementation.registration.TestRegistration" time="0"/>
  <testcase name="testNoDisabledItems(SlimefunItem)[199]" classname="io.github.thebusybiscuit.slimefun4.implementation.registration.TestRegistration" time="0"/>
  <testcase name="testNoDisabledItems(SlimefunItem)[200]" classname="io.github.thebusybiscuit.slimefun4.implementation.registration.TestRegistration" time="0"/>
  <testcase name="testNoDisabledItems(SlimefunItem)[201]" classname="io.github.thebusybiscuit.slimefun4.implementation.registration.TestRegistration" time="0"/>
  <testcase name="testNoDisabledItems(SlimefunItem)[202]" classname="io.github.thebusybiscuit.slimefun4.implementation.registration.TestRegistration" time="0"/>
  <testcase name="testNoDisabledItems(SlimefunItem)[203]" classname="io.github.thebusybiscuit.slimefun4.implementation.registration.TestRegistration" time="0"/>
  <testcase name="testNoDisabledItems(SlimefunItem)[204]" classname="io.github.thebusybiscuit.slimefun4.implementation.registration.TestRegistration" time="0"/>
  <testcase name="testNoDisabledItems(SlimefunItem)[205]" classname="io.github.thebusybiscuit.slimefun4.implementation.registration.TestRegistration" time="0"/>
  <testcase name="testNoDisabledItems(SlimefunItem)[206]" classname="io.github.thebusybiscuit.slimefun4.implementation.registration.TestRegistration" time="0"/>
  <testcase name="testNoDisabledItems(SlimefunItem)[207]" classname="io.github.thebusybiscuit.slimefun4.implementation.registration.TestRegistration" time="0"/>
  <testcase name="testNoDisabledItems(SlimefunItem)[208]" classname="io.github.thebusybiscuit.slimefun4.implementation.registration.TestRegistration" time="0"/>
  <testcase name="testNoDisabledItems(SlimefunItem)[209]" classname="io.github.thebusybiscuit.slimefun4.implementation.registration.TestRegistration" time="0"/>
  <testcase name="testNoDisabledItems(SlimefunItem)[210]" classname="io.github.thebusybiscuit.slimefun4.implementation.registration.TestRegistration" time="0"/>
  <testcase name="testNoDisabledItems(SlimefunItem)[211]" classname="io.github.thebusybiscuit.slimefun4.implementation.registration.TestRegistration" time="0"/>
  <testcase name="testNoDisabledItems(SlimefunItem)[212]" classname="io.github.thebusybiscuit.slimefun4.implementation.registration.TestRegistration" time="0"/>
  <testcase name="testNoDisabledItems(SlimefunItem)[213]" classname="io.github.thebusybiscuit.slimefun4.implementation.registration.TestRegistration" time="0"/>
  <testcase name="testNoDisabledItems(SlimefunItem)[214]" classname="io.github.thebusybiscuit.slimefun4.implementation.registration.TestRegistration" time="0"/>
  <testcase name="testNoDisabledItems(SlimefunItem)[215]" classname="io.github.thebusybiscuit.slimefun4.implementation.registration.TestRegistration" time="0"/>
  <testcase name="testNoDisabledItems(SlimefunItem)[216]" classname="io.github.thebusybiscuit.slimefun4.implementation.registration.TestRegistration" time="0"/>
  <testcase name="testNoDisabledItems(SlimefunItem)[217]" classname="io.github.thebusybiscuit.slimefun4.implementation.registration.TestRegistration" time="0"/>
  <testcase name="testNoDisabledItems(SlimefunItem)[218]" classname="io.github.thebusybiscuit.slimefun4.implementation.registration.TestRegistration" time="0"/>
  <testcase name="testNoDisabledItems(SlimefunItem)[219]" classname="io.github.thebusybiscuit.slimefun4.implementation.registration.TestRegistration" time="0"/>
  <testcase name="testNoDisabledItems(SlimefunItem)[220]" classname="io.github.thebusybiscuit.slimefun4.implementation.registration.TestRegistration" time="0"/>
  <testcase name="testNoDisabledItems(SlimefunItem)[221]" classname="io.github.thebusybiscuit.slimefun4.implementation.registration.TestRegistration" time="0"/>
  <testcase name="testNoDisabledItems(SlimefunItem)[222]" classname="io.github.thebusybiscuit.slimefun4.implementation.registration.TestRegistration" time="0"/>
  <testcase name="testNoDisabledItems(SlimefunItem)[223]" classname="io.github.thebusybiscuit.slimefun4.implementation.registration.TestRegistration" time="0"/>
  <testcase name="testNoDisabledItems(SlimefunItem)[224]" classname="io.github.thebusybiscuit.slimefun4.implementation.registration.TestRegistration" time="0"/>
  <testcase name="testNoDisabledItems(SlimefunItem)[225]" classname="io.github.thebusybiscuit.slimefun4.implementation.registration.TestRegistration" time="0"/>
  <testcase name="testNoDisabledItems(SlimefunItem)[226]" classname="io.github.thebusybiscuit.slimefun4.implementation.registration.TestRegistration" time="0"/>
  <testcase name="testNoDisabledItems(SlimefunItem)[227]" classname="io.github.thebusybiscuit.slimefun4.implementation.registration.TestRegistration" time="0.01"/>
  <testcase name="testNoDisabledItems(SlimefunItem)[228]" classname="io.github.thebusybiscuit.slimefun4.implementation.registration.TestRegistration" time="0"/>
  <testcase name="testNoDisabledItems(SlimefunItem)[229]" classname="io.github.thebusybiscuit.slimefun4.implementation.registration.TestRegistration" time="0"/>
  <testcase name="testNoDisabledItems(SlimefunItem)[230]" classname="io.github.thebusybiscuit.slimefun4.implementation.registration.TestRegistration" time="0"/>
  <testcase name="testNoDisabledItems(SlimefunItem)[231]" classname="io.github.thebusybiscuit.slimefun4.implementation.registration.TestRegistration" time="0"/>
  <testcase name="testNoDisabledItems(SlimefunItem)[232]" classname="io.github.thebusybiscuit.slimefun4.implementation.registration.TestRegistration" time="0"/>
  <testcase name="testNoDisabledItems(SlimefunItem)[233]" classname="io.github.thebusybiscuit.slimefun4.implementation.registration.TestRegistration" time="0"/>
  <testcase name="testNoDisabledItems(SlimefunItem)[234]" classname="io.github.thebusybiscuit.slimefun4.implementation.registration.TestRegistration" time="0"/>
  <testcase name="testNoDisabledItems(SlimefunItem)[235]" classname="io.github.thebusybiscuit.slimefun4.implementation.registration.TestRegistration" time="0"/>
  <testcase name="testNoDisabledItems(SlimefunItem)[236]" classname="io.github.thebusybiscuit.slimefun4.implementation.registration.TestRegistration" time="0"/>
  <testcase name="testNoDisabledItems(SlimefunItem)[237]" classname="io.github.thebusybiscuit.slimefun4.implementation.registration.TestRegistration" time="0"/>
  <testcase name="testNoDisabledItems(SlimefunItem)[238]" classname="io.github.thebusybiscuit.slimefun4.implementation.registration.TestRegistration" time="0"/>
  <testcase name="testNoDisabledItems(SlimefunItem)[239]" classname="io.github.thebusybiscuit.slimefun4.implementation.registration.TestRegistration" time="0"/>
  <testcase name="testNoDisabledItems(SlimefunItem)[240]" classname="io.github.thebusybiscuit.slimefun4.implementation.registration.TestRegistration" time="0"/>
  <testcase name="testNoDisabledItems(SlimefunItem)[241]" classname="io.github.thebusybiscuit.slimefun4.implementation.registration.TestRegistration" time="0"/>
  <testcase name="testNoDisabledItems(SlimefunItem)[242]" classname="io.github.thebusybiscuit.slimefun4.implementation.registration.TestRegistration" time="0"/>
  <testcase name="testNoDisabledItems(SlimefunItem)[243]" classname="io.github.thebusybiscuit.slimefun4.implementation.registration.TestRegistration" time="0"/>
  <testcase name="testNoDisabledItems(SlimefunItem)[244]" classname="io.github.thebusybiscuit.slimefun4.implementation.registration.TestRegistration" time="0"/>
  <testcase name="testNoDisabledItems(SlimefunItem)[245]" classname="io.github.thebusybiscuit.slimefun4.implementation.registration.TestRegistration" time="0"/>
  <testcase name="testNoDisabledItems(SlimefunItem)[246]" classname="io.github.thebusybiscuit.slimefun4.implementation.registration.TestRegistration" time="0"/>
  <testcase name="testNoDisabledItems(SlimefunItem)[247]" classname="io.github.thebusybiscuit.slimefun4.implementation.registration.TestRegistration" time="0"/>
  <testcase name="testNoDisabledItems(SlimefunItem)[248]" classname="io.github.thebusybiscuit.slimefun4.implementation.registration.TestRegistration" time="0"/>
  <testcase name="testNoDisabledItems(SlimefunItem)[249]" classname="io.github.thebusybiscuit.slimefun4.implementation.registration.TestRegistration" time="0"/>
  <testcase name="testNoDisabledItems(SlimefunItem)[250]" classname="io.github.thebusybiscuit.slimefun4.implementation.registration.TestRegistration" time="0"/>
  <testcase name="testNoDisabledItems(SlimefunItem)[251]" classname="io.github.thebusybiscuit.slimefun4.implementation.registration.TestRegistration" time="0"/>
  <testcase name="testNoDisabledItems(SlimefunItem)[252]" classname="io.github.thebusybiscuit.slimefun4.implementation.registration.TestRegistration" time="0"/>
  <testcase name="testNoDisabledItems(SlimefunItem)[253]" classname="io.github.thebusybiscuit.slimefun4.implementation.registration.TestRegistration" time="0"/>
  <testcase name="testNoDisabledItems(SlimefunItem)[254]" classname="io.github.thebusybiscuit.slimefun4.implementation.registration.TestRegistration" time="0"/>
  <testcase name="testNoDisabledItems(SlimefunItem)[255]" classname="io.github.thebusybiscuit.slimefun4.implementation.registration.TestRegistration" time="0"/>
  <testcase name="testNoDisabledItems(SlimefunItem)[256]" classname="io.github.thebusybiscuit.slimefun4.implementation.registration.TestRegistration" time="0"/>
  <testcase name="testNoDisabledItems(SlimefunItem)[257]" classname="io.github.thebusybiscuit.slimefun4.implementation.registration.TestRegistration" time="0"/>
  <testcase name="testNoDisabledItems(SlimefunItem)[258]" classname="io.github.thebusybiscuit.slimefun4.implementation.registration.TestRegistration" time="0"/>
  <testcase name="testNoDisabledItems(SlimefunItem)[259]" classname="io.github.thebusybiscuit.slimefun4.implementation.registration.TestRegistration" time="0"/>
  <testcase name="testNoDisabledItems(SlimefunItem)[260]" classname="io.github.thebusybiscuit.slimefun4.implementation.registration.TestRegistration" time="0"/>
  <testcase name="testNoDisabledItems(SlimefunItem)[261]" classname="io.github.thebusybiscuit.slimefun4.implementation.registration.TestRegistration" time="0"/>
  <testcase name="testNoDisabledItems(SlimefunItem)[262]" classname="io.github.thebusybiscuit.slimefun4.implementation.registration.TestRegistration" time="0"/>
  <testcase name="testNoDisabledItems(SlimefunItem)[263]" classname="io.github.thebusybiscuit.slimefun4.implementation.registration.TestRegistration" time="0.01"/>
  <testcase name="testNoDisabledItems(SlimefunItem)[264]" classname="io.github.thebusybiscuit.slimefun4.implementation.registration.TestRegistration" time="0"/>
  <testcase name="testNoDisabledItems(SlimefunItem)[265]" classname="io.github.thebusybiscuit.slimefun4.implementation.registration.TestRegistration" time="0"/>
  <testcase name="testNoDisabledItems(SlimefunItem)[266]" classname="io.github.thebusybiscuit.slimefun4.implementation.registration.TestRegistration" time="0"/>
  <testcase name="testNoDisabledItems(SlimefunItem)[267]" classname="io.github.thebusybiscuit.slimefun4.implementation.registration.TestRegistration" time="0"/>
  <testcase name="testNoDisabledItems(SlimefunItem)[268]" classname="io.github.thebusybiscuit.slimefun4.implementation.registration.TestRegistration" time="0"/>
  <testcase name="testNoDisabledItems(SlimefunItem)[269]" classname="io.github.thebusybiscuit.slimefun4.implementation.registration.TestRegistration" time="0"/>
  <testcase name="testNoDisabledItems(SlimefunItem)[270]" classname="io.github.thebusybiscuit.slimefun4.implementation.registration.TestRegistration" time="0"/>
  <testcase name="testNoDisabledItems(SlimefunItem)[271]" classname="io.github.thebusybiscuit.slimefun4.implementation.registration.TestRegistration" time="0"/>
  <testcase name="testNoDisabledItems(SlimefunItem)[272]" classname="io.github.thebusybiscuit.slimefun4.implementation.registration.TestRegistration" time="0"/>
  <testcase name="testNoDisabledItems(SlimefunItem)[273]" classname="io.github.thebusybiscuit.slimefun4.implementation.registration.TestRegistration" time="0"/>
  <testcase name="testNoDisabledItems(SlimefunItem)[274]" classname="io.github.thebusybiscuit.slimefun4.implementation.registration.TestRegistration" time="0"/>
  <testcase name="testNoDisabledItems(SlimefunItem)[275]" classname="io.github.thebusybiscuit.slimefun4.implementation.registration.TestRegistration" time="0"/>
  <testcase name="testNoDisabledItems(SlimefunItem)[276]" classname="io.github.thebusybiscuit.slimefun4.implementation.registration.TestRegistration" time="0"/>
  <testcase name="testNoDisabledItems(SlimefunItem)[277]" classname="io.github.thebusybiscuit.slimefun4.implementation.registration.TestRegistration" time="0"/>
  <testcase name="testNoDisabledItems(SlimefunItem)[278]" classname="io.github.thebusybiscuit.slimefun4.implementation.registration.TestRegistration" time="0"/>
  <testcase name="testNoDisabledItems(SlimefunItem)[279]" classname="io.github.thebusybiscuit.slimefun4.implementation.registration.TestRegistration" time="0"/>
  <testcase name="testNoDisabledItems(SlimefunItem)[280]" classname="io.github.thebusybiscuit.slimefun4.implementation.registration.TestRegistration" time="0"/>
  <testcase name="testNoDisabledItems(SlimefunItem)[281]" classname="io.github.thebusybiscuit.slimefun4.implementation.registration.TestRegistration" time="0"/>
  <testcase name="testNoDisabledItems(SlimefunItem)[282]" classname="io.github.thebusybiscuit.slimefun4.implementation.registration.TestRegistration" time="0"/>
  <testcase name="testNoDisabledItems(SlimefunItem)[283]" classname="io.github.thebusybiscuit.slimefun4.implementation.registration.TestRegistration" time="0"/>
  <testcase name="testNoDisabledItems(SlimefunItem)[284]" classname="io.github.thebusybiscuit.slimefun4.implementation.registration.TestRegistration" time="0"/>
  <testcase name="testNoDisabledItems(SlimefunItem)[285]" classname="io.github.thebusybiscuit.slimefun4.implementation.registration.TestRegistration" time="0"/>
  <testcase name="testNoDisabledItems(SlimefunItem)[286]" classname="io.github.thebusybiscuit.slimefun4.implementation.registration.TestRegistration" time="0"/>
  <testcase name="testNoDisabledItems(SlimefunItem)[287]" classname="io.github.thebusybiscuit.slimefun4.implementation.registration.TestRegistration" time="0"/>
  <testcase name="testNoDisabledItems(SlimefunItem)[288]" classname="io.github.thebusybiscuit.slimefun4.implementation.registration.TestRegistration" time="0"/>
  <testcase name="testNoDisabledItems(SlimefunItem)[289]" classname="io.github.thebusybiscuit.slimefun4.implementation.registration.TestRegistration" time="0"/>
  <testcase name="testNoDisabledItems(SlimefunItem)[290]" classname="io.github.thebusybiscuit.slimefun4.implementation.registration.TestRegistration" time="0"/>
  <testcase name="testNoDisabledItems(SlimefunItem)[291]" classname="io.github.thebusybiscuit.slimefun4.implementation.registration.TestRegistration" time="0"/>
  <testcase name="testNoDisabledItems(SlimefunItem)[292]" classname="io.github.thebusybiscuit.slimefun4.implementation.registration.TestRegistration" time="0"/>
  <testcase name="testNoDisabledItems(SlimefunItem)[293]" classname="io.github.thebusybiscuit.slimefun4.implementation.registration.TestRegistration" time="0"/>
  <testcase name="testNoDisabledItems(SlimefunItem)[294]" classname="io.github.thebusybiscuit.slimefun4.implementation.registration.TestRegistration" time="0"/>
  <testcase name="testNoDisabledItems(SlimefunItem)[295]" classname="io.github.thebusybiscuit.slimefun4.implementation.registration.TestRegistration" time="0"/>
  <testcase name="testNoDisabledItems(SlimefunItem)[296]" classname="io.github.thebusybiscuit.slimefun4.implementation.registration.TestRegistration" time="0"/>
  <testcase name="testNoDisabledItems(SlimefunItem)[297]" classname="io.github.thebusybiscuit.slimefun4.implementation.registration.TestRegistration" time="0"/>
  <testcase name="testNoDisabledItems(SlimefunItem)[298]" classname="io.github.thebusybiscuit.slimefun4.implementation.registration.TestRegistration" time="0"/>
  <testcase name="testNoDisabledItems(SlimefunItem)[299]" classname="io.github.thebusybiscuit.slimefun4.implementation.registration.TestRegistration" time="0"/>
  <testcase name="testNoDisabledItems(SlimefunItem)[300]" classname="io.github.thebusybiscuit.slimefun4.implementation.registration.TestRegistration" time="0"/>
  <testcase name="testNoDisabledItems(SlimefunItem)[301]" classname="io.github.thebusybiscuit.slimefun4.implementation.registration.TestRegistration" time="0"/>
  <testcase name="testNoDisabledItems(SlimefunItem)[302]" classname="io.github.thebusybiscuit.slimefun4.implementation.registration.TestRegistration" time="0"/>
  <testcase name="testNoDisabledItems(SlimefunItem)[303]" classname="io.github.thebusybiscuit.slimefun4.implementation.registration.TestRegistration" time="0"/>
  <testcase name="testNoDisabledItems(SlimefunItem)[304]" classname="io.github.thebusybiscuit.slimefun4.implementation.registration.TestRegistration" time="0"/>
  <testcase name="testNoDisabledItems(SlimefunItem)[305]" classname="io.github.thebusybiscuit.slimefun4.implementation.registration.TestRegistration" time="0"/>
  <testcase name="testNoDisabledItems(SlimefunItem)[306]" classname="io.github.thebusybiscuit.slimefun4.implementation.registration.TestRegistration" time="0.01"/>
  <testcase name="testNoDisabledItems(SlimefunItem)[307]" classname="io.github.thebusybiscuit.slimefun4.implementation.registration.TestRegistration" time="0"/>
  <testcase name="testNoDisabledItems(SlimefunItem)[308]" classname="io.github.thebusybiscuit.slimefun4.implementation.registration.TestRegistration" time="0"/>
  <testcase name="testNoDisabledItems(SlimefunItem)[309]" classname="io.github.thebusybiscuit.slimefun4.implementation.registration.TestRegistration" time="0"/>
  <testcase name="testNoDisabledItems(SlimefunItem)[310]" classname="io.github.thebusybiscuit.slimefun4.implementation.registration.TestRegistration" time="0"/>
  <testcase name="testNoDisabledItems(SlimefunItem)[311]" classname="io.github.thebusybiscuit.slimefun4.implementation.registration.TestRegistration" time="0"/>
  <testcase name="testNoDisabledItems(SlimefunItem)[312]" classname="io.github.thebusybiscuit.slimefun4.implementation.registration.TestRegistration" time="0"/>
  <testcase name="testNoDisabledItems(SlimefunItem)[313]" classname="io.github.thebusybiscuit.slimefun4.implementation.registration.TestRegistration" time="0"/>
  <testcase name="testNoDisabledItems(SlimefunItem)[314]" classname="io.github.thebusybiscuit.slimefun4.implementation.registration.TestRegistration" time="0"/>
  <testcase name="testNoDisabledItems(SlimefunItem)[315]" classname="io.github.thebusybiscuit.slimefun4.implementation.registration.TestRegistration" time="0"/>
  <testcase name="testNoDisabledItems(SlimefunItem)[316]" classname="io.github.thebusybiscuit.slimefun4.implementation.registration.TestRegistration" time="0"/>
  <testcase name="testNoDisabledItems(SlimefunItem)[317]" classname="io.github.thebusybiscuit.slimefun4.implementation.registration.TestRegistration" time="0"/>
  <testcase name="testNoDisabledItems(SlimefunItem)[318]" classname="io.github.thebusybiscuit.slimefun4.implementation.registration.TestRegistration" time="0"/>
  <testcase name="testNoDisabledItems(SlimefunItem)[319]" classname="io.github.thebusybiscuit.slimefun4.implementation.registration.TestRegistration" time="0"/>
  <testcase name="testNoDisabledItems(SlimefunItem)[320]" classname="io.github.thebusybiscuit.slimefun4.implementation.registration.TestRegistration" time="0"/>
  <testcase name="testNoDisabledItems(SlimefunItem)[321]" classname="io.github.thebusybiscuit.slimefun4.implementation.registration.TestRegistration" time="0"/>
  <testcase name="testNoDisabledItems(SlimefunItem)[322]" classname="io.github.thebusybiscuit.slimefun4.implementation.registration.TestRegistration" time="0"/>
  <testcase name="testNoDisabledItems(SlimefunItem)[323]" classname="io.github.thebusybiscuit.slimefun4.implementation.registration.TestRegistration" time="0"/>
  <testcase name="testNoDisabledItems(SlimefunItem)[324]" classname="io.github.thebusybiscuit.slimefun4.implementation.registration.TestRegistration" time="0"/>
  <testcase name="testNoDisabledItems(SlimefunItem)[325]" classname="io.github.thebusybiscuit.slimefun4.implementation.registration.TestRegistration" time="0"/>
  <testcase name="testNoDisabledItems(SlimefunItem)[326]" classname="io.github.thebusybiscuit.slimefun4.implementation.registration.TestRegistration" time="0"/>
  <testcase name="testNoDisabledItems(SlimefunItem)[327]" classname="io.github.thebusybiscuit.slimefun4.implementation.registration.TestRegistration" time="0"/>
  <testcase name="testNoDisabledItems(SlimefunItem)[328]" classname="io.github.thebusybiscuit.slimefun4.implementation.registration.TestRegistration" time="0"/>
  <testcase name="testNoDisabledItems(SlimefunItem)[329]" classname="io.github.thebusybiscuit.slimefun4.implementation.registration.TestRegistration" time="0"/>
  <testcase name="testNoDisabledItems(SlimefunItem)[330]" classname="io.github.thebusybiscuit.slimefun4.implementation.registration.TestRegistration" time="0"/>
  <testcase name="testNoDisabledItems(SlimefunItem)[331]" classname="io.github.thebusybiscuit.slimefun4.implementation.registration.TestRegistration" time="0"/>
  <testcase name="testNoDisabledItems(SlimefunItem)[332]" classname="io.github.thebusybiscuit.slimefun4.implementation.registration.TestRegistration" time="0"/>
  <testcase name="testNoDisabledItems(SlimefunItem)[333]" classname="io.github.thebusybiscuit.slimefun4.implementation.registration.TestRegistration" time="0"/>
  <testcase name="testNoDisabledItems(SlimefunItem)[334]" classname="io.github.thebusybiscuit.slimefun4.implementation.registration.TestRegistration" time="0"/>
  <testcase name="testNoDisabledItems(SlimefunItem)[335]" classname="io.github.thebusybiscuit.slimefun4.implementation.registration.TestRegistration" time="0"/>
  <testcase name="testNoDisabledItems(SlimefunItem)[336]" classname="io.github.thebusybiscuit.slimefun4.implementation.registration.TestRegistration" time="0"/>
  <testcase name="testNoDisabledItems(SlimefunItem)[337]" classname="io.github.thebusybiscuit.slimefun4.implementation.registration.TestRegistration" time="0"/>
  <testcase name="testNoDisabledItems(SlimefunItem)[338]" classname="io.github.thebusybiscuit.slimefun4.implementation.registration.TestRegistration" time="0"/>
  <testcase name="testNoDisabledItems(SlimefunItem)[339]" classname="io.github.thebusybiscuit.slimefun4.implementation.registration.TestRegistration" time="0"/>
  <testcase name="testNoDisabledItems(SlimefunItem)[340]" classname="io.github.thebusybiscuit.slimefun4.implementation.registration.TestRegistration" time="0"/>
  <testcase name="testNoDisabledItems(SlimefunItem)[341]" classname="io.github.thebusybiscuit.slimefun4.implementation.registration.TestRegistration" time="0"/>
  <testcase name="testNoDisabledItems(SlimefunItem)[342]" classname="io.github.thebusybiscuit.slimefun4.implementation.registration.TestRegistration" time="0"/>
  <testcase name="testNoDisabledItems(SlimefunItem)[343]" classname="io.github.thebusybiscuit.slimefun4.implementation.registration.TestRegistration" time="0"/>
  <testcase name="testNoDisabledItems(SlimefunItem)[344]" classname="io.github.thebusybiscuit.slimefun4.implementation.registration.TestRegistration" time="0"/>
  <testcase name="testNoDisabledItems(SlimefunItem)[345]" classname="io.github.thebusybiscuit.slimefun4.implementation.registration.TestRegistration" time="0"/>
  <testcase name="testNoDisabledItems(SlimefunItem)[346]" classname="io.github.thebusybiscuit.slimefun4.implementation.registration.TestRegistration" time="0"/>
  <testcase name="testNoDisabledItems(SlimefunItem)[347]" classname="io.github.thebusybiscuit.slimefun4.implementation.registration.TestRegistration" time="0"/>
  <testcase name="testNoDisabledItems(SlimefunItem)[348]" classname="io.github.thebusybiscuit.slimefun4.implementation.registration.TestRegistration" time="0.01"/>
  <testcase name="testNoDisabledItems(SlimefunItem)[349]" classname="io.github.thebusybiscuit.slimefun4.implementation.registration.TestRegistration" time="0"/>
  <testcase name="testNoDisabledItems(SlimefunItem)[350]" classname="io.github.thebusybiscuit.slimefun4.implementation.registration.TestRegistration" time="0"/>
  <testcase name="testNoDisabledItems(SlimefunItem)[351]" classname="io.github.thebusybiscuit.slimefun4.implementation.registration.TestRegistration" time="0"/>
  <testcase name="testNoDisabledItems(SlimefunItem)[352]" classname="io.github.thebusybiscuit.slimefun4.implementation.registration.TestRegistration" time="0"/>
  <testcase name="testNoDisabledItems(SlimefunItem)[353]" classname="io.github.thebusybiscuit.slimefun4.implementation.registration.TestRegistration" time="0"/>
  <testcase name="testNoDisabledItems(SlimefunItem)[354]" classname="io.github.thebusybiscuit.slimefun4.implementation.registration.TestRegistration" time="0"/>
  <testcase name="testNoDisabledItems(SlimefunItem)[355]" classname="io.github.thebusybiscuit.slimefun4.implementation.registration.TestRegistration" time="0"/>
  <testcase name="testNoDisabledItems(SlimefunItem)[356]" classname="io.github.thebusybiscuit.slimefun4.implementation.registration.TestRegistration" time="0"/>
  <testcase name="testNoDisabledItems(SlimefunItem)[357]" classname="io.github.thebusybiscuit.slimefun4.implementation.registration.TestRegistration" time="0"/>
  <testcase name="testNoDisabledItems(SlimefunItem)[358]" classname="io.github.thebusybiscuit.slimefun4.implementation.registration.TestRegistration" time="0"/>
  <testcase name="testNoDisabledItems(SlimefunItem)[359]" classname="io.github.thebusybiscuit.slimefun4.implementation.registration.TestRegistration" time="0"/>
  <testcase name="testNoDisabledItems(SlimefunItem)[360]" classname="io.github.thebusybiscuit.slimefun4.implementation.registration.TestRegistration" time="0"/>
  <testcase name="testNoDisabledItems(SlimefunItem)[361]" classname="io.github.thebusybiscuit.slimefun4.implementation.registration.TestRegistration" time="0"/>
  <testcase name="testNoDisabledItems(SlimefunItem)[362]" classname="io.github.thebusybiscuit.slimefun4.implementation.registration.TestRegistration" time="0"/>
  <testcase name="testNoDisabledItems(SlimefunItem)[363]" classname="io.github.thebusybiscuit.slimefun4.implementation.registration.TestRegistration" time="0"/>
  <testcase name="testNoDisabledItems(SlimefunItem)[364]" classname="io.github.thebusybiscuit.slimefun4.implementation.registration.TestRegistration" time="0"/>
  <testcase name="testNoDisabledItems(SlimefunItem)[365]" classname="io.github.thebusybiscuit.slimefun4.implementation.registration.TestRegistration" time="0"/>
  <testcase name="testNoDisabledItems(SlimefunItem)[366]" classname="io.github.thebusybiscuit.slimefun4.implementation.registration.TestRegistration" time="0"/>
  <testcase name="testNoDisabledItems(SlimefunItem)[367]" classname="io.github.thebusybiscuit.slimefun4.implementation.registration.TestRegistration" time="0"/>
  <testcase name="testNoDisabledItems(SlimefunItem)[368]" classname="io.github.thebusybiscuit.slimefun4.implementation.registration.TestRegistration" time="0"/>
  <testcase name="testNoDisabledItems(SlimefunItem)[369]" classname="io.github.thebusybiscuit.slimefun4.implementation.registration.TestRegistration" time="0"/>
  <testcase name="testNoDisabledItems(SlimefunItem)[370]" classname="io.github.thebusybiscuit.slimefun4.implementation.registration.TestRegistration" time="0"/>
  <testcase name="testNoDisabledItems(SlimefunItem)[371]" classname="io.github.thebusybiscuit.slimefun4.implementation.registration.TestRegistration" time="0"/>
  <testcase name="testNoDisabledItems(SlimefunItem)[372]" classname="io.github.thebusybiscuit.slimefun4.implementation.registration.TestRegistration" time="0"/>
  <testcase name="testNoDisabledItems(SlimefunItem)[373]" classname="io.github.thebusybiscuit.slimefun4.implementation.registration.TestRegistration" time="0"/>
  <testcase name="testNoDisabledItems(SlimefunItem)[374]" classname="io.github.thebusybiscuit.slimefun4.implementation.registration.TestRegistration" time="0"/>
  <testcase name="testNoDisabledItems(SlimefunItem)[375]" classname="io.github.thebusybiscuit.slimefun4.implementation.registration.TestRegistration" time="0"/>
  <testcase name="testNoDisabledItems(SlimefunItem)[376]" classname="io.github.thebusybiscuit.slimefun4.implementation.registration.TestRegistration" time="0"/>
  <testcase name="testNoDisabledItems(SlimefunItem)[377]" classname="io.github.thebusybiscuit.slimefun4.implementation.registration.TestRegistration" time="0"/>
  <testcase name="testNoDisabledItems(SlimefunItem)[378]" classname="io.github.thebusybiscuit.slimefun4.implementation.registration.TestRegistration" time="0"/>
  <testcase name="testNoDisabledItems(SlimefunItem)[379]" classname="io.github.thebusybiscuit.slimefun4.implementation.registration.TestRegistration" time="0"/>
  <testcase name="testNoDisabledItems(SlimefunItem)[380]" classname="io.github.thebusybiscuit.slimefun4.implementation.registration.TestRegistration" time="0"/>
  <testcase name="testNoDisabledItems(SlimefunItem)[381]" classname="io.github.thebusybiscuit.slimefun4.implementation.registration.TestRegistration" time="0"/>
  <testcase name="testNoDisabledItems(SlimefunItem)[382]" classname="io.github.thebusybiscuit.slimefun4.implementation.registration.TestRegistration" time="0"/>
  <testcase name="testNoDisabledItems(SlimefunItem)[383]" classname="io.github.thebusybiscuit.slimefun4.implementation.registration.TestRegistration" time="0"/>
  <testcase name="testNoDisabledItems(SlimefunItem)[384]" classname="io.github.thebusybiscuit.slimefun4.implementation.registration.TestRegistration" time="0"/>
  <testcase name="testNoDisabledItems(SlimefunItem)[385]" classname="io.github.thebusybiscuit.slimefun4.implementation.registration.TestRegistration" time="0"/>
  <testcase name="testNoDisabledItems(SlimefunItem)[386]" classname="io.github.thebusybiscuit.slimefun4.implementation.registration.TestRegistration" time="0"/>
  <testcase name="testNoDisabledItems(SlimefunItem)[387]" classname="io.github.thebusybiscuit.slimefun4.implementation.registration.TestRegistration" time="0"/>
  <testcase name="testNoDisabledItems(SlimefunItem)[388]" classname="io.github.thebusybiscuit.slimefun4.implementation.registration.TestRegistration" time="0"/>
  <testcase name="testNoDisabledItems(SlimefunItem)[389]" classname="io.github.thebusybiscuit.slimefun4.implementation.registration.TestRegistration" time="0"/>
  <testcase name="testNoDisabledItems(SlimefunItem)[390]" classname="io.github.thebusybiscuit.slimefun4.implementation.registration.TestRegistration" time="0"/>
  <testcase name="testNoDisabledItems(SlimefunItem)[391]" classname="io.github.thebusybiscuit.slimefun4.implementation.registration.TestRegistration" time="0"/>
  <testcase name="testNoDisabledItems(SlimefunItem)[392]" classname="io.github.thebusybiscuit.slimefun4.implementation.registration.TestRegistration" time="0"/>
  <testcase name="testNoDisabledItems(SlimefunItem)[393]" classname="io.github.thebusybiscuit.slimefun4.implementation.registration.TestRegistration" time="0"/>
  <testcase name="testNoDisabledItems(SlimefunItem)[394]" classname="io.github.thebusybiscuit.slimefun4.implementation.registration.TestRegistration" time="0"/>
  <testcase name="testNoDisabledItems(SlimefunItem)[395]" classname="io.github.thebusybiscuit.slimefun4.implementation.registration.TestRegistration" time="0"/>
  <testcase name="testNoDisabledItems(SlimefunItem)[396]" classname="io.github.thebusybiscuit.slimefun4.implementation.registration.TestRegistration" time="0"/>
  <testcase name="testNoDisabledItems(SlimefunItem)[397]" classname="io.github.thebusybiscuit.slimefun4.implementation.registration.TestRegistration" time="0"/>
  <testcase name="testNoDisabledItems(SlimefunItem)[398]" classname="io.github.thebusybiscuit.slimefun4.implementation.registration.TestRegistration" time="0"/>
  <testcase name="testNoDisabledItems(SlimefunItem)[399]" classname="io.github.thebusybiscuit.slimefun4.implementation.registration.TestRegistration" time="0"/>
  <testcase name="testNoDisabledItems(SlimefunItem)[400]" classname="io.github.thebusybiscuit.slimefun4.implementation.registration.TestRegistration" time="0"/>
  <testcase name="testNoDisabledItems(SlimefunItem)[401]" classname="io.github.thebusybiscuit.slimefun4.implementation.registration.TestRegistration" time="0"/>
  <testcase name="testNoDisabledItems(SlimefunItem)[402]" classname="io.github.thebusybiscuit.slimefun4.implementation.registration.TestRegistration" time="0"/>
  <testcase name="testNoDisabledItems(SlimefunItem)[403]" classname="io.github.thebusybiscuit.slimefun4.implementation.registration.TestRegistration" time="0"/>
  <testcase name="testNoDisabledItems(SlimefunItem)[404]" classname="io.github.thebusybiscuit.slimefun4.implementation.registration.TestRegistration" time="0"/>
  <testcase name="testNoDisabledItems(SlimefunItem)[405]" classname="io.github.thebusybiscuit.slimefun4.implementation.registration.TestRegistration" time="0"/>
  <testcase name="testNoDisabledItems(SlimefunItem)[406]" classname="io.github.thebusybiscuit.slimefun4.implementation.registration.TestRegistration" time="0"/>
  <testcase name="testNoDisabledItems(SlimefunItem)[407]" classname="io.github.thebusybiscuit.slimefun4.implementation.registration.TestRegistration" time="0"/>
  <testcase name="testNoDisabledItems(SlimefunItem)[408]" classname="io.github.thebusybiscuit.slimefun4.implementation.registration.TestRegistration" time="0"/>
  <testcase name="testNoDisabledItems(SlimefunItem)[409]" classname="io.github.thebusybiscuit.slimefun4.implementation.registration.TestRegistration" time="0"/>
  <testcase name="testNoDisabledItems(SlimefunItem)[410]" classname="io.github.thebusybiscuit.slimefun4.implementation.registration.TestRegistration" time="0"/>
  <testcase name="testNoDisabledItems(SlimefunItem)[411]" classname="io.github.thebusybiscuit.slimefun4.implementation.registration.TestRegistration" time="0"/>
  <testcase name="testNoDisabledItems(SlimefunItem)[412]" classname="io.github.thebusybiscuit.slimefun4.implementation.registration.TestRegistration" time="0"/>
  <testcase name="testNoDisabledItems(SlimefunItem)[413]" classname="io.github.thebusybiscuit.slimefun4.implementation.registration.TestRegistration" time="0"/>
  <testcase name="testNoDisabledItems(SlimefunItem)[414]" classname="io.github.thebusybiscuit.slimefun4.implementation.registration.TestRegistration" time="0"/>
  <testcase name="testNoDisabledItems(SlimefunItem)[415]" classname="io.github.thebusybiscuit.slimefun4.implementation.registration.TestRegistration" time="0"/>
  <testcase name="testNoDisabledItems(SlimefunItem)[416]" classname="io.github.thebusybiscuit.slimefun4.implementation.registration.TestRegistration" time="0"/>
  <testcase name="testNoDisabledItems(SlimefunItem)[417]" classname="io.github.thebusybiscuit.slimefun4.implementation.registration.TestRegistration" time="0"/>
  <testcase name="testNoDisabledItems(SlimefunItem)[418]" classname="io.github.thebusybiscuit.slimefun4.implementation.registration.TestRegistration" time="0"/>
  <testcase name="testNoDisabledItems(SlimefunItem)[419]" classname="io.github.thebusybiscuit.slimefun4.implementation.registration.TestRegistration" time="0"/>
  <testcase name="testNoDisabledItems(SlimefunItem)[420]" classname="io.github.thebusybiscuit.slimefun4.implementation.registration.TestRegistration" time="0"/>
  <testcase name="testNoDisabledItems(SlimefunItem)[421]" classname="io.github.thebusybiscuit.slimefun4.implementation.registration.TestRegistration" time="0"/>
  <testcase name="testNoDisabledItems(SlimefunItem)[422]" classname="io.github.thebusybiscuit.slimefun4.implementation.registration.TestRegistration" time="0"/>
  <testcase name="testNoDisabledItems(SlimefunItem)[423]" classname="io.github.thebusybiscuit.slimefun4.implementation.registration.TestRegistration" time="0"/>
  <testcase name="testNoDisabledItems(SlimefunItem)[424]" classname="io.github.thebusybiscuit.slimefun4.implementation.registration.TestRegistration" time="0"/>
  <testcase name="testNoDisabledItems(SlimefunItem)[425]" classname="io.github.thebusybiscuit.slimefun4.implementation.registration.TestRegistration" time="0"/>
  <testcase name="testNoDisabledItems(SlimefunItem)[426]" classname="io.github.thebusybiscuit.slimefun4.implementation.registration.TestRegistration" time="0"/>
  <testcase name="testNoDisabledItems(SlimefunItem)[427]" classname="io.github.thebusybiscuit.slimefun4.implementation.registration.TestRegistration" time="0"/>
  <testcase name="testNoDisabledItems(SlimefunItem)[428]" classname="io.github.thebusybiscuit.slimefun4.implementation.registration.TestRegistration" time="0"/>
  <testcase name="testNoDisabledItems(SlimefunItem)[429]" classname="io.github.thebusybiscuit.slimefun4.implementation.registration.TestRegistration" time="0"/>
  <testcase name="testNoDisabledItems(SlimefunItem)[430]" classname="io.github.thebusybiscuit.slimefun4.implementation.registration.TestRegistration" time="0"/>
  <testcase name="testNoDisabledItems(SlimefunItem)[431]" classname="io.github.thebusybiscuit.slimefun4.implementation.registration.TestRegistration" time="0"/>
  <testcase name="testNoDisabledItems(SlimefunItem)[432]" classname="io.github.thebusybiscuit.slimefun4.implementation.registration.TestRegistration" time="0"/>
  <testcase name="testNoDisabledItems(SlimefunItem)[433]" classname="io.github.thebusybiscuit.slimefun4.implementation.registration.TestRegistration" time="0"/>
  <testcase name="testNoDisabledItems(SlimefunItem)[434]" classname="io.github.thebusybiscuit.slimefun4.implementation.registration.TestRegistration" time="0.009"/>
  <testcase name="testNoDisabledItems(SlimefunItem)[435]" classname="io.github.thebusybiscuit.slimefun4.implementation.registration.TestRegistration" time="0"/>
  <testcase name="testNoDisabledItems(SlimefunItem)[436]" classname="io.github.thebusybiscuit.slimefun4.implementation.registration.TestRegistration" time="0"/>
  <testcase name="testNoDisabledItems(SlimefunItem)[437]" classname="io.github.thebusybiscuit.slimefun4.implementation.registration.TestRegistration" time="0"/>
  <testcase name="testNoDisabledItems(SlimefunItem)[438]" classname="io.github.thebusybiscuit.slimefun4.implementation.registration.TestRegistration" time="0"/>
  <testcase name="testNoDisabledItems(SlimefunItem)[439]" classname="io.github.thebusybiscuit.slimefun4.implementation.registration.TestRegistration" time="0"/>
  <testcase name="testNoDisabledItems(SlimefunItem)[440]" classname="io.github.thebusybiscuit.slimefun4.implementation.registration.TestRegistration" time="0"/>
  <testcase name="testNoDisabledItems(SlimefunItem)[441]" classname="io.github.thebusybiscuit.slimefun4.implementation.registration.TestRegistration" time="0"/>
  <testcase name="testNoDisabledItems(SlimefunItem)[442]" classname="io.github.thebusybiscuit.slimefun4.implementation.registration.TestRegistration" time="0"/>
  <testcase name="testNoDisabledItems(SlimefunItem)[443]" classname="io.github.thebusybiscuit.slimefun4.implementation.registration.TestRegistration" time="0"/>
  <testcase name="testNoDisabledItems(SlimefunItem)[444]" classname="io.github.thebusybiscuit.slimefun4.implementation.registration.TestRegistration" time="0"/>
  <testcase name="testNoDisabledItems(SlimefunItem)[445]" classname="io.github.thebusybiscuit.slimefun4.implementation.registration.TestRegistration" time="0"/>
  <testcase name="testNoDisabledItems(SlimefunItem)[446]" classname="io.github.thebusybiscuit.slimefun4.implementation.registration.TestRegistration" time="0"/>
  <testcase name="testNoDisabledItems(SlimefunItem)[447]" classname="io.github.thebusybiscuit.slimefun4.implementation.registration.TestRegistration" time="0"/>
  <testcase name="testNoDisabledItems(SlimefunItem)[448]" classname="io.github.thebusybiscuit.slimefun4.implementation.registration.TestRegistration" time="0"/>
  <testcase name="testNoDisabledItems(SlimefunItem)[449]" classname="io.github.thebusybiscuit.slimefun4.implementation.registration.TestRegistration" time="0"/>
  <testcase name="testNoDisabledItems(SlimefunItem)[450]" classname="io.github.thebusybiscuit.slimefun4.implementation.registration.TestRegistration" time="0"/>
  <testcase name="testNoDisabledItems(SlimefunItem)[451]" classname="io.github.thebusybiscuit.slimefun4.implementation.registration.TestRegistration" time="0"/>
  <testcase name="testNoDisabledItems(SlimefunItem)[452]" classname="io.github.thebusybiscuit.slimefun4.implementation.registration.TestRegistration" time="0"/>
  <testcase name="testNoDisabledItems(SlimefunItem)[453]" classname="io.github.thebusybiscuit.slimefun4.implementation.registration.TestRegistration" time="0"/>
  <testcase name="testNoDisabledItems(SlimefunItem)[454]" classname="io.github.thebusybiscuit.slimefun4.implementation.registration.TestRegistration" time="0"/>
  <testcase name="testNoDisabledItems(SlimefunItem)[455]" classname="io.github.thebusybiscuit.slimefun4.implementation.registration.TestRegistration" time="0"/>
  <testcase name="testNoDisabledItems(SlimefunItem)[456]" classname="io.github.thebusybiscuit.slimefun4.implementation.registration.TestRegistration" time="0"/>
  <testcase name="testNoDisabledItems(SlimefunItem)[457]" classname="io.github.thebusybiscuit.slimefun4.implementation.registration.TestRegistration" time="0"/>
  <testcase name="testNoDisabledItems(SlimefunItem)[458]" classname="io.github.thebusybiscuit.slimefun4.implementation.registration.TestRegistration" time="0"/>
  <testcase name="testNoDisabledItems(SlimefunItem)[459]" classname="io.github.thebusybiscuit.slimefun4.implementation.registration.TestRegistration" time="0"/>
  <testcase name="testNoDisabledItems(SlimefunItem)[460]" classname="io.github.thebusybiscuit.slimefun4.implementation.registration.TestRegistration" time="0"/>
  <testcase name="testNoDisabledItems(SlimefunItem)[461]" classname="io.github.thebusybiscuit.slimefun4.implementation.registration.TestRegistration" time="0"/>
  <testcase name="testNoDisabledItems(SlimefunItem)[462]" classname="io.github.thebusybiscuit.slimefun4.implementation.registration.TestRegistration" time="0"/>
  <testcase name="testNoDisabledItems(SlimefunItem)[463]" classname="io.github.thebusybiscuit.slimefun4.implementation.registration.TestRegistration" time="0"/>
  <testcase name="testNoDisabledItems(SlimefunItem)[464]" classname="io.github.thebusybiscuit.slimefun4.implementation.registration.TestRegistration" time="0"/>
  <testcase name="testNoDisabledItems(SlimefunItem)[465]" classname="io.github.thebusybiscuit.slimefun4.implementation.registration.TestRegistration" time="0"/>
  <testcase name="testNoDisabledItems(SlimefunItem)[466]" classname="io.github.thebusybiscuit.slimefun4.implementation.registration.TestRegistration" time="0"/>
  <testcase name="testNoDisabledItems(SlimefunItem)[467]" classname="io.github.thebusybiscuit.slimefun4.implementation.registration.TestRegistration" time="0"/>
  <testcase name="testNoDisabledItems(SlimefunItem)[468]" classname="io.github.thebusybiscuit.slimefun4.implementation.registration.TestRegistration" time="0"/>
  <testcase name="testNoDisabledItems(SlimefunItem)[469]" classname="io.github.thebusybiscuit.slimefun4.implementation.registration.TestRegistration" time="0"/>
  <testcase name="testNoDisabledItems(SlimefunItem)[470]" classname="io.github.thebusybiscuit.slimefun4.implementation.registration.TestRegistration" time="0"/>
  <testcase name="testNoDisabledItems(SlimefunItem)[471]" classname="io.github.thebusybiscuit.slimefun4.implementation.registration.TestRegistration" time="0"/>
  <testcase name="testNoDisabledItems(SlimefunItem)[472]" classname="io.github.thebusybiscuit.slimefun4.implementation.registration.TestRegistration" time="0"/>
  <testcase name="testNoDisabledItems(SlimefunItem)[473]" classname="io.github.thebusybiscuit.slimefun4.implementation.registration.TestRegistration" time="0"/>
  <testcase name="testNoDisabledItems(SlimefunItem)[474]" classname="io.github.thebusybiscuit.slimefun4.implementation.registration.TestRegistration" time="0"/>
  <testcase name="testNoDisabledItems(SlimefunItem)[475]" classname="io.github.thebusybiscuit.slimefun4.implementation.registration.TestRegistration" time="0"/>
  <testcase name="testNoDisabledItems(SlimefunItem)[476]" classname="io.github.thebusybiscuit.slimefun4.implementation.registration.TestRegistration" time="0"/>
  <testcase name="testNoDisabledItems(SlimefunItem)[477]" classname="io.github.thebusybiscuit.slimefun4.implementation.registration.TestRegistration" time="0"/>
  <testcase name="testNoDisabledItems(SlimefunItem)[478]" classname="io.github.thebusybiscuit.slimefun4.implementation.registration.TestRegistration" time="0"/>
  <testcase name="testNoDisabledItems(SlimefunItem)[479]" classname="io.github.thebusybiscuit.slimefun4.implementation.registration.TestRegistration" time="0"/>
  <testcase name="testNoDisabledItems(SlimefunItem)[480]" classname="io.github.thebusybiscuit.slimefun4.implementation.registration.TestRegistration" time="0"/>
  <testcase name="testNoDisabledItems(SlimefunItem)[481]" classname="io.github.thebusybiscuit.slimefun4.implementation.registration.TestRegistration" time="0"/>
  <testcase name="testNoDisabledItems(SlimefunItem)[482]" classname="io.github.thebusybiscuit.slimefun4.implementation.registration.TestRegistration" time="0.011"/>
  <testcase name="testNoDisabledItems(SlimefunItem)[483]" classname="io.github.thebusybiscuit.slimefun4.implementation.registration.TestRegistration" time="0"/>
  <testcase name="testNoDisabledItems(SlimefunItem)[484]" classname="io.github.thebusybiscuit.slimefun4.implementation.registration.TestRegistration" time="0"/>
  <testcase name="testNoDisabledItems(SlimefunItem)[485]" classname="io.github.thebusybiscuit.slimefun4.implementation.registration.TestRegistration" time="0"/>
  <testcase name="testNoDisabledItems(SlimefunItem)[486]" classname="io.github.thebusybiscuit.slimefun4.implementation.registration.TestRegistration" time="0"/>
  <testcase name="testNoDisabledItems(SlimefunItem)[487]" classname="io.github.thebusybiscuit.slimefun4.implementation.registration.TestRegistration" time="0"/>
  <testcase name="testNoDisabledItems(SlimefunItem)[488]" classname="io.github.thebusybiscuit.slimefun4.implementation.registration.TestRegistration" time="0"/>
  <testcase name="testNoDisabledItems(SlimefunItem)[489]" classname="io.github.thebusybiscuit.slimefun4.implementation.registration.TestRegistration" time="0"/>
  <testcase name="testNoDisabledItems(SlimefunItem)[490]" classname="io.github.thebusybiscuit.slimefun4.implementation.registration.TestRegistration" time="0"/>
  <testcase name="testNoDisabledItems(SlimefunItem)[491]" classname="io.github.thebusybiscuit.slimefun4.implementation.registration.TestRegistration" time="0"/>
  <testcase name="testNoDisabledItems(SlimefunItem)[492]" classname="io.github.thebusybiscuit.slimefun4.implementation.registration.TestRegistration" time="0"/>
  <testcase name="testNoDisabledItems(SlimefunItem)[493]" classname="io.github.thebusybiscuit.slimefun4.implementation.registration.TestRegistration" time="0"/>
  <testcase name="testNoDisabledItems(SlimefunItem)[494]" classname="io.github.thebusybiscuit.slimefun4.implementation.registration.TestRegistration" time="0"/>
  <testcase name="testNoDisabledItems(SlimefunItem)[495]" classname="io.github.thebusybiscuit.slimefun4.implementation.registration.TestRegistration" time="0"/>
  <testcase name="testNoDisabledItems(SlimefunItem)[496]" classname="io.github.thebusybiscuit.slimefun4.implementation.registration.TestRegistration" time="0"/>
  <testcase name="testNoDisabledItems(SlimefunItem)[497]" classname="io.github.thebusybiscuit.slimefun4.implementation.registration.TestRegistration" time="0"/>
  <testcase name="testNoDisabledItems(SlimefunItem)[498]" classname="io.github.thebusybiscuit.slimefun4.implementation.registration.TestRegistration" time="0"/>
  <testcase name="testNoDisabledItems(SlimefunItem)[499]" classname="io.github.thebusybiscuit.slimefun4.implementation.registration.TestRegistration" time="0"/>
  <testcase name="testNoDisabledItems(SlimefunItem)[500]" classname="io.github.thebusybiscuit.slimefun4.implementation.registration.TestRegistration" time="0"/>
  <testcase name="testNoDisabledItems(SlimefunItem)[501]" classname="io.github.thebusybiscuit.slimefun4.implementation.registration.TestRegistration" time="0"/>
  <testcase name="testNoDisabledItems(SlimefunItem)[502]" classname="io.github.thebusybiscuit.slimefun4.implementation.registration.TestRegistration" time="0"/>
  <testcase name="testNoDisabledItems(SlimefunItem)[503]" classname="io.github.thebusybiscuit.slimefun4.implementation.registration.TestRegistration" time="0"/>
  <testcase name="testNoDisabledItems(SlimefunItem)[504]" classname="io.github.thebusybiscuit.slimefun4.implementation.registration.TestRegistration" time="0"/>
  <testcase name="testNoDisabledItems(SlimefunItem)[505]" classname="io.github.thebusybiscuit.slimefun4.implementation.registration.TestRegistration" time="0"/>
  <testcase name="testNoDisabledItems(SlimefunItem)[506]" classname="io.github.thebusybiscuit.slimefun4.implementation.registration.TestRegistration" time="0"/>
  <testcase name="testNoDisabledItems(SlimefunItem)[507]" classname="io.github.thebusybiscuit.slimefun4.implementation.registration.TestRegistration" time="0"/>
  <testcase name="testNoDisabledItems(SlimefunItem)[508]" classname="io.github.thebusybiscuit.slimefun4.implementation.registration.TestRegistration" time="0"/>
  <testcase name="testNoDisabledItems(SlimefunItem)[509]" classname="io.github.thebusybiscuit.slimefun4.implementation.registration.TestRegistration" time="0"/>
  <testcase name="testNoDisabledItems(SlimefunItem)[510]" classname="io.github.thebusybiscuit.slimefun4.implementation.registration.TestRegistration" time="0"/>
  <testcase name="testNoDisabledItems(SlimefunItem)[511]" classname="io.github.thebusybiscuit.slimefun4.implementation.registration.TestRegistration" time="0"/>
  <testcase name="testNoDisabledItems(SlimefunItem)[512]" classname="io.github.thebusybiscuit.slimefun4.implementation.registration.TestRegistration" time="0"/>
  <testcase name="testNoDisabledItems(SlimefunItem)[513]" classname="io.github.thebusybiscuit.slimefun4.implementation.registration.TestRegistration" time="0"/>
  <testcase name="testNoDisabledItems(SlimefunItem)[514]" classname="io.github.thebusybiscuit.slimefun4.implementation.registration.TestRegistration" time="0"/>
  <testcase name="testNoDisabledItems(SlimefunItem)[515]" classname="io.github.thebusybiscuit.slimefun4.implementation.registration.TestRegistration" time="0"/>
  <testcase name="testNoDisabledItems(SlimefunItem)[516]" classname="io.github.thebusybiscuit.slimefun4.implementation.registration.TestRegistration" time="0"/>
  <testcase name="testNoDisabledItems(SlimefunItem)[517]" classname="io.github.thebusybiscuit.slimefun4.implementation.registration.TestRegistration" time="0"/>
  <testcase name="testNoDisabledItems(SlimefunItem)[518]" classname="io.github.thebusybiscuit.slimefun4.implementation.registration.TestRegistration" time="0"/>
  <testcase name="testNoDisabledItems(SlimefunItem)[519]" classname="io.github.thebusybiscuit.slimefun4.implementation.registration.TestRegistration" time="0"/>
  <testcase name="testNoDisabledItems(SlimefunItem)[520]" classname="io.github.thebusybiscuit.slimefun4.implementation.registration.TestRegistration" time="0"/>
  <testcase name="testNoDisabledItems(SlimefunItem)[521]" classname="io.github.thebusybiscuit.slimefun4.implementation.registration.TestRegistration" time="0"/>
  <testcase name="testNoDisabledItems(SlimefunItem)[522]" classname="io.github.thebusybiscuit.slimefun4.implementation.registration.TestRegistration" time="0"/>
  <testcase name="testNoDisabledItems(SlimefunItem)[523]" classname="io.github.thebusybiscuit.slimefun4.implementation.registration.TestRegistration" time="0"/>
  <testcase name="testNoDisabledItems(SlimefunItem)[524]" classname="io.github.thebusybiscuit.slimefun4.implementation.registration.TestRegistration" time="0"/>
  <testcase name="testNoDisabledItems(SlimefunItem)[525]" classname="io.github.thebusybiscuit.slimefun4.implementation.registration.TestRegistration" time="0"/>
  <testcase name="testNoDisabledItems(SlimefunItem)[526]" classname="io.github.thebusybiscuit.slimefun4.implementation.registration.TestRegistration" time="0"/>
  <testcase name="testNoDisabledItems(SlimefunItem)[527]" classname="io.github.thebusybiscuit.slimefun4.implementation.registration.TestRegistration" time="0"/>
  <testcase name="testNoDisabledItems(SlimefunItem)[528]" classname="io.github.thebusybiscuit.slimefun4.implementation.registration.TestRegistration" time="0"/>
  <testcase name="testNoDisabledItems(SlimefunItem)[529]" classname="io.github.thebusybiscuit.slimefun4.implementation.registration.TestRegistration" time="0.009"/>
  <testcase name="testNoDisabledItems(SlimefunItem)[530]" classname="io.github.thebusybiscuit.slimefun4.implementation.registration.TestRegistration" time="0"/>
  <testcase name="testNoDisabledItems(SlimefunItem)[531]" classname="io.github.thebusybiscuit.slimefun4.implementation.registration.TestRegistration" time="0"/>
  <testcase name="testNoDisabledItems(SlimefunItem)[532]" classname="io.github.thebusybiscuit.slimefun4.implementation.registration.TestRegistration" time="0"/>
  <testcase name="testNoDisabledItems(SlimefunItem)[533]" classname="io.github.thebusybiscuit.slimefun4.implementation.registration.TestRegistration" time="0"/>
  <testcase name="testNoDisabledItems(SlimefunItem)[534]" classname="io.github.thebusybiscuit.slimefun4.implementation.registration.TestRegistration" time="0"/>
  <testcase name="testNoDisabledItems(SlimefunItem)[535]" classname="io.github.thebusybiscuit.slimefun4.implementation.registration.TestRegistration" time="0"/>
  <testcase name="testNoDisabledItems(SlimefunItem)[536]" classname="io.github.thebusybiscuit.slimefun4.implementation.registration.TestRegistration" time="0"/>
  <testcase name="testNoDisabledItems(SlimefunItem)[537]" classname="io.github.thebusybiscuit.slimefun4.implementation.registration.TestRegistration" time="0"/>
  <testcase name="testNoDisabledItems(SlimefunItem)[538]" classname="io.github.thebusybiscuit.slimefun4.implementation.registration.TestRegistration" time="0"/>
  <testcase name="testNoDisabledItems(SlimefunItem)[539]" classname="io.github.thebusybiscuit.slimefun4.implementation.registration.TestRegistration" time="0"/>
  <testcase name="testNoDisabledItems(SlimefunItem)[540]" classname="io.github.thebusybiscuit.slimefun4.implementation.registration.TestRegistration" time="0"/>
  <testcase name="testNoDisabledItems(SlimefunItem)[541]" classname="io.github.thebusybiscuit.slimefun4.implementation.registration.TestRegistration" time="0"/>
  <testcase name="testNoDisabledItems(SlimefunItem)[542]" classname="io.github.thebusybiscuit.slimefun4.implementation.registration.TestRegistration" time="0"/>
  <testcase name="testNoDisabledItems(SlimefunItem)[543]" classname="io.github.thebusybiscuit.slimefun4.implementation.registration.TestRegistration" time="0"/>
  <testcase name="testNoDisabledItems(SlimefunItem)[544]" classname="io.github.thebusybiscuit.slimefun4.implementation.registration.TestRegistration" time="0"/>
  <testcase name="testNoDisabledItems(SlimefunItem)[545]" classname="io.github.thebusybiscuit.slimefun4.implementation.registration.TestRegistration" time="0"/>
  <testcase name="testNoDisabledItems(SlimefunItem)[546]" classname="io.github.thebusybiscuit.slimefun4.implementation.registration.TestRegistration" time="0"/>
  <testcase name="testNoDisabledItems(SlimefunItem)[547]" classname="io.github.thebusybiscuit.slimefun4.implementation.registration.TestRegistration" time="0"/>
  <testcase name="testNoDisabledItems(SlimefunItem)[548]" classname="io.github.thebusybiscuit.slimefun4.implementation.registration.TestRegistration" time="0"/>
  <testcase name="testNoDisabledItems(SlimefunItem)[549]" classname="io.github.thebusybiscuit.slimefun4.implementation.registration.TestRegistration" time="0"/>
  <testcase name="testWikiSetup" classname="io.github.thebusybiscuit.slimefun4.implementation.registration.TestRegistration" time="0.01">
    <system-err><![CDATA[[15:20:30 INFO]: [Slimefun] Loading Wiki pages...
]]></system-err>
  </testcase>
  <testcase name="testItemGroupTranslations" classname="io.github.thebusybiscuit.slimefun4.implementation.registration.TestRegistration" time="0"/>
  <testcase name="testResearchRegistration" classname="io.github.thebusybiscuit.slimefun4.implementation.registration.TestRegistration" time="0"/>
  <testcase name="testPostSetup" classname="io.github.thebusybiscuit.slimefun4.implementation.registration.TestRegistration" time="0.051"/>
  <testcase name="testResearchTranslations" classname="io.github.thebusybiscuit.slimefun4.implementation.registration.TestRegistration" time="0"/>
  <testcase name="testForEmptyResearches(Research)[1]" classname="io.github.thebusybiscuit.slimefun4.implementation.registration.TestRegistration" time="0"/>
  <testcase name="testForEmptyResearches(Research)[2]" classname="io.github.thebusybiscuit.slimefun4.implementation.registration.TestRegistration" time="0"/>
  <testcase name="testForEmptyResearches(Research)[3]" classname="io.github.thebusybiscuit.slimefun4.implementation.registration.TestRegistration" time="0"/>
  <testcase name="testForEmptyResearches(Research)[4]" classname="io.github.thebusybiscuit.slimefun4.implementation.registration.TestRegistration" time="0"/>
  <testcase name="testForEmptyResearches(Research)[5]" classname="io.github.thebusybiscuit.slimefun4.implementation.registration.TestRegistration" time="0"/>
  <testcase name="testForEmptyResearches(Research)[6]" classname="io.github.thebusybiscuit.slimefun4.implementation.registration.TestRegistration" time="0"/>
  <testcase name="testForEmptyResearches(Research)[7]" classname="io.github.thebusybiscuit.slimefun4.implementation.registration.TestRegistration" time="0"/>
  <testcase name="testForEmptyResearches(Research)[8]" classname="io.github.thebusybiscuit.slimefun4.implementation.registration.TestRegistration" time="0"/>
  <testcase name="testForEmptyResearches(Research)[9]" classname="io.github.thebusybiscuit.slimefun4.implementation.registration.TestRegistration" time="0"/>
  <testcase name="testForEmptyResearches(Research)[10]" classname="io.github.thebusybiscuit.slimefun4.implementation.registration.TestRegistration" time="0"/>
  <testcase name="testForEmptyResearches(Research)[11]" classname="io.github.thebusybiscuit.slimefun4.implementation.registration.TestRegistration" time="0"/>
  <testcase name="testForEmptyResearches(Research)[12]" classname="io.github.thebusybiscuit.slimefun4.implementation.registration.TestRegistration" time="0"/>
  <testcase name="testForEmptyResearches(Research)[13]" classname="io.github.thebusybiscuit.slimefun4.implementation.registration.TestRegistration" time="0"/>
  <testcase name="testForEmptyResearches(Research)[14]" classname="io.github.thebusybiscuit.slimefun4.implementation.registration.TestRegistration" time="0"/>
  <testcase name="testForEmptyResearches(Research)[15]" classname="io.github.thebusybiscuit.slimefun4.implementation.registration.TestRegistration" time="0"/>
  <testcase name="testForEmptyResearches(Research)[16]" classname="io.github.thebusybiscuit.slimefun4.implementation.registration.TestRegistration" time="0"/>
  <testcase name="testForEmptyResearches(Research)[17]" classname="io.github.thebusybiscuit.slimefun4.implementation.registration.TestRegistration" time="0"/>
  <testcase name="testForEmptyResearches(Research)[18]" classname="io.github.thebusybiscuit.slimefun4.implementation.registration.TestRegistration" time="0"/>
  <testcase name="testForEmptyResearches(Research)[19]" classname="io.github.thebusybiscuit.slimefun4.implementation.registration.TestRegistration" time="0"/>
  <testcase name="testForEmptyResearches(Research)[20]" classname="io.github.thebusybiscuit.slimefun4.implementation.registration.TestRegistration" time="0"/>
  <testcase name="testForEmptyResearches(Research)[21]" classname="io.github.thebusybiscuit.slimefun4.implementation.registration.TestRegistration" time="0"/>
  <testcase name="testForEmptyResearches(Research)[22]" classname="io.github.thebusybiscuit.slimefun4.implementation.registration.TestRegistration" time="0"/>
  <testcase name="testForEmptyResearches(Research)[23]" classname="io.github.thebusybiscuit.slimefun4.implementation.registration.TestRegistration" time="0"/>
  <testcase name="testForEmptyResearches(Research)[24]" classname="io.github.thebusybiscuit.slimefun4.implementation.registration.TestRegistration" time="0"/>
  <testcase name="testForEmptyResearches(Research)[25]" classname="io.github.thebusybiscuit.slimefun4.implementation.registration.TestRegistration" time="0"/>
  <testcase name="testForEmptyResearches(Research)[26]" classname="io.github.thebusybiscuit.slimefun4.implementation.registration.TestRegistration" time="0"/>
  <testcase name="testForEmptyResearches(Research)[27]" classname="io.github.thebusybiscuit.slimefun4.implementation.registration.TestRegistration" time="0"/>
  <testcase name="testForEmptyResearches(Research)[28]" classname="io.github.thebusybiscuit.slimefun4.implementation.registration.TestRegistration" time="0"/>
  <testcase name="testForEmptyResearches(Research)[29]" classname="io.github.thebusybiscuit.slimefun4.implementation.registration.TestRegistration" time="0"/>
  <testcase name="testForEmptyResearches(Research)[30]" classname="io.github.thebusybiscuit.slimefun4.implementation.registration.TestRegistration" time="0"/>
  <testcase name="testForEmptyResearches(Research)[31]" classname="io.github.thebusybiscuit.slimefun4.implementation.registration.TestRegistration" time="0"/>
  <testcase name="testForEmptyResearches(Research)[32]" classname="io.github.thebusybiscuit.slimefun4.implementation.registration.TestRegistration" time="0"/>
  <testcase name="testForEmptyResearches(Research)[33]" classname="io.github.thebusybiscuit.slimefun4.implementation.registration.TestRegistration" time="0"/>
  <testcase name="testForEmptyResearches(Research)[34]" classname="io.github.thebusybiscuit.slimefun4.implementation.registration.TestRegistration" time="0"/>
  <testcase name="testForEmptyResearches(Research)[35]" classname="io.github.thebusybiscuit.slimefun4.implementation.registration.TestRegistration" time="0"/>
  <testcase name="testForEmptyResearches(Research)[36]" classname="io.github.thebusybiscuit.slimefun4.implementation.registration.TestRegistration" time="0"/>
  <testcase name="testForEmptyResearches(Research)[37]" classname="io.github.thebusybiscuit.slimefun4.implementation.registration.TestRegistration" time="0"/>
  <testcase name="testForEmptyResearches(Research)[38]" classname="io.github.thebusybiscuit.slimefun4.implementation.registration.TestRegistration" time="0"/>
  <testcase name="testForEmptyResearches(Research)[39]" classname="io.github.thebusybiscuit.slimefun4.implementation.registration.TestRegistration" time="0"/>
  <testcase name="testForEmptyResearches(Research)[40]" classname="io.github.thebusybiscuit.slimefun4.implementation.registration.TestRegistration" time="0"/>
  <testcase name="testForEmptyResearches(Research)[41]" classname="io.github.thebusybiscuit.slimefun4.implementation.registration.TestRegistration" time="0"/>
  <testcase name="testForEmptyResearches(Research)[42]" classname="io.github.thebusybiscuit.slimefun4.implementation.registration.TestRegistration" time="0"/>
  <testcase name="testForEmptyResearches(Research)[43]" classname="io.github.thebusybiscuit.slimefun4.implementation.registration.TestRegistration" time="0"/>
  <testcase name="testForEmptyResearches(Research)[44]" classname="io.github.thebusybiscuit.slimefun4.implementation.registration.TestRegistration" time="0"/>
  <testcase name="testForEmptyResearches(Research)[45]" classname="io.github.thebusybiscuit.slimefun4.implementation.registration.TestRegistration" time="0"/>
  <testcase name="testForEmptyResearches(Research)[46]" classname="io.github.thebusybiscuit.slimefun4.implementation.registration.TestRegistration" time="0"/>
  <testcase name="testForEmptyResearches(Research)[47]" classname="io.github.thebusybiscuit.slimefun4.implementation.registration.TestRegistration" time="0"/>
  <testcase name="testForEmptyResearches(Research)[48]" classname="io.github.thebusybiscuit.slimefun4.implementation.registration.TestRegistration" time="0"/>
  <testcase name="testForEmptyResearches(Research)[49]" classname="io.github.thebusybiscuit.slimefun4.implementation.registration.TestRegistration" time="0"/>
  <testcase name="testForEmptyResearches(Research)[50]" classname="io.github.thebusybiscuit.slimefun4.implementation.registration.TestRegistration" time="0"/>
  <testcase name="testForEmptyResearches(Research)[51]" classname="io.github.thebusybiscuit.slimefun4.implementation.registration.TestRegistration" time="0"/>
  <testcase name="testForEmptyResearches(Research)[52]" classname="io.github.thebusybiscuit.slimefun4.implementation.registration.TestRegistration" time="0"/>
  <testcase name="testForEmptyResearches(Research)[53]" classname="io.github.thebusybiscuit.slimefun4.implementation.registration.TestRegistration" time="0"/>
  <testcase name="testForEmptyResearches(Research)[54]" classname="io.github.thebusybiscuit.slimefun4.implementation.registration.TestRegistration" time="0"/>
  <testcase name="testForEmptyResearches(Research)[55]" classname="io.github.thebusybiscuit.slimefun4.implementation.registration.TestRegistration" time="0"/>
  <testcase name="testForEmptyResearches(Research)[56]" classname="io.github.thebusybiscuit.slimefun4.implementation.registration.TestRegistration" time="0"/>
  <testcase name="testForEmptyResearches(Research)[57]" classname="io.github.thebusybiscuit.slimefun4.implementation.registration.TestRegistration" time="0"/>
  <testcase name="testForEmptyResearches(Research)[58]" classname="io.github.thebusybiscuit.slimefun4.implementation.registration.TestRegistration" time="0"/>
  <testcase name="testForEmptyResearches(Research)[59]" classname="io.github.thebusybiscuit.slimefun4.implementation.registration.TestRegistration" time="0"/>
  <testcase name="testForEmptyResearches(Research)[60]" classname="io.github.thebusybiscuit.slimefun4.implementation.registration.TestRegistration" time="0"/>
  <testcase name="testForEmptyResearches(Research)[61]" classname="io.github.thebusybiscuit.slimefun4.implementation.registration.TestRegistration" time="0"/>
  <testcase name="testForEmptyResearches(Research)[62]" classname="io.github.thebusybiscuit.slimefun4.implementation.registration.TestRegistration" time="0"/>
  <testcase name="testForEmptyResearches(Research)[63]" classname="io.github.thebusybiscuit.slimefun4.implementation.registration.TestRegistration" time="0"/>
  <testcase name="testForEmptyResearches(Research)[64]" classname="io.github.thebusybiscuit.slimefun4.implementation.registration.TestRegistration" time="0"/>
  <testcase name="testForEmptyResearches(Research)[65]" classname="io.github.thebusybiscuit.slimefun4.implementation.registration.TestRegistration" time="0"/>
  <testcase name="testForEmptyResearches(Research)[66]" classname="io.github.thebusybiscuit.slimefun4.implementation.registration.TestRegistration" time="0"/>
  <testcase name="testForEmptyResearches(Research)[67]" classname="io.github.thebusybiscuit.slimefun4.implementation.registration.TestRegistration" time="0"/>
  <testcase name="testForEmptyResearches(Research)[68]" classname="io.github.thebusybiscuit.slimefun4.implementation.registration.TestRegistration" time="0"/>
  <testcase name="testForEmptyResearches(Research)[69]" classname="io.github.thebusybiscuit.slimefun4.implementation.registration.TestRegistration" time="0"/>
  <testcase name="testForEmptyResearches(Research)[70]" classname="io.github.thebusybiscuit.slimefun4.implementation.registration.TestRegistration" time="0"/>
  <testcase name="testForEmptyResearches(Research)[71]" classname="io.github.thebusybiscuit.slimefun4.implementation.registration.TestRegistration" time="0"/>
  <testcase name="testForEmptyResearches(Research)[72]" classname="io.github.thebusybiscuit.slimefun4.implementation.registration.TestRegistration" time="0"/>
  <testcase name="testForEmptyResearches(Research)[73]" classname="io.github.thebusybiscuit.slimefun4.implementation.registration.TestRegistration" time="0"/>
  <testcase name="testForEmptyResearches(Research)[74]" classname="io.github.thebusybiscuit.slimefun4.implementation.registration.TestRegistration" time="0"/>
  <testcase name="testForEmptyResearches(Research)[75]" classname="io.github.thebusybiscuit.slimefun4.implementation.registration.TestRegistration" time="0"/>
  <testcase name="testForEmptyResearches(Research)[76]" classname="io.github.thebusybiscuit.slimefun4.implementation.registration.TestRegistration" time="0"/>
  <testcase name="testForEmptyResearches(Research)[77]" classname="io.github.thebusybiscuit.slimefun4.implementation.registration.TestRegistration" time="0"/>
  <testcase name="testForEmptyResearches(Research)[78]" classname="io.github.thebusybiscuit.slimefun4.implementation.registration.TestRegistration" time="0"/>
  <testcase name="testForEmptyResearches(Research)[79]" classname="io.github.thebusybiscuit.slimefun4.implementation.registration.TestRegistration" time="0"/>
  <testcase name="testForEmptyResearches(Research)[80]" classname="io.github.thebusybiscuit.slimefun4.implementation.registration.TestRegistration" time="0"/>
  <testcase name="testForEmptyResearches(Research)[81]" classname="io.github.thebusybiscuit.slimefun4.implementation.registration.TestRegistration" time="0"/>
  <testcase name="testForEmptyResearches(Research)[82]" classname="io.github.thebusybiscuit.slimefun4.implementation.registration.TestRegistration" time="0"/>
  <testcase name="testForEmptyResearches(Research)[83]" classname="io.github.thebusybiscuit.slimefun4.implementation.registration.TestRegistration" time="0"/>
  <testcase name="testForEmptyResearches(Research)[84]" classname="io.github.thebusybiscuit.slimefun4.implementation.registration.TestRegistration" time="0"/>
  <testcase name="testForEmptyResearches(Research)[85]" classname="io.github.thebusybiscuit.slimefun4.implementation.registration.TestRegistration" time="0"/>
  <testcase name="testForEmptyResearches(Research)[86]" classname="io.github.thebusybiscuit.slimefun4.implementation.registration.TestRegistration" time="0"/>
  <testcase name="testForEmptyResearches(Research)[87]" classname="io.github.thebusybiscuit.slimefun4.implementation.registration.TestRegistration" time="0"/>
  <testcase name="testForEmptyResearches(Research)[88]" classname="io.github.thebusybiscuit.slimefun4.implementation.registration.TestRegistration" time="0"/>
  <testcase name="testForEmptyResearches(Research)[89]" classname="io.github.thebusybiscuit.slimefun4.implementation.registration.TestRegistration" time="0"/>
  <testcase name="testForEmptyResearches(Research)[90]" classname="io.github.thebusybiscuit.slimefun4.implementation.registration.TestRegistration" time="0"/>
  <testcase name="testForEmptyResearches(Research)[91]" classname="io.github.thebusybiscuit.slimefun4.implementation.registration.TestRegistration" time="0"/>
  <testcase name="testForEmptyResearches(Research)[92]" classname="io.github.thebusybiscuit.slimefun4.implementation.registration.TestRegistration" time="0.01"/>
  <testcase name="testForEmptyResearches(Research)[93]" classname="io.github.thebusybiscuit.slimefun4.implementation.registration.TestRegistration" time="0"/>
  <testcase name="testForEmptyResearches(Research)[94]" classname="io.github.thebusybiscuit.slimefun4.implementation.registration.TestRegistration" time="0"/>
  <testcase name="testForEmptyResearches(Research)[95]" classname="io.github.thebusybiscuit.slimefun4.implementation.registration.TestRegistration" time="0"/>
  <testcase name="testForEmptyResearches(Research)[96]" classname="io.github.thebusybiscuit.slimefun4.implementation.registration.TestRegistration" time="0"/>
  <testcase name="testForEmptyResearches(Research)[97]" classname="io.github.thebusybiscuit.slimefun4.implementation.registration.TestRegistration" time="0"/>
  <testcase name="testForEmptyResearches(Research)[98]" classname="io.github.thebusybiscuit.slimefun4.implementation.registration.TestRegistration" time="0"/>
  <testcase name="testForEmptyResearches(Research)[99]" classname="io.github.thebusybiscuit.slimefun4.implementation.registration.TestRegistration" time="0"/>
  <testcase name="testForEmptyResearches(Research)[100]" classname="io.github.thebusybiscuit.slimefun4.implementation.registration.TestRegistration" time="0"/>
  <testcase name="testForEmptyResearches(Research)[101]" classname="io.github.thebusybiscuit.slimefun4.implementation.registration.TestRegistration" time="0"/>
  <testcase name="testForEmptyResearches(Research)[102]" classname="io.github.thebusybiscuit.slimefun4.implementation.registration.TestRegistration" time="0"/>
  <testcase name="testForEmptyResearches(Research)[103]" classname="io.github.thebusybiscuit.slimefun4.implementation.registration.TestRegistration" time="0"/>
  <testcase name="testForEmptyResearches(Research)[104]" classname="io.github.thebusybiscuit.slimefun4.implementation.registration.TestRegistration" time="0"/>
  <testcase name="testForEmptyResearches(Research)[105]" classname="io.github.thebusybiscuit.slimefun4.implementation.registration.TestRegistration" time="0"/>
  <testcase name="testForEmptyResearches(Research)[106]" classname="io.github.thebusybiscuit.slimefun4.implementation.registration.TestRegistration" time="0"/>
  <testcase name="testForEmptyResearches(Research)[107]" classname="io.github.thebusybiscuit.slimefun4.implementation.registration.TestRegistration" time="0"/>
  <testcase name="testForEmptyResearches(Research)[108]" classname="io.github.thebusybiscuit.slimefun4.implementation.registration.TestRegistration" time="0"/>
  <testcase name="testForEmptyResearches(Research)[109]" classname="io.github.thebusybiscuit.slimefun4.implementation.registration.TestRegistration" time="0"/>
  <testcase name="testForEmptyResearches(Research)[110]" classname="io.github.thebusybiscuit.slimefun4.implementation.registration.TestRegistration" time="0"/>
  <testcase name="testForEmptyResearches(Research)[111]" classname="io.github.thebusybiscuit.slimefun4.implementation.registration.TestRegistration" time="0"/>
  <testcase name="testForEmptyResearches(Research)[112]" classname="io.github.thebusybiscuit.slimefun4.implementation.registration.TestRegistration" time="0"/>
  <testcase name="testForEmptyResearches(Research)[113]" classname="io.github.thebusybiscuit.slimefun4.implementation.registration.TestRegistration" time="0"/>
  <testcase name="testForEmptyResearches(Research)[114]" classname="io.github.thebusybiscuit.slimefun4.implementation.registration.TestRegistration" time="0"/>
  <testcase name="testForEmptyResearches(Research)[115]" classname="io.github.thebusybiscuit.slimefun4.implementation.registration.TestRegistration" time="0"/>
  <testcase name="testForEmptyResearches(Research)[116]" classname="io.github.thebusybiscuit.slimefun4.implementation.registration.TestRegistration" time="0"/>
  <testcase name="testForEmptyResearches(Research)[117]" classname="io.github.thebusybiscuit.slimefun4.implementation.registration.TestRegistration" time="0"/>
  <testcase name="testForEmptyResearches(Research)[118]" classname="io.github.thebusybiscuit.slimefun4.implementation.registration.TestRegistration" time="0"/>
  <testcase name="testForEmptyResearches(Research)[119]" classname="io.github.thebusybiscuit.slimefun4.implementation.registration.TestRegistration" time="0"/>
  <testcase name="testForEmptyResearches(Research)[120]" classname="io.github.thebusybiscuit.slimefun4.implementation.registration.TestRegistration" time="0"/>
  <testcase name="testForEmptyResearches(Research)[121]" classname="io.github.thebusybiscuit.slimefun4.implementation.registration.TestRegistration" time="0"/>
  <testcase name="testForEmptyResearches(Research)[122]" classname="io.github.thebusybiscuit.slimefun4.implementation.registration.TestRegistration" time="0"/>
  <testcase name="testForEmptyResearches(Research)[123]" classname="io.github.thebusybiscuit.slimefun4.implementation.registration.TestRegistration" time="0"/>
  <testcase name="testForEmptyResearches(Research)[124]" classname="io.github.thebusybiscuit.slimefun4.implementation.registration.TestRegistration" time="0"/>
  <testcase name="testForEmptyResearches(Research)[125]" classname="io.github.thebusybiscuit.slimefun4.implementation.registration.TestRegistration" time="0"/>
  <testcase name="testForEmptyResearches(Research)[126]" classname="io.github.thebusybiscuit.slimefun4.implementation.registration.TestRegistration" time="0"/>
  <testcase name="testForEmptyResearches(Research)[127]" classname="io.github.thebusybiscuit.slimefun4.implementation.registration.TestRegistration" time="0"/>
  <testcase name="testForEmptyResearches(Research)[128]" classname="io.github.thebusybiscuit.slimefun4.implementation.registration.TestRegistration" time="0"/>
  <testcase name="testForEmptyResearches(Research)[129]" classname="io.github.thebusybiscuit.slimefun4.implementation.registration.TestRegistration" time="0"/>
  <testcase name="testForEmptyResearches(Research)[130]" classname="io.github.thebusybiscuit.slimefun4.implementation.registration.TestRegistration" time="0"/>
  <testcase name="testForEmptyResearches(Research)[131]" classname="io.github.thebusybiscuit.slimefun4.implementation.registration.TestRegistration" time="0"/>
  <testcase name="testForEmptyResearches(Research)[132]" classname="io.github.thebusybiscuit.slimefun4.implementation.registration.TestRegistration" time="0"/>
  <testcase name="testForEmptyResearches(Research)[133]" classname="io.github.thebusybiscuit.slimefun4.implementation.registration.TestRegistration" time="0"/>
  <testcase name="testForEmptyResearches(Research)[134]" classname="io.github.thebusybiscuit.slimefun4.implementation.registration.TestRegistration" time="0"/>
  <testcase name="testForEmptyResearches(Research)[135]" classname="io.github.thebusybiscuit.slimefun4.implementation.registration.TestRegistration" time="0"/>
  <testcase name="testForEmptyResearches(Research)[136]" classname="io.github.thebusybiscuit.slimefun4.implementation.registration.TestRegistration" time="0"/>
  <testcase name="testForEmptyResearches(Research)[137]" classname="io.github.thebusybiscuit.slimefun4.implementation.registration.TestRegistration" time="0"/>
  <testcase name="testForEmptyResearches(Research)[138]" classname="io.github.thebusybiscuit.slimefun4.implementation.registration.TestRegistration" time="0"/>
  <testcase name="testForEmptyResearches(Research)[139]" classname="io.github.thebusybiscuit.slimefun4.implementation.registration.TestRegistration" time="0.01"/>
  <testcase name="testForEmptyResearches(Research)[140]" classname="io.github.thebusybiscuit.slimefun4.implementation.registration.TestRegistration" time="0"/>
  <testcase name="testForEmptyResearches(Research)[141]" classname="io.github.thebusybiscuit.slimefun4.implementation.registration.TestRegistration" time="0"/>
  <testcase name="testForEmptyResearches(Research)[142]" classname="io.github.thebusybiscuit.slimefun4.implementation.registration.TestRegistration" time="0"/>
  <testcase name="testForEmptyResearches(Research)[143]" classname="io.github.thebusybiscuit.slimefun4.implementation.registration.TestRegistration" time="0"/>
  <testcase name="testForEmptyResearches(Research)[144]" classname="io.github.thebusybiscuit.slimefun4.implementation.registration.TestRegistration" time="0"/>
  <testcase name="testForEmptyResearches(Research)[145]" classname="io.github.thebusybiscuit.slimefun4.implementation.registration.TestRegistration" time="0"/>
  <testcase name="testForEmptyResearches(Research)[146]" classname="io.github.thebusybiscuit.slimefun4.implementation.registration.TestRegistration" time="0"/>
  <testcase name="testForEmptyResearches(Research)[147]" classname="io.github.thebusybiscuit.slimefun4.implementation.registration.TestRegistration" time="0"/>
  <testcase name="testForEmptyResearches(Research)[148]" classname="io.github.thebusybiscuit.slimefun4.implementation.registration.TestRegistration" time="0"/>
  <testcase name="testForEmptyResearches(Research)[149]" classname="io.github.thebusybiscuit.slimefun4.implementation.registration.TestRegistration" time="0"/>
  <testcase name="testForEmptyResearches(Research)[150]" classname="io.github.thebusybiscuit.slimefun4.implementation.registration.TestRegistration" time="0"/>
  <testcase name="testForEmptyResearches(Research)[151]" classname="io.github.thebusybiscuit.slimefun4.implementation.registration.TestRegistration" time="0"/>
  <testcase name="testForEmptyResearches(Research)[152]" classname="io.github.thebusybiscuit.slimefun4.implementation.registration.TestRegistration" time="0"/>
  <testcase name="testForEmptyResearches(Research)[153]" classname="io.github.thebusybiscuit.slimefun4.implementation.registration.TestRegistration" time="0"/>
  <testcase name="testForEmptyResearches(Research)[154]" classname="io.github.thebusybiscuit.slimefun4.implementation.registration.TestRegistration" time="0"/>
  <testcase name="testForEmptyResearches(Research)[155]" classname="io.github.thebusybiscuit.slimefun4.implementation.registration.TestRegistration" time="0"/>
  <testcase name="testForEmptyResearches(Research)[156]" classname="io.github.thebusybiscuit.slimefun4.implementation.registration.TestRegistration" time="0"/>
  <testcase name="testForEmptyResearches(Research)[157]" classname="io.github.thebusybiscuit.slimefun4.implementation.registration.TestRegistration" time="0"/>
  <testcase name="testForEmptyResearches(Research)[158]" classname="io.github.thebusybiscuit.slimefun4.implementation.registration.TestRegistration" time="0"/>
  <testcase name="testForEmptyResearches(Research)[159]" classname="io.github.thebusybiscuit.slimefun4.implementation.registration.TestRegistration" time="0"/>
  <testcase name="testForEmptyResearches(Research)[160]" classname="io.github.thebusybiscuit.slimefun4.implementation.registration.TestRegistration" time="0"/>
  <testcase name="testForEmptyResearches(Research)[161]" classname="io.github.thebusybiscuit.slimefun4.implementation.registration.TestRegistration" time="0"/>
  <testcase name="testForEmptyResearches(Research)[162]" classname="io.github.thebusybiscuit.slimefun4.implementation.registration.TestRegistration" time="0"/>
  <testcase name="testForEmptyResearches(Research)[163]" classname="io.github.thebusybiscuit.slimefun4.implementation.registration.TestRegistration" time="0"/>
  <testcase name="testForEmptyResearches(Research)[164]" classname="io.github.thebusybiscuit.slimefun4.implementation.registration.TestRegistration" time="0"/>
  <testcase name="testForEmptyResearches(Research)[165]" classname="io.github.thebusybiscuit.slimefun4.implementation.registration.TestRegistration" time="0"/>
  <testcase name="testForEmptyResearches(Research)[166]" classname="io.github.thebusybiscuit.slimefun4.implementation.registration.TestRegistration" time="0"/>
  <testcase name="testForEmptyResearches(Research)[167]" classname="io.github.thebusybiscuit.slimefun4.implementation.registration.TestRegistration" time="0"/>
  <testcase name="testForEmptyResearches(Research)[168]" classname="io.github.thebusybiscuit.slimefun4.implementation.registration.TestRegistration" time="0"/>
  <testcase name="testForEmptyResearches(Research)[169]" classname="io.github.thebusybiscuit.slimefun4.implementation.registration.TestRegistration" time="0"/>
  <testcase name="testForEmptyResearches(Research)[170]" classname="io.github.thebusybiscuit.slimefun4.implementation.registration.TestRegistration" time="0"/>
  <testcase name="testForEmptyResearches(Research)[171]" classname="io.github.thebusybiscuit.slimefun4.implementation.registration.TestRegistration" time="0"/>
  <testcase name="testForEmptyResearches(Research)[172]" classname="io.github.thebusybiscuit.slimefun4.implementation.registration.TestRegistration" time="0"/>
  <testcase name="testForEmptyResearches(Research)[173]" classname="io.github.thebusybiscuit.slimefun4.implementation.registration.TestRegistration" time="0"/>
  <testcase name="testForEmptyResearches(Research)[174]" classname="io.github.thebusybiscuit.slimefun4.implementation.registration.TestRegistration" time="0"/>
  <testcase name="testForEmptyResearches(Research)[175]" classname="io.github.thebusybiscuit.slimefun4.implementation.registration.TestRegistration" time="0"/>
  <testcase name="testForEmptyResearches(Research)[176]" classname="io.github.thebusybiscuit.slimefun4.implementation.registration.TestRegistration" time="0"/>
  <testcase name="testForEmptyResearches(Research)[177]" classname="io.github.thebusybiscuit.slimefun4.implementation.registration.TestRegistration" time="0"/>
  <testcase name="testForEmptyResearches(Research)[178]" classname="io.github.thebusybiscuit.slimefun4.implementation.registration.TestRegistration" time="0"/>
  <testcase name="testForEmptyResearches(Research)[179]" classname="io.github.thebusybiscuit.slimefun4.implementation.registration.TestRegistration" time="0"/>
  <testcase name="testForEmptyResearches(Research)[180]" classname="io.github.thebusybiscuit.slimefun4.implementation.registration.TestRegistration" time="0"/>
  <testcase name="testForEmptyResearches(Research)[181]" classname="io.github.thebusybiscuit.slimefun4.implementation.registration.TestRegistration" time="0"/>
  <testcase name="testForEmptyResearches(Research)[182]" classname="io.github.thebusybiscuit.slimefun4.implementation.registration.TestRegistration" time="0"/>
  <testcase name="testForEmptyResearches(Research)[183]" classname="io.github.thebusybiscuit.slimefun4.implementation.registration.TestRegistration" time="0"/>
  <testcase name="testForEmptyResearches(Research)[184]" classname="io.github.thebusybiscuit.slimefun4.implementation.registration.TestRegistration" time="0"/>
  <testcase name="testForEmptyResearches(Research)[185]" classname="io.github.thebusybiscuit.slimefun4.implementation.registration.TestRegistration" time="0"/>
  <testcase name="testForEmptyResearches(Research)[186]" classname="io.github.thebusybiscuit.slimefun4.implementation.registration.TestRegistration" time="0"/>
  <testcase name="testForEmptyResearches(Research)[187]" classname="io.github.thebusybiscuit.slimefun4.implementation.registration.TestRegistration" time="0"/>
  <testcase name="testForEmptyResearches(Research)[188]" classname="io.github.thebusybiscuit.slimefun4.implementation.registration.TestRegistration" time="0"/>
  <testcase name="testForEmptyResearches(Research)[189]" classname="io.github.thebusybiscuit.slimefun4.implementation.registration.TestRegistration" time="0"/>
  <testcase name="testForEmptyResearches(Research)[190]" classname="io.github.thebusybiscuit.slimefun4.implementation.registration.TestRegistration" time="0"/>
  <testcase name="testForEmptyResearches(Research)[191]" classname="io.github.thebusybiscuit.slimefun4.implementation.registration.TestRegistration" time="0"/>
  <testcase name="testForEmptyResearches(Research)[192]" classname="io.github.thebusybiscuit.slimefun4.implementation.registration.TestRegistration" time="0"/>
  <testcase name="testForEmptyResearches(Research)[193]" classname="io.github.thebusybiscuit.slimefun4.implementation.registration.TestRegistration" time="0"/>
  <testcase name="testForEmptyResearches(Research)[194]" classname="io.github.thebusybiscuit.slimefun4.implementation.registration.TestRegistration" time="0"/>
  <testcase name="testForEmptyResearches(Research)[195]" classname="io.github.thebusybiscuit.slimefun4.implementation.registration.TestRegistration" time="0"/>
  <testcase name="testForEmptyResearches(Research)[196]" classname="io.github.thebusybiscuit.slimefun4.implementation.registration.TestRegistration" time="0"/>
  <testcase name="testForEmptyResearches(Research)[197]" classname="io.github.thebusybiscuit.slimefun4.implementation.registration.TestRegistration" time="0"/>
  <testcase name="testForEmptyResearches(Research)[198]" classname="io.github.thebusybiscuit.slimefun4.implementation.registration.TestRegistration" time="0"/>
  <testcase name="testForEmptyResearches(Research)[199]" classname="io.github.thebusybiscuit.slimefun4.implementation.registration.TestRegistration" time="0"/>
  <testcase name="testForEmptyResearches(Research)[200]" classname="io.github.thebusybiscuit.slimefun4.implementation.registration.TestRegistration" time="0"/>
  <testcase name="testForEmptyResearches(Research)[201]" classname="io.github.thebusybiscuit.slimefun4.implementation.registration.TestRegistration" time="0"/>
  <testcase name="testForEmptyResearches(Research)[202]" classname="io.github.thebusybiscuit.slimefun4.implementation.registration.TestRegistration" time="0"/>
  <testcase name="testForEmptyResearches(Research)[203]" classname="io.github.thebusybiscuit.slimefun4.implementation.registration.TestRegistration" time="0"/>
  <testcase name="testForEmptyResearches(Research)[204]" classname="io.github.thebusybiscuit.slimefun4.implementation.registration.TestRegistration" time="0"/>
  <testcase name="testForEmptyResearches(Research)[205]" classname="io.github.thebusybiscuit.slimefun4.implementation.registration.TestRegistration" time="0"/>
  <testcase name="testForEmptyResearches(Research)[206]" classname="io.github.thebusybiscuit.slimefun4.implementation.registration.TestRegistration" time="0"/>
  <testcase name="testForEmptyResearches(Research)[207]" classname="io.github.thebusybiscuit.slimefun4.implementation.registration.TestRegistration" time="0"/>
  <testcase name="testForEmptyResearches(Research)[208]" classname="io.github.thebusybiscuit.slimefun4.implementation.registration.TestRegistration" time="0"/>
  <testcase name="testForEmptyResearches(Research)[209]" classname="io.github.thebusybiscuit.slimefun4.implementation.registration.TestRegistration" time="0"/>
  <testcase name="testForEmptyResearches(Research)[210]" classname="io.github.thebusybiscuit.slimefun4.implementation.registration.TestRegistration" time="0"/>
  <testcase name="testForEmptyResearches(Research)[211]" classname="io.github.thebusybiscuit.slimefun4.implementation.registration.TestRegistration" time="0"/>
  <testcase name="testForEmptyResearches(Research)[212]" classname="io.github.thebusybiscuit.slimefun4.implementation.registration.TestRegistration" time="0"/>
  <testcase name="testForEmptyResearches(Research)[213]" classname="io.github.thebusybiscuit.slimefun4.implementation.registration.TestRegistration" time="0"/>
  <testcase name="testForEmptyResearches(Research)[214]" classname="io.github.thebusybiscuit.slimefun4.implementation.registration.TestRegistration" time="0"/>
  <testcase name="testForEmptyResearches(Research)[215]" classname="io.github.thebusybiscuit.slimefun4.implementation.registration.TestRegistration" time="0"/>
  <testcase name="testForEmptyResearches(Research)[216]" classname="io.github.thebusybiscuit.slimefun4.implementation.registration.TestRegistration" time="0"/>
  <testcase name="testForEmptyResearches(Research)[217]" classname="io.github.thebusybiscuit.slimefun4.implementation.registration.TestRegistration" time="0"/>
  <testcase name="testForEmptyResearches(Research)[218]" classname="io.github.thebusybiscuit.slimefun4.implementation.registration.TestRegistration" time="0"/>
  <testcase name="testForEmptyResearches(Research)[219]" classname="io.github.thebusybiscuit.slimefun4.implementation.registration.TestRegistration" time="0"/>
  <testcase name="testForEmptyResearches(Research)[220]" classname="io.github.thebusybiscuit.slimefun4.implementation.registration.TestRegistration" time="0"/>
  <testcase name="testForEmptyResearches(Research)[221]" classname="io.github.thebusybiscuit.slimefun4.implementation.registration.TestRegistration" time="0"/>
  <testcase name="testForEmptyResearches(Research)[222]" classname="io.github.thebusybiscuit.slimefun4.implementation.registration.TestRegistration" time="0"/>
  <testcase name="testForEmptyResearches(Research)[223]" classname="io.github.thebusybiscuit.slimefun4.implementation.registration.TestRegistration" time="0"/>
  <testcase name="testForEmptyResearches(Research)[224]" classname="io.github.thebusybiscuit.slimefun4.implementation.registration.TestRegistration" time="0"/>
  <testcase name="testForEmptyResearches(Research)[225]" classname="io.github.thebusybiscuit.slimefun4.implementation.registration.TestRegistration" time="0"/>
  <testcase name="testForEmptyResearches(Research)[226]" classname="io.github.thebusybiscuit.slimefun4.implementation.registration.TestRegistration" time="0"/>
  <testcase name="testForEmptyResearches(Research)[227]" classname="io.github.thebusybiscuit.slimefun4.implementation.registration.TestRegistration" time="0"/>
  <testcase name="testForEmptyResearches(Research)[228]" classname="io.github.thebusybiscuit.slimefun4.implementation.registration.TestRegistration" time="0"/>
  <testcase name="testForEmptyResearches(Research)[229]" classname="io.github.thebusybiscuit.slimefun4.implementation.registration.TestRegistration" time="0"/>
  <testcase name="testForEmptyResearches(Research)[230]" classname="io.github.thebusybiscuit.slimefun4.implementation.registration.TestRegistration" time="0"/>
  <testcase name="testForEmptyResearches(Research)[231]" classname="io.github.thebusybiscuit.slimefun4.implementation.registration.TestRegistration" time="0"/>
  <testcase name="testForEmptyResearches(Research)[232]" classname="io.github.thebusybiscuit.slimefun4.implementation.registration.TestRegistration" time="0"/>
  <testcase name="testForEmptyResearches(Research)[233]" classname="io.github.thebusybiscuit.slimefun4.implementation.registration.TestRegistration" time="0"/>
  <testcase name="testForEmptyResearches(Research)[234]" classname="io.github.thebusybiscuit.slimefun4.implementation.registration.TestRegistration" time="0"/>
  <testcase name="testForEmptyResearches(Research)[235]" classname="io.github.thebusybiscuit.slimefun4.implementation.registration.TestRegistration" time="0"/>
  <testcase name="testForEmptyResearches(Research)[236]" classname="io.github.thebusybiscuit.slimefun4.implementation.registration.TestRegistration" time="0"/>
  <testcase name="testForEmptyResearches(Research)[237]" classname="io.github.thebusybiscuit.slimefun4.implementation.registration.TestRegistration" time="0"/>
  <testcase name="testForEmptyResearches(Research)[238]" classname="io.github.thebusybiscuit.slimefun4.implementation.registration.TestRegistration" time="0"/>
  <testcase name="testForEmptyResearches(Research)[239]" classname="io.github.thebusybiscuit.slimefun4.implementation.registration.TestRegistration" time="0"/>
  <testcase name="testForEmptyResearches(Research)[240]" classname="io.github.thebusybiscuit.slimefun4.implementation.registration.TestRegistration" time="0"/>
  <testcase name="testForEmptyResearches(Research)[241]" classname="io.github.thebusybiscuit.slimefun4.implementation.registration.TestRegistration" time="0"/>
  <testcase name="testForEmptyResearches(Research)[242]" classname="io.github.thebusybiscuit.slimefun4.implementation.registration.TestRegistration" time="0"/>
  <testcase name="testForEmptyResearches(Research)[243]" classname="io.github.thebusybiscuit.slimefun4.implementation.registration.TestRegistration" time="0"/>
  <testcase name="testForEmptyResearches(Research)[244]" classname="io.github.thebusybiscuit.slimefun4.implementation.registration.TestRegistration" time="0"/>
  <testcase name="testForEmptyResearches(Research)[245]" classname="io.github.thebusybiscuit.slimefun4.implementation.registration.TestRegistration" time="0"/>
  <testcase name="testForEmptyResearches(Research)[246]" classname="io.github.thebusybiscuit.slimefun4.implementation.registration.TestRegistration" time="0"/>
  <testcase name="testForEmptyResearches(Research)[247]" classname="io.github.thebusybiscuit.slimefun4.implementation.registration.TestRegistration" time="0"/>
  <testcase name="testForEmptyResearches(Research)[248]" classname="io.github.thebusybiscuit.slimefun4.implementation.registration.TestRegistration" time="0"/>
  <testcase name="testForEmptyResearches(Research)[249]" classname="io.github.thebusybiscuit.slimefun4.implementation.registration.TestRegistration" time="0"/>
  <testcase name="testForEmptyResearches(Research)[250]" classname="io.github.thebusybiscuit.slimefun4.implementation.registration.TestRegistration" time="0"/>
  <testcase name="testForEmptyResearches(Research)[251]" classname="io.github.thebusybiscuit.slimefun4.implementation.registration.TestRegistration" time="0"/>
  <testcase name="testForEmptyResearches(Research)[252]" classname="io.github.thebusybiscuit.slimefun4.implementation.registration.TestRegistration" time="0"/>
  <testcase name="testForEmptyResearches(Research)[253]" classname="io.github.thebusybiscuit.slimefun4.implementation.registration.TestRegistration" time="0"/>
  <testcase name="testForEmptyResearches(Research)[254]" classname="io.github.thebusybiscuit.slimefun4.implementation.registration.TestRegistration" time="0"/>
  <testcase name="testForEmptyResearches(Research)[255]" classname="io.github.thebusybiscuit.slimefun4.implementation.registration.TestRegistration" time="0"/>
  <testcase name="testForEmptyResearches(Research)[256]" classname="io.github.thebusybiscuit.slimefun4.implementation.registration.TestRegistration" time="0"/>
  <testcase name="testForEmptyResearches(Research)[257]" classname="io.github.thebusybiscuit.slimefun4.implementation.registration.TestRegistration" time="0"/>
</testsuite>