<?xml version="1.0" encoding="UTF-8"?>
<testsuite xmlns:xsi="http://www.w3.org/2001/XMLSchema-instance" xsi:noNamespaceSchemaLocation="https://maven.apache.org/surefire/maven-surefire-plugin/xsd/surefire-test-report-3.0.xsd" version="3.0" name="io.github.thebusybiscuit.slimefun4.core.services.localization.TestSlimefunSpelling" time="0.21" tests="210" errors="0" skipped="0" failures="0">
  <properties>
    <property name="java.specification.version" value="18"/>
    <property name="sun.cpu.isalist" value="amd64"/>
    <property name="sun.jnu.encoding" value="Cp1252"/>
    <property name="java.class.path" value="D:\Development\NetBeansProjects\Slimefun4\target\test-classes;D:\Development\NetBeansProjects\Slimefun4\target\classes;C:\Users\nac34\.m2\repository\org\spigotmc\spigot-api\1.19-R0.1-SNAPSHOT\spigot-api-1.19-R0.1-SNAPSHOT.jar;C:\Users\nac34\.m2\repository\com\google\guava\guava\31.0.1-jre\guava-31.0.1-jre.jar;C:\Users\nac34\.m2\repository\com\google\guava\failureaccess\1.0.1\failureaccess-1.0.1.jar;C:\Users\nac34\.m2\repository\com\google\guava\listenablefuture\9999.0-empty-to-avoid-conflict-with-guava\listenablefuture-9999.0-empty-to-avoid-conflict-with-guava.jar;C:\Users\nac34\.m2\repository\org\checkerframework\checker-qual\3.12.0\checker-qual-3.12.0.jar;C:\Users\nac34\.m2\repository\com\google\errorprone\error_prone_annotations\2.7.1\error_prone_annotations-2.7.1.jar;C:\Users\nac34\.m2\repository\com\google\j2objc\j2objc-annotations\1.3\j2objc-annotations-1.3.jar;C:\Users\nac34\.m2\repository\com\google\code\gson\gson\2.8.9\gson-2.8.9.jar;C:\Users\nac34\.m2\repository\net\md-5\bungeecord-chat\1.16-R0.4\bungeecord-chat-1.16-R0.4.jar;C:\Users\nac34\.m2\repository\org\yaml\snakeyaml\1.30\snakeyaml-1.30.jar;C:\Users\nac34\.m2\repository\com\google\code\findbugs\jsr305\3.0.2\jsr305-3.0.2.jar;C:\Users\nac34\.m2\repository\io\github\baked-libs\dough-api\1.2.0\dough-api-1.2.0.jar;C:\Users\nac34\.m2\repository\io\papermc\paperlib\1.0.8\paperlib-1.0.8.jar;C:\Users\nac34\.m2\repository\com\konghq\unirest-java\3.14.1\unirest-java-3.14.1.jar;C:\Users\nac34\.m2\repository\org\apache\httpcomponents\httpclient\4.5.13\httpclient-4.5.13.jar;C:\Users\nac34\.m2\repository\org\apache\httpcomponents\httpcore\4.4.13\httpcore-4.4.13.jar;C:\Users\nac34\.m2\repository\commons-logging\commons-logging\1.2\commons-logging-1.2.jar;C:\Users\nac34\.m2\repository\org\apache\httpcomponents\httpmime\4.5.13\httpmime-4.5.13.jar;C:\Users\nac34\.m2\repository\org\apache\httpcomponents\httpcore-nio\4.4.13\httpcore-nio-4.4.13.jar;C:\Users\nac34\.m2\repository\org\apache\httpcomponents\httpasyncclient\4.1.5\httpasyncclient-4.1.5.jar;C:\Users\nac34\.m2\repository\commons-codec\commons-codec\1.15\commons-codec-1.15.jar;C:\Users\nac34\.m2\repository\org\junit\jupiter\junit-jupiter\5.9.2\junit-jupiter-5.9.2.jar;C:\Users\nac34\.m2\repository\org\junit\jupiter\junit-jupiter-api\5.9.2\junit-jupiter-api-5.9.2.jar;C:\Users\nac34\.m2\repository\org\opentest4j\opentest4j\1.2.0\opentest4j-1.2.0.jar;C:\Users\nac34\.m2\repository\org\junit\platform\junit-platform-commons\1.9.2\junit-platform-commons-1.9.2.jar;C:\Users\nac34\.m2\repository\org\apiguardian\apiguardian-api\1.1.2\apiguardian-api-1.1.2.jar;C:\Users\nac34\.m2\repository\org\junit\jupiter\junit-jupiter-params\5.9.2\junit-jupiter-params-5.9.2.jar;C:\Users\nac34\.m2\repository\org\junit\jupiter\junit-jupiter-engine\5.9.2\junit-jupiter-engine-5.9.2.jar;C:\Users\nac34\.m2\repository\org\junit\platform\junit-platform-engine\1.9.2\junit-platform-engine-1.9.2.jar;C:\Users\nac34\.m2\repository\org\mockito\mockito-core\5.0.0\mockito-core-5.0.0.jar;C:\Users\nac34\.m2\repository\net\bytebuddy\byte-buddy\1.12.22\byte-buddy-1.12.22.jar;C:\Users\nac34\.m2\repository\net\bytebuddy\byte-buddy-agent\1.12.22\byte-buddy-agent-1.12.22.jar;C:\Users\nac34\.m2\repository\org\objenesis\objenesis\3.3\objenesis-3.3.jar;C:\Users\nac34\.m2\repository\com\github\seeseemelk\MockBukkit-v1.18\2.0.0\MockBukkit-v1.18-2.0.0.jar;C:\Users\nac34\.m2\repository\io\papermc\paper\paper-api\1.18.2-R0.1-SNAPSHOT\paper-api-1.18.2-R0.1-SNAPSHOT.jar;C:\Users\nac34\.m2\repository\com\googlecode\json-simple\json-simple\1.1.1\json-simple-1.1.1.jar;C:\Users\nac34\.m2\repository\it\unimi\dsi\fastutil\8.5.6\fastutil-8.5.6.jar;C:\Users\nac34\.m2\repository\org\apache\logging\log4j\log4j-api\2.17.1\log4j-api-2.17.1.jar;C:\Users\nac34\.m2\repository\org\slf4j\slf4j-api\1.8.0-beta4\slf4j-api-1.8.0-beta4.jar;C:\Users\nac34\.m2\repository\net\kyori\adventure-api\4.11.0\adventure-api-4.11.0.jar;C:\Users\nac34\.m2\repository\net\kyori\adventure-key\4.11.0\adventure-key-4.11.0.jar;C:\Users\nac34\.m2\repository\net\kyori\examination-api\1.3.0\examination-api-1.3.0.jar;C:\Users\nac34\.m2\repository\net\kyori\examination-string\1.3.0\examination-string-1.3.0.jar;C:\Users\nac34\.m2\repository\net\kyori\adventure-text-minimessage\4.11.0\adventure-text-minimessage-4.11.0.jar;C:\Users\nac34\.m2\repository\net\kyori\adventure-text-serializer-gson\4.11.0\adventure-text-serializer-gson-4.11.0.jar;C:\Users\nac34\.m2\repository\net\kyori\adventure-text-serializer-legacy\4.11.0\adventure-text-serializer-legacy-4.11.0.jar;C:\Users\nac34\.m2\repository\net\kyori\adventure-text-serializer-plain\4.11.0\adventure-text-serializer-plain-4.11.0.jar;C:\Users\nac34\.m2\repository\net\kyori\adventure-text-logger-slf4j\4.11.0\adventure-text-logger-slf4j-4.11.0.jar;C:\Users\nac34\.m2\repository\org\ow2\asm\asm\9.2\asm-9.2.jar;C:\Users\nac34\.m2\repository\org\ow2\asm\asm-commons\9.2\asm-commons-9.2.jar;C:\Users\nac34\.m2\repository\org\ow2\asm\asm-tree\9.2\asm-tree-9.2.jar;C:\Users\nac34\.m2\repository\org\ow2\asm\asm-analysis\9.2\asm-analysis-9.2.jar;C:\Users\nac34\.m2\repository\org\hamcrest\hamcrest-library\2.2\hamcrest-library-2.2.jar;C:\Users\nac34\.m2\repository\org\hamcrest\hamcrest-core\2.2\hamcrest-core-2.2.jar;C:\Users\nac34\.m2\repository\org\hamcrest\hamcrest\2.2\hamcrest-2.2.jar;C:\Users\nac34\.m2\repository\commons-io\commons-io\2.11.0\commons-io-2.11.0.jar;C:\Users\nac34\.m2\repository\org\apache\maven\maven-resolver-provider\3.8.5\maven-resolver-provider-3.8.5.jar;C:\Users\nac34\.m2\repository\org\apache\maven\maven-model\3.8.5\maven-model-3.8.5.jar;C:\Users\nac34\.m2\repository\org\apache\maven\maven-model-builder\3.8.5\maven-model-builder-3.8.5.jar;C:\Users\nac34\.m2\repository\org\codehaus\plexus\plexus-interpolation\1.26\plexus-interpolation-1.26.jar;C:\Users\nac34\.m2\repository\org\apache\maven\maven-artifact\3.8.5\maven-artifact-3.8.5.jar;C:\Users\nac34\.m2\repository\org\apache\maven\maven-builder-support\3.8.5\maven-builder-support-3.8.5.jar;C:\Users\nac34\.m2\repository\org\eclipse\sisu\org.eclipse.sisu.inject\0.3.5\org.eclipse.sisu.inject-0.3.5.jar;C:\Users\nac34\.m2\repository\org\apache\maven\maven-repository-metadata\3.8.5\maven-repository-metadata-3.8.5.jar;C:\Users\nac34\.m2\repository\org\apache\maven\resolver\maven-resolver-api\1.6.3\maven-resolver-api-1.6.3.jar;C:\Users\nac34\.m2\repository\org\apache\maven\resolver\maven-resolver-spi\1.6.3\maven-resolver-spi-1.6.3.jar;C:\Users\nac34\.m2\repository\org\apache\maven\resolver\maven-resolver-util\1.6.3\maven-resolver-util-1.6.3.jar;C:\Users\nac34\.m2\repository\org\apache\maven\resolver\maven-resolver-impl\1.6.3\maven-resolver-impl-1.6.3.jar;C:\Users\nac34\.m2\repository\org\apache\commons\commons-lang3\3.8.1\commons-lang3-3.8.1.jar;C:\Users\nac34\.m2\repository\org\codehaus\plexus\plexus-utils\3.3.0\plexus-utils-3.3.0.jar;C:\Users\nac34\.m2\repository\javax\inject\javax.inject\1\javax.inject-1.jar;C:\Users\nac34\.m2\repository\org\apache\maven\resolver\maven-resolver-connector-basic\1.8.0\maven-resolver-connector-basic-1.8.0.jar;C:\Users\nac34\.m2\repository\org\apache\maven\resolver\maven-resolver-transport-http\1.8.0\maven-resolver-transport-http-1.8.0.jar;C:\Users\nac34\.m2\repository\org\slf4j\jcl-over-slf4j\1.7.36\jcl-over-slf4j-1.7.36.jar;C:\Users\nac34\.m2\repository\com\sk89q\worldedit\worldedit-core\7.2.13\worldedit-core-7.2.13.jar;C:\Users\nac34\.m2\repository\com\sk89q\worldedit\worldedit-bukkit\7.2.13\worldedit-bukkit-7.2.13.jar;C:\Users\nac34\.m2\repository\com\gmail\nossr50\mcMMO\mcMMO\2.1.218\mcMMO-2.1.218.jar;C:\Users\nac34\.m2\repository\me\clip\placeholderapi\2.11.2\placeholderapi-2.11.2.jar;C:\Users\nac34\.m2\repository\me\minebuilders\clearlag-core\3.1.6\clearlag-core-3.1.6.jar;C:\Users\nac34\.m2\repository\com\github\LoneDev6\itemsadder-api\3.2.5\itemsadder-api-3.2.5.jar;C:\Users\nac34\.m2\repository\net\imprex\orebfuscator-api\5.3.0\orebfuscator-api-5.3.0.jar;C:\Users\nac34\.m2\repository\commons-lang\commons-lang\2.6\commons-lang-2.6.jar;"/>
    <property name="java.vm.vendor" value="Oracle Corporation"/>
    <property name="sun.arch.data.model" value="64"/>
    <property name="user.variant" value=""/>
    <property name="java.vendor.url" value="https://java.oracle.com/"/>
    <property name="user.timezone" value="America/Chicago"/>
    <property name="os.name" value="Windows 10"/>
    <property name="java.vm.specification.version" value="18"/>
    <property name="user.country" value="US"/>
    <property name="sun.java.launcher" value="SUN_STANDARD"/>
    <property name="sun.boot.library.path" value="C:\Program Files\Java\jdk-18.0.2.1\bin"/>
    <property name="sun.java.command" value="C:\Users\nac34\AppData\Local\Temp\surefire5785769940068330365\surefirebooter-20230125152023136_3.jar C:\Users\nac34\AppData\Local\Temp\surefire5785769940068330365 2023-01-25T15-20-22_965-jvmRun1 surefire-20230125152023136_1tmp surefire_0-20230125152023136_2tmp"/>
    <property name="jdk.debug" value="release"/>
    <property name="surefire.test.class.path" value="D:\Development\NetBeansProjects\Slimefun4\target\test-classes;D:\Development\NetBeansProjects\Slimefun4\target\classes;C:\Users\nac34\.m2\repository\org\spigotmc\spigot-api\1.19-R0.1-SNAPSHOT\spigot-api-1.19-R0.1-SNAPSHOT.jar;C:\Users\nac34\.m2\repository\com\google\guava\guava\31.0.1-jre\guava-31.0.1-jre.jar;C:\Users\nac34\.m2\repository\com\google\guava\failureaccess\1.0.1\failureaccess-1.0.1.jar;C:\Users\nac34\.m2\repository\com\google\guava\listenablefuture\9999.0-empty-to-avoid-conflict-with-guava\listenablefuture-9999.0-empty-to-avoid-conflict-with-guava.jar;C:\Users\nac34\.m2\repository\org\checkerframework\checker-qual\3.12.0\checker-qual-3.12.0.jar;C:\Users\nac34\.m2\repository\com\google\errorprone\error_prone_annotations\2.7.1\error_prone_annotations-2.7.1.jar;C:\Users\nac34\.m2\repository\com\google\j2objc\j2objc-annotations\1.3\j2objc-annotations-1.3.jar;C:\Users\nac34\.m2\repository\com\google\code\gson\gson\2.8.9\gson-2.8.9.jar;C:\Users\nac34\.m2\repository\net\md-5\bungeecord-chat\1.16-R0.4\bungeecord-chat-1.16-R0.4.jar;C:\Users\nac34\.m2\repository\org\yaml\snakeyaml\1.30\snakeyaml-1.30.jar;C:\Users\nac34\.m2\repository\com\google\code\findbugs\jsr305\3.0.2\jsr305-3.0.2.jar;C:\Users\nac34\.m2\repository\io\github\baked-libs\dough-api\1.2.0\dough-api-1.2.0.jar;C:\Users\nac34\.m2\repository\io\papermc\paperlib\1.0.8\paperlib-1.0.8.jar;C:\Users\nac34\.m2\repository\com\konghq\unirest-java\3.14.1\unirest-java-3.14.1.jar;C:\Users\nac34\.m2\repository\org\apache\httpcomponents\httpclient\4.5.13\httpclient-4.5.13.jar;C:\Users\nac34\.m2\repository\org\apache\httpcomponents\httpcore\4.4.13\httpcore-4.4.13.jar;C:\Users\nac34\.m2\repository\commons-logging\commons-logging\1.2\commons-logging-1.2.jar;C:\Users\nac34\.m2\repository\org\apache\httpcomponents\httpmime\4.5.13\httpmime-4.5.13.jar;C:\Users\nac34\.m2\repository\org\apache\httpcomponents\httpcore-nio\4.4.13\httpcore-nio-4.4.13.jar;C:\Users\nac34\.m2\repository\org\apache\httpcomponents\httpasyncclient\4.1.5\httpasyncclient-4.1.5.jar;C:\Users\nac34\.m2\repository\commons-codec\commons-codec\1.15\commons-codec-1.15.jar;C:\Users\nac34\.m2\repository\org\junit\jupiter\junit-jupiter\5.9.2\junit-jupiter-5.9.2.jar;C:\Users\nac34\.m2\repository\org\junit\jupiter\junit-jupiter-api\5.9.2\junit-jupiter-api-5.9.2.jar;C:\Users\nac34\.m2\repository\org\opentest4j\opentest4j\1.2.0\opentest4j-1.2.0.jar;C:\Users\nac34\.m2\repository\org\junit\platform\junit-platform-commons\1.9.2\junit-platform-commons-1.9.2.jar;C:\Users\nac34\.m2\repository\org\apiguardian\apiguardian-api\1.1.2\apiguardian-api-1.1.2.jar;C:\Users\nac34\.m2\repository\org\junit\jupiter\junit-jupiter-params\5.9.2\junit-jupiter-params-5.9.2.jar;C:\Users\nac34\.m2\repository\org\junit\jupiter\junit-jupiter-engine\5.9.2\junit-jupiter-engine-5.9.2.jar;C:\Users\nac34\.m2\repository\org\junit\platform\junit-platform-engine\1.9.2\junit-platform-engine-1.9.2.jar;C:\Users\nac34\.m2\repository\org\mockito\mockito-core\5.0.0\mockito-core-5.0.0.jar;C:\Users\nac34\.m2\repository\net\bytebuddy\byte-buddy\1.12.22\byte-buddy-1.12.22.jar;C:\Users\nac34\.m2\repository\net\bytebuddy\byte-buddy-agent\1.12.22\byte-buddy-agent-1.12.22.jar;C:\Users\nac34\.m2\repository\org\objenesis\objenesis\3.3\objenesis-3.3.jar;C:\Users\nac34\.m2\repository\com\github\seeseemelk\MockBukkit-v1.18\2.0.0\MockBukkit-v1.18-2.0.0.jar;C:\Users\nac34\.m2\repository\io\papermc\paper\paper-api\1.18.2-R0.1-SNAPSHOT\paper-api-1.18.2-R0.1-SNAPSHOT.jar;C:\Users\nac34\.m2\repository\com\googlecode\json-simple\json-simple\1.1.1\json-simple-1.1.1.jar;C:\Users\nac34\.m2\repository\it\unimi\dsi\fastutil\8.5.6\fastutil-8.5.6.jar;C:\Users\nac34\.m2\repository\org\apache\logging\log4j\log4j-api\2.17.1\log4j-api-2.17.1.jar;C:\Users\nac34\.m2\repository\org\slf4j\slf4j-api\1.8.0-beta4\slf4j-api-1.8.0-beta4.jar;C:\Users\nac34\.m2\repository\net\kyori\adventure-api\4.11.0\adventure-api-4.11.0.jar;C:\Users\nac34\.m2\repository\net\kyori\adventure-key\4.11.0\adventure-key-4.11.0.jar;C:\Users\nac34\.m2\repository\net\kyori\examination-api\1.3.0\examination-api-1.3.0.jar;C:\Users\nac34\.m2\repository\net\kyori\examination-string\1.3.0\examination-string-1.3.0.jar;C:\Users\nac34\.m2\repository\net\kyori\adventure-text-minimessage\4.11.0\adventure-text-minimessage-4.11.0.jar;C:\Users\nac34\.m2\repository\net\kyori\adventure-text-serializer-gson\4.11.0\adventure-text-serializer-gson-4.11.0.jar;C:\Users\nac34\.m2\repository\net\kyori\adventure-text-serializer-legacy\4.11.0\adventure-text-serializer-legacy-4.11.0.jar;C:\Users\nac34\.m2\repository\net\kyori\adventure-text-serializer-plain\4.11.0\adventure-text-serializer-plain-4.11.0.jar;C:\Users\nac34\.m2\repository\net\kyori\adventure-text-logger-slf4j\4.11.0\adventure-text-logger-slf4j-4.11.0.jar;C:\Users\nac34\.m2\repository\org\ow2\asm\asm\9.2\asm-9.2.jar;C:\Users\nac34\.m2\repository\org\ow2\asm\asm-commons\9.2\asm-commons-9.2.jar;C:\Users\nac34\.m2\repository\org\ow2\asm\asm-tree\9.2\asm-tree-9.2.jar;C:\Users\nac34\.m2\repository\org\ow2\asm\asm-analysis\9.2\asm-analysis-9.2.jar;C:\Users\nac34\.m2\repository\org\hamcrest\hamcrest-library\2.2\hamcrest-library-2.2.jar;C:\Users\nac34\.m2\repository\org\hamcrest\hamcrest-core\2.2\hamcrest-core-2.2.jar;C:\Users\nac34\.m2\repository\org\hamcrest\hamcrest\2.2\hamcrest-2.2.jar;C:\Users\nac34\.m2\repository\commons-io\commons-io\2.11.0\commons-io-2.11.0.jar;C:\Users\nac34\.m2\repository\org\apache\maven\maven-resolver-provider\3.8.5\maven-resolver-provider-3.8.5.jar;C:\Users\nac34\.m2\repository\org\apache\maven\maven-model\3.8.5\maven-model-3.8.5.jar;C:\Users\nac34\.m2\repository\org\apache\maven\maven-model-builder\3.8.5\maven-model-builder-3.8.5.jar;C:\Users\nac34\.m2\repository\org\codehaus\plexus\plexus-interpolation\1.26\plexus-interpolation-1.26.jar;C:\Users\nac34\.m2\repository\org\apache\maven\maven-artifact\3.8.5\maven-artifact-3.8.5.jar;C:\Users\nac34\.m2\repository\org\apache\maven\maven-builder-support\3.8.5\maven-builder-support-3.8.5.jar;C:\Users\nac34\.m2\repository\org\eclipse\sisu\org.eclipse.sisu.inject\0.3.5\org.eclipse.sisu.inject-0.3.5.jar;C:\Users\nac34\.m2\repository\org\apache\maven\maven-repository-metadata\3.8.5\maven-repository-metadata-3.8.5.jar;C:\Users\nac34\.m2\repository\org\apache\maven\resolver\maven-resolver-api\1.6.3\maven-resolver-api-1.6.3.jar;C:\Users\nac34\.m2\repository\org\apache\maven\resolver\maven-resolver-spi\1.6.3\maven-resolver-spi-1.6.3.jar;C:\Users\nac34\.m2\repository\org\apache\maven\resolver\maven-resolver-util\1.6.3\maven-resolver-util-1.6.3.jar;C:\Users\nac34\.m2\repository\org\apache\maven\resolver\maven-resolver-impl\1.6.3\maven-resolver-impl-1.6.3.jar;C:\Users\nac34\.m2\repository\org\apache\commons\commons-lang3\3.8.1\commons-lang3-3.8.1.jar;C:\Users\nac34\.m2\repository\org\codehaus\plexus\plexus-utils\3.3.0\plexus-utils-3.3.0.jar;C:\Users\nac34\.m2\repository\javax\inject\javax.inject\1\javax.inject-1.jar;C:\Users\nac34\.m2\repository\org\apache\maven\resolver\maven-resolver-connector-basic\1.8.0\maven-resolver-connector-basic-1.8.0.jar;C:\Users\nac34\.m2\repository\org\apache\maven\resolver\maven-resolver-transport-http\1.8.0\maven-resolver-transport-http-1.8.0.jar;C:\Users\nac34\.m2\repository\org\slf4j\jcl-over-slf4j\1.7.36\jcl-over-slf4j-1.7.36.jar;C:\Users\nac34\.m2\repository\com\sk89q\worldedit\worldedit-core\7.2.13\worldedit-core-7.2.13.jar;C:\Users\nac34\.m2\repository\com\sk89q\worldedit\worldedit-bukkit\7.2.13\worldedit-bukkit-7.2.13.jar;C:\Users\nac34\.m2\repository\com\gmail\nossr50\mcMMO\mcMMO\2.1.218\mcMMO-2.1.218.jar;C:\Users\nac34\.m2\repository\me\clip\placeholderapi\2.11.2\placeholderapi-2.11.2.jar;C:\Users\nac34\.m2\repository\me\minebuilders\clearlag-core\3.1.6\clearlag-core-3.1.6.jar;C:\Users\nac34\.m2\repository\com\github\LoneDev6\itemsadder-api\3.2.5\itemsadder-api-3.2.5.jar;C:\Users\nac34\.m2\repository\net\imprex\orebfuscator-api\5.3.0\orebfuscator-api-5.3.0.jar;C:\Users\nac34\.m2\repository\commons-lang\commons-lang\2.6\commons-lang-2.6.jar;"/>
    <property name="sun.cpu.endian" value="little"/>
    <property name="user.home" value="C:\Users\nac34"/>
    <property name="user.language" value="en"/>
    <property name="java.specification.vendor" value="Oracle Corporation"/>
    <property name="java.version.date" value="2022-08-18"/>
    <property name="java.home" value="C:\Program Files\Java\jdk-18.0.2.1"/>
    <property name="file.separator" value="\"/>
    <property name="basedir" value="D:\Development\NetBeansProjects\Slimefun4"/>
    <property name="java.vm.compressedOopsMode" value="Zero based"/>
    <property name="line.separator" value="&#10;"/>
    <property name="java.vm.specification.vendor" value="Oracle Corporation"/>
    <property name="java.specification.name" value="Java Platform API Specification"/>
    <property name="surefire.real.class.path" value="C:\Users\nac34\AppData\Local\Temp\surefire5785769940068330365\surefirebooter-20230125152023136_3.jar"/>
    <property name="user.script" value=""/>
    <property name="sun.management.compiler" value="HotSpot 64-Bit Tiered Compilers"/>
    <property name="java.runtime.version" value="18.0.2.1+1-1"/>
    <property name="user.name" value="nac34"/>
    <property name="path.separator" value=";"/>
    <property name="os.version" value="10.0"/>
    <property name="java.runtime.name" value="Java(TM) SE Runtime Environment"/>
    <property name="file.encoding" value="UTF-8"/>
    <property name="java.vm.name" value="Java HotSpot(TM) 64-Bit Server VM"/>
    <property name="maven.ext.class.path" value="C:\Program Files\NetBeans-16\netbeans\java\maven-nblib\netbeans-eventspy.jar"/>
    <property name="localRepository" value="C:\Users\nac34\.m2\repository"/>
    <property name="java.vendor.url.bug" value="https://bugreport.java.com/bugreport/"/>
    <property name="java.io.tmpdir" value="C:\Users\nac34\AppData\Local\Temp\"/>
    <property name="java.version" value="18.0.2.1"/>
    <property name="user.dir" value="D:\Development\NetBeansProjects\Slimefun4"/>
    <property name="os.arch" value="amd64"/>
    <property name="java.vm.specification.name" value="Java Virtual Machine Specification"/>
    <property name="sun.os.patch.level" value=""/>
    <property name="native.encoding" value="Cp1252"/>
    <property name="java.library.path" value="C:\Program Files\Java\jdk-18.0.2.1\bin;C:\Windows\Sun\Java\bin;C:\Windows\system32;C:\Windows;C:\Program Files\Common Files\Oracle\Java\javapath;C:\Program Files (x86)\Common Files\Oracle\Java\javapath;C:\Windows\system32;C:\Windows;C:\Windows\System32\Wbem;C:\Windows\System32\WindowsPowerShell\v1.0\;C:\Windows\System32\OpenSSH\;C:\Program Files\NVIDIA Corporation\NVIDIA NvDLISR;C:\Program Files (x86)\NVIDIA Corporation\PhysX\Common;C:\Program Files\dotnet\;C:\Program Files\Git\cmd;C:\Users\nac34\AppData\Local\Microsoft\WindowsApps;;."/>
    <property name="java.vm.info" value="mixed mode, sharing"/>
    <property name="java.vendor" value="Oracle Corporation"/>
    <property name="java.vm.version" value="18.0.2.1+1-1"/>
    <property name="sun.io.unicode.encoding" value="UnicodeLittle"/>
    <property name="java.class.version" value="62.0"/>
  </properties>
  <testcase name="testSpelling(LanguagePreset, LanguageFile)[1]" classname="io.github.thebusybiscuit.slimefun4.core.services.localization.TestSlimefunSpelling" time="0"/>
  <testcase name="testSpelling(LanguagePreset, LanguageFile)[2]" classname="io.github.thebusybiscuit.slimefun4.core.services.localization.TestSlimefunSpelling" time="0"/>
  <testcase name="testSpelling(LanguagePreset, LanguageFile)[3]" classname="io.github.thebusybiscuit.slimefun4.core.services.localization.TestSlimefunSpelling" time="0"/>
  <testcase name="testSpelling(LanguagePreset, LanguageFile)[4]" classname="io.github.thebusybiscuit.slimefun4.core.services.localization.TestSlimefunSpelling" time="0"/>
  <testcase name="testSpelling(LanguagePreset, LanguageFile)[5]" classname="io.github.thebusybiscuit.slimefun4.core.services.localization.TestSlimefunSpelling" time="0"/>
  <testcase name="testSpelling(LanguagePreset, LanguageFile)[6]" classname="io.github.thebusybiscuit.slimefun4.core.services.localization.TestSlimefunSpelling" time="0"/>
  <testcase name="testSpelling(LanguagePreset, LanguageFile)[7]" classname="io.github.thebusybiscuit.slimefun4.core.services.localization.TestSlimefunSpelling" time="0"/>
  <testcase name="testSpelling(LanguagePreset, LanguageFile)[8]" classname="io.github.thebusybiscuit.slimefun4.core.services.localization.TestSlimefunSpelling" time="0"/>
  <testcase name="testSpelling(LanguagePreset, LanguageFile)[9]" classname="io.github.thebusybiscuit.slimefun4.core.services.localization.TestSlimefunSpelling" time="0.009"/>
  <testcase name="testSpelling(LanguagePreset, LanguageFile)[10]" classname="io.github.thebusybiscuit.slimefun4.core.services.localization.TestSlimefunSpelling" time="0"/>
  <testcase name="testSpelling(LanguagePreset, LanguageFile)[11]" classname="io.github.thebusybiscuit.slimefun4.core.services.localization.TestSlimefunSpelling" time="0"/>
  <testcase name="testSpelling(LanguagePreset, LanguageFile)[12]" classname="io.github.thebusybiscuit.slimefun4.core.services.localization.TestSlimefunSpelling" time="0"/>
  <testcase name="testSpelling(LanguagePreset, LanguageFile)[13]" classname="io.github.thebusybiscuit.slimefun4.core.services.localization.TestSlimefunSpelling" time="0"/>
  <testcase name="testSpelling(LanguagePreset, LanguageFile)[14]" classname="io.github.thebusybiscuit.slimefun4.core.services.localization.TestSlimefunSpelling" time="0"/>
  <testcase name="testSpelling(LanguagePreset, LanguageFile)[15]" classname="io.github.thebusybiscuit.slimefun4.core.services.localization.TestSlimefunSpelling" time="0.01"/>
  <testcase name="testSpelling(LanguagePreset, LanguageFile)[16]" classname="io.github.thebusybiscuit.slimefun4.core.services.localization.TestSlimefunSpelling" time="0"/>
  <testcase name="testSpelling(LanguagePreset, LanguageFile)[17]" classname="io.github.thebusybiscuit.slimefun4.core.services.localization.TestSlimefunSpelling" time="0"/>
  <testcase name="testSpelling(LanguagePreset, LanguageFile)[18]" classname="io.github.thebusybiscuit.slimefun4.core.services.localization.TestSlimefunSpelling" time="0"/>
  <testcase name="testSpelling(LanguagePreset, LanguageFile)[19]" classname="io.github.thebusybiscuit.slimefun4.core.services.localization.TestSlimefunSpelling" time="0"/>
  <testcase name="testSpelling(LanguagePreset, LanguageFile)[20]" classname="io.github.thebusybiscuit.slimefun4.core.services.localization.TestSlimefunSpelling" time="0"/>
  <testcase name="testSpelling(LanguagePreset, LanguageFile)[21]" classname="io.github.thebusybiscuit.slimefun4.core.services.localization.TestSlimefunSpelling" time="0"/>
  <testcase name="testSpelling(LanguagePreset, LanguageFile)[22]" classname="io.github.thebusybiscuit.slimefun4.core.services.localization.TestSlimefunSpelling" time="0"/>
  <testcase name="testSpelling(LanguagePreset, LanguageFile)[23]" classname="io.github.thebusybiscuit.slimefun4.core.services.localization.TestSlimefunSpelling" time="0"/>
  <testcase name="testSpelling(LanguagePreset, LanguageFile)[24]" classname="io.github.thebusybiscuit.slimefun4.core.services.localization.TestSlimefunSpelling" time="0"/>
  <testcase name="testSpelling(LanguagePreset, LanguageFile)[25]" classname="io.github.thebusybiscuit.slimefun4.core.services.localization.TestSlimefunSpelling" time="0"/>
  <testcase name="testSpelling(LanguagePreset, LanguageFile)[26]" classname="io.github.thebusybiscuit.slimefun4.core.services.localization.TestSlimefunSpelling" time="0"/>
  <testcase name="testSpelling(LanguagePreset, LanguageFile)[27]" classname="io.github.thebusybiscuit.slimefun4.core.services.localization.TestSlimefunSpelling" time="0"/>
  <testcase name="testSpelling(LanguagePreset, LanguageFile)[28]" classname="io.github.thebusybiscuit.slimefun4.core.services.localization.TestSlimefunSpelling" time="0.01"/>
  <testcase name="testSpelling(LanguagePreset, LanguageFile)[29]" classname="io.github.thebusybiscuit.slimefun4.core.services.localization.TestSlimefunSpelling" time="0"/>
  <testcase name="testSpelling(LanguagePreset, LanguageFile)[30]" classname="io.github.thebusybiscuit.slimefun4.core.services.localization.TestSlimefunSpelling" time="0"/>
  <testcase name="testSpelling(LanguagePreset, LanguageFile)[31]" classname="io.github.thebusybiscuit.slimefun4.core.services.localization.TestSlimefunSpelling" time="0"/>
  <testcase name="testSpelling(LanguagePreset, LanguageFile)[32]" classname="io.github.thebusybiscuit.slimefun4.core.services.localization.TestSlimefunSpelling" time="0"/>
  <testcase name="testSpelling(LanguagePreset, LanguageFile)[33]" classname="io.github.thebusybiscuit.slimefun4.core.services.localization.TestSlimefunSpelling" time="0">
    <system-err><![CDATA[[15:20:28 SEVERE]: Cannot load configuration from stream
]]></system-err>
  </testcase>
  <testcase name="testSpelling(LanguagePreset, LanguageFile)[34]" classname="io.github.thebusybiscuit.slimefun4.core.services.localization.TestSlimefunSpelling" time="0"/>
  <testcase name="testSpelling(LanguagePreset, LanguageFile)[35]" classname="io.github.thebusybiscuit.slimefun4.core.services.localization.TestSlimefunSpelling" time="0"/>
  <testcase name="testSpelling(LanguagePreset, LanguageFile)[36]" classname="io.github.thebusybiscuit.slimefun4.core.services.localization.TestSlimefunSpelling" time="0"/>
  <testcase name="testSpelling(LanguagePreset, LanguageFile)[37]" classname="io.github.thebusybiscuit.slimefun4.core.services.localization.TestSlimefunSpelling" time="0.009"/>
  <testcase name="testSpelling(LanguagePreset, LanguageFile)[38]" classname="io.github.thebusybiscuit.slimefun4.core.services.localization.TestSlimefunSpelling" time="0"/>
  <testcase name="testSpelling(LanguagePreset, LanguageFile)[39]" classname="io.github.thebusybiscuit.slimefun4.core.services.localization.TestSlimefunSpelling" time="0"/>
  <testcase name="testSpelling(LanguagePreset, LanguageFile)[40]" classname="io.github.thebusybiscuit.slimefun4.core.services.localization.TestSlimefunSpelling" time="0"/>
  <testcase name="testSpelling(LanguagePreset, LanguageFile)[41]" classname="io.github.thebusybiscuit.slimefun4.core.services.localization.TestSlimefunSpelling" time="0">
    <system-err><![CDATA[[15:20:28 SEVERE]: Cannot load configuration from stream
]]></system-err>
  </testcase>
  <testcase name="testSpelling(LanguagePreset, LanguageFile)[42]" classname="io.github.thebusybiscuit.slimefun4.core.services.localization.TestSlimefunSpelling" time="0">
    <system-err><![CDATA[[15:20:28 SEVERE]: Cannot load configuration from stream
]]></system-err>
  </testcase>
  <testcase name="testSpelling(LanguagePreset, LanguageFile)[43]" classname="io.github.thebusybiscuit.slimefun4.core.services.localization.TestSlimefunSpelling" time="0">
    <system-err><![CDATA[[15:20:28 SEVERE]: Cannot load configuration from stream
]]></system-err>
  </testcase>
  <testcase name="testSpelling(LanguagePreset, LanguageFile)[44]" classname="io.github.thebusybiscuit.slimefun4.core.services.localization.TestSlimefunSpelling" time="0">
    <system-err><![CDATA[[15:20:28 SEVERE]: Cannot load configuration from stream
]]></system-err>
  </testcase>
  <testcase name="testSpelling(LanguagePreset, LanguageFile)[45]" classname="io.github.thebusybiscuit.slimefun4.core.services.localization.TestSlimefunSpelling" time="0">
    <system-err><![CDATA[[15:20:28 SEVERE]: Cannot load configuration from stream
]]></system-err>
  </testcase>
  <testcase name="testSpelling(LanguagePreset, LanguageFile)[46]" classname="io.github.thebusybiscuit.slimefun4.core.services.localization.TestSlimefunSpelling" time="0"/>
  <testcase name="testSpelling(LanguagePreset, LanguageFile)[47]" classname="io.github.thebusybiscuit.slimefun4.core.services.localization.TestSlimefunSpelling" time="0"/>
  <testcase name="testSpelling(LanguagePreset, LanguageFile)[48]" classname="io.github.thebusybiscuit.slimefun4.core.services.localization.TestSlimefunSpelling" time="0">
    <system-err><![CDATA[[15:20:28 SEVERE]: Cannot load configuration from stream
]]></system-err>
  </testcase>
  <testcase name="testSpelling(LanguagePreset, LanguageFile)[49]" classname="io.github.thebusybiscuit.slimefun4.core.services.localization.TestSlimefunSpelling" time="0.01"/>
  <testcase name="testSpelling(LanguagePreset, LanguageFile)[50]" classname="io.github.thebusybiscuit.slimefun4.core.services.localization.TestSlimefunSpelling" time="0"/>
  <testcase name="testSpelling(LanguagePreset, LanguageFile)[51]" classname="io.github.thebusybiscuit.slimefun4.core.services.localization.TestSlimefunSpelling" time="0"/>
  <testcase name="testSpelling(LanguagePreset, LanguageFile)[52]" classname="io.github.thebusybiscuit.slimefun4.core.services.localization.TestSlimefunSpelling" time="0"/>
  <testcase name="testSpelling(LanguagePreset, LanguageFile)[53]" classname="io.github.thebusybiscuit.slimefun4.core.services.localization.TestSlimefunSpelling" time="0"/>
  <testcase name="testSpelling(LanguagePreset, LanguageFile)[54]" classname="io.github.thebusybiscuit.slimefun4.core.services.localization.TestSlimefunSpelling" time="0"/>
  <testcase name="testSpelling(LanguagePreset, LanguageFile)[55]" classname="io.github.thebusybiscuit.slimefun4.core.services.localization.TestSlimefunSpelling" time="0"/>
  <testcase name="testSpelling(LanguagePreset, LanguageFile)[56]" classname="io.github.thebusybiscuit.slimefun4.core.services.localization.TestSlimefunSpelling" time="0"/>
  <testcase name="testSpelling(LanguagePreset, LanguageFile)[57]" classname="io.github.thebusybiscuit.slimefun4.core.services.localization.TestSlimefunSpelling" time="0"/>
  <testcase name="testSpelling(LanguagePreset, LanguageFile)[58]" classname="io.github.thebusybiscuit.slimefun4.core.services.localization.TestSlimefunSpelling" time="0">
    <system-err><![CDATA[[15:20:28 SEVERE]: Cannot load configuration from stream
]]></system-err>
  </testcase>
  <testcase name="testSpelling(LanguagePreset, LanguageFile)[59]" classname="io.github.thebusybiscuit.slimefun4.core.services.localization.TestSlimefunSpelling" time="0">
    <system-err><![CDATA[[15:20:28 SEVERE]: Cannot load configuration from stream
]]></system-err>
  </testcase>
  <testcase name="testSpelling(LanguagePreset, LanguageFile)[60]" classname="io.github.thebusybiscuit.slimefun4.core.services.localization.TestSlimefunSpelling" time="0.01">
    <system-err><![CDATA[[15:20:28 SEVERE]: Cannot load configuration from stream
]]></system-err>
  </testcase>
  <testcase name="testSpelling(LanguagePreset, LanguageFile)[61]" classname="io.github.thebusybiscuit.slimefun4.core.services.localization.TestSlimefunSpelling" time="0">
    <system-err><![CDATA[[15:20:28 SEVERE]: Cannot load configuration from stream
]]></system-err>
  </testcase>
  <testcase name="testSpelling(LanguagePreset, LanguageFile)[62]" classname="io.github.thebusybiscuit.slimefun4.core.services.localization.TestSlimefunSpelling" time="0"/>
  <testcase name="testSpelling(LanguagePreset, LanguageFile)[63]" classname="io.github.thebusybiscuit.slimefun4.core.services.localization.TestSlimefunSpelling" time="0">
    <system-err><![CDATA[[15:20:28 SEVERE]: Cannot load configuration from stream
]]></system-err>
  </testcase>
  <testcase name="testSpelling(LanguagePreset, LanguageFile)[64]" classname="io.github.thebusybiscuit.slimefun4.core.services.localization.TestSlimefunSpelling" time="0"/>
  <testcase name="testSpelling(LanguagePreset, LanguageFile)[65]" classname="io.github.thebusybiscuit.slimefun4.core.services.localization.TestSlimefunSpelling" time="0">
    <system-err><![CDATA[[15:20:28 SEVERE]: Cannot load configuration from stream
]]></system-err>
  </testcase>
  <testcase name="testSpelling(LanguagePreset, LanguageFile)[66]" classname="io.github.thebusybiscuit.slimefun4.core.services.localization.TestSlimefunSpelling" time="0">
    <system-err><![CDATA[[15:20:28 SEVERE]: Cannot load configuration from stream
]]></system-err>
  </testcase>
  <testcase name="testSpelling(LanguagePreset, LanguageFile)[67]" classname="io.github.thebusybiscuit.slimefun4.core.services.localization.TestSlimefunSpelling" time="0">
    <system-err><![CDATA[[15:20:28 SEVERE]: Cannot load configuration from stream
]]></system-err>
  </testcase>
  <testcase name="testSpelling(LanguagePreset, LanguageFile)[68]" classname="io.github.thebusybiscuit.slimefun4.core.services.localization.TestSlimefunSpelling" time="0">
    <system-err><![CDATA[[15:20:28 SEVERE]: Cannot load configuration from stream
]]></system-err>
  </testcase>
  <testcase name="testSpelling(LanguagePreset, LanguageFile)[69]" classname="io.github.thebusybiscuit.slimefun4.core.services.localization.TestSlimefunSpelling" time="0">
    <system-err><![CDATA[[15:20:28 SEVERE]: Cannot load configuration from stream
]]></system-err>
  </testcase>
  <testcase name="testSpelling(LanguagePreset, LanguageFile)[70]" classname="io.github.thebusybiscuit.slimefun4.core.services.localization.TestSlimefunSpelling" time="0">
    <system-err><![CDATA[[15:20:28 SEVERE]: Cannot load configuration from stream
]]></system-err>
  </testcase>
  <testcase name="testSpelling(LanguagePreset, LanguageFile)[71]" classname="io.github.thebusybiscuit.slimefun4.core.services.localization.TestSlimefunSpelling" time="0"/>
  <testcase name="testSpelling(LanguagePreset, LanguageFile)[72]" classname="io.github.thebusybiscuit.slimefun4.core.services.localization.TestSlimefunSpelling" time="0.01"/>
  <testcase name="testSpelling(LanguagePreset, LanguageFile)[73]" classname="io.github.thebusybiscuit.slimefun4.core.services.localization.TestSlimefunSpelling" time="0"/>
  <testcase name="testSpelling(LanguagePreset, LanguageFile)[74]" classname="io.github.thebusybiscuit.slimefun4.core.services.localization.TestSlimefunSpelling" time="0"/>
  <testcase name="testSpelling(LanguagePreset, LanguageFile)[75]" classname="io.github.thebusybiscuit.slimefun4.core.services.localization.TestSlimefunSpelling" time="0"/>
  <testcase name="testSpelling(LanguagePreset, LanguageFile)[76]" classname="io.github.thebusybiscuit.slimefun4.core.services.localization.TestSlimefunSpelling" time="0"/>
  <testcase name="testSpelling(LanguagePreset, LanguageFile)[77]" classname="io.github.thebusybiscuit.slimefun4.core.services.localization.TestSlimefunSpelling" time="0"/>
  <testcase name="testSpelling(LanguagePreset, LanguageFile)[78]" classname="io.github.thebusybiscuit.slimefun4.core.services.localization.TestSlimefunSpelling" time="0">
    <system-err><![CDATA[[15:20:28 SEVERE]: Cannot load configuration from stream
]]></system-err>
  </testcase>
  <testcase name="testSpelling(LanguagePreset, LanguageFile)[79]" classname="io.github.thebusybiscuit.slimefun4.core.services.localization.TestSlimefunSpelling" time="0">
    <system-err><![CDATA[[15:20:28 SEVERE]: Cannot load configuration from stream
]]></system-err>
  </testcase>
  <testcase name="testSpelling(LanguagePreset, LanguageFile)[80]" classname="io.github.thebusybiscuit.slimefun4.core.services.localization.TestSlimefunSpelling" time="0"/>
  <testcase name="testSpelling(LanguagePreset, LanguageFile)[81]" classname="io.github.thebusybiscuit.slimefun4.core.services.localization.TestSlimefunSpelling" time="0"/>
  <testcase name="testSpelling(LanguagePreset, LanguageFile)[82]" classname="io.github.thebusybiscuit.slimefun4.core.services.localization.TestSlimefunSpelling" time="0"/>
  <testcase name="testSpelling(LanguagePreset, LanguageFile)[83]" classname="io.github.thebusybiscuit.slimefun4.core.services.localization.TestSlimefunSpelling" time="0.011"/>
  <testcase name="testSpelling(LanguagePreset, LanguageFile)[84]" classname="io.github.thebusybiscuit.slimefun4.core.services.localization.TestSlimefunSpelling" time="0"/>
  <testcase name="testSpelling(LanguagePreset, LanguageFile)[85]" classname="io.github.thebusybiscuit.slimefun4.core.services.localization.TestSlimefunSpelling" time="0"/>
  <testcase name="testSpelling(LanguagePreset, LanguageFile)[86]" classname="io.github.thebusybiscuit.slimefun4.core.services.localization.TestSlimefunSpelling" time="0"/>
  <testcase name="testSpelling(LanguagePreset, LanguageFile)[87]" classname="io.github.thebusybiscuit.slimefun4.core.services.localization.TestSlimefunSpelling" time="0"/>
  <testcase name="testSpelling(LanguagePreset, LanguageFile)[88]" classname="io.github.thebusybiscuit.slimefun4.core.services.localization.TestSlimefunSpelling" time="0">
    <system-err><![CDATA[[15:20:28 SEVERE]: Cannot load configuration from stream
]]></system-err>
  </testcase>
  <testcase name="testSpelling(LanguagePreset, LanguageFile)[89]" classname="io.github.thebusybiscuit.slimefun4.core.services.localization.TestSlimefunSpelling" time="0"/>
  <testcase name="testSpelling(LanguagePreset, LanguageFile)[90]" classname="io.github.thebusybiscuit.slimefun4.core.services.localization.TestSlimefunSpelling" time="0"/>
  <testcase name="testSpelling(LanguagePreset, LanguageFile)[91]" classname="io.github.thebusybiscuit.slimefun4.core.services.localization.TestSlimefunSpelling" time="0.009"/>
  <testcase name="testSpelling(LanguagePreset, LanguageFile)[92]" classname="io.github.thebusybiscuit.slimefun4.core.services.localization.TestSlimefunSpelling" time="0"/>
  <testcase name="testSpelling(LanguagePreset, LanguageFile)[93]" classname="io.github.thebusybiscuit.slimefun4.core.services.localization.TestSlimefunSpelling" time="0">
    <system-err><![CDATA[[15:20:28 SEVERE]: Cannot load configuration from stream
]]></system-err>
  </testcase>
  <testcase name="testSpelling(LanguagePreset, LanguageFile)[94]" classname="io.github.thebusybiscuit.slimefun4.core.services.localization.TestSlimefunSpelling" time="0"/>
  <testcase name="testSpelling(LanguagePreset, LanguageFile)[95]" classname="io.github.thebusybiscuit.slimefun4.core.services.localization.TestSlimefunSpelling" time="0"/>
  <testcase name="testSpelling(LanguagePreset, LanguageFile)[96]" classname="io.github.thebusybiscuit.slimefun4.core.services.localization.TestSlimefunSpelling" time="0"/>
  <testcase name="testSpelling(LanguagePreset, LanguageFile)[97]" classname="io.github.thebusybiscuit.slimefun4.core.services.localization.TestSlimefunSpelling" time="0"/>
  <testcase name="testSpelling(LanguagePreset, LanguageFile)[98]" classname="io.github.thebusybiscuit.slimefun4.core.services.localization.TestSlimefunSpelling" time="0"/>
  <testcase name="testSpelling(LanguagePreset, LanguageFile)[99]" classname="io.github.thebusybiscuit.slimefun4.core.services.localization.TestSlimefunSpelling" time="0"/>
  <testcase name="testSpelling(LanguagePreset, LanguageFile)[100]" classname="io.github.thebusybiscuit.slimefun4.core.services.localization.TestSlimefunSpelling" time="0.01"/>
  <testcase name="testSpelling(LanguagePreset, LanguageFile)[101]" classname="io.github.thebusybiscuit.slimefun4.core.services.localization.TestSlimefunSpelling" time="0">
    <system-err><![CDATA[[15:20:28 SEVERE]: Cannot load configuration from stream
]]></system-err>
  </testcase>
  <testcase name="testSpelling(LanguagePreset, LanguageFile)[102]" classname="io.github.thebusybiscuit.slimefun4.core.services.localization.TestSlimefunSpelling" time="0">
    <system-err><![CDATA[[15:20:28 SEVERE]: Cannot load configuration from stream
]]></system-err>
  </testcase>
  <testcase name="testSpelling(LanguagePreset, LanguageFile)[103]" classname="io.github.thebusybiscuit.slimefun4.core.services.localization.TestSlimefunSpelling" time="0">
    <system-err><![CDATA[[15:20:28 SEVERE]: Cannot load configuration from stream
]]></system-err>
  </testcase>
  <testcase name="testSpelling(LanguagePreset, LanguageFile)[104]" classname="io.github.thebusybiscuit.slimefun4.core.services.localization.TestSlimefunSpelling" time="0">
    <system-err><![CDATA[[15:20:28 SEVERE]: Cannot load configuration from stream
]]></system-err>
  </testcase>
  <testcase name="testSpelling(LanguagePreset, LanguageFile)[105]" classname="io.github.thebusybiscuit.slimefun4.core.services.localization.TestSlimefunSpelling" time="0">
    <system-err><![CDATA[[15:20:28 SEVERE]: Cannot load configuration from stream
]]></system-err>
  </testcase>
  <testcase name="testSpelling(LanguagePreset, LanguageFile)[106]" classname="io.github.thebusybiscuit.slimefun4.core.services.localization.TestSlimefunSpelling" time="0"/>
  <testcase name="testSpelling(LanguagePreset, LanguageFile)[107]" classname="io.github.thebusybiscuit.slimefun4.core.services.localization.TestSlimefunSpelling" time="0">
    <system-err><![CDATA[[15:20:28 SEVERE]: Cannot load configuration from stream
]]></system-err>
  </testcase>
  <testcase name="testSpelling(LanguagePreset, LanguageFile)[108]" classname="io.github.thebusybiscuit.slimefun4.core.services.localization.TestSlimefunSpelling" time="0">
    <system-err><![CDATA[[15:20:28 SEVERE]: Cannot load configuration from stream
]]></system-err>
  </testcase>
  <testcase name="testSpelling(LanguagePreset, LanguageFile)[109]" classname="io.github.thebusybiscuit.slimefun4.core.services.localization.TestSlimefunSpelling" time="0">
    <system-err><![CDATA[[15:20:28 SEVERE]: Cannot load configuration from stream
]]></system-err>
  </testcase>
  <testcase name="testSpelling(LanguagePreset, LanguageFile)[110]" classname="io.github.thebusybiscuit.slimefun4.core.services.localization.TestSlimefunSpelling" time="0">
    <system-err><![CDATA[[15:20:28 SEVERE]: Cannot load configuration from stream
]]></system-err>
  </testcase>
  <testcase name="testSpelling(LanguagePreset, LanguageFile)[111]" classname="io.github.thebusybiscuit.slimefun4.core.services.localization.TestSlimefunSpelling" time="0">
    <system-err><![CDATA[[15:20:28 SEVERE]: Cannot load configuration from stream
]]></system-err>
  </testcase>
  <testcase name="testSpelling(LanguagePreset, LanguageFile)[112]" classname="io.github.thebusybiscuit.slimefun4.core.services.localization.TestSlimefunSpelling" time="0.011">
    <system-err><![CDATA[[15:20:28 SEVERE]: Cannot load configuration from stream
]]></system-err>
  </testcase>
  <testcase name="testSpelling(LanguagePreset, LanguageFile)[113]" classname="io.github.thebusybiscuit.slimefun4.core.services.localization.TestSlimefunSpelling" time="0">
    <system-err><![CDATA[[15:20:28 SEVERE]: Cannot load configuration from stream
]]></system-err>
  </testcase>
  <testcase name="testSpelling(LanguagePreset, LanguageFile)[114]" classname="io.github.thebusybiscuit.slimefun4.core.services.localization.TestSlimefunSpelling" time="0">
    <system-err><![CDATA[[15:20:28 SEVERE]: Cannot load configuration from stream
]]></system-err>
  </testcase>
  <testcase name="testSpelling(LanguagePreset, LanguageFile)[115]" classname="io.github.thebusybiscuit.slimefun4.core.services.localization.TestSlimefunSpelling" time="0">
    <system-err><![CDATA[[15:20:28 SEVERE]: Cannot load configuration from stream
]]></system-err>
  </testcase>
  <testcase name="testSpelling(LanguagePreset, LanguageFile)[116]" classname="io.github.thebusybiscuit.slimefun4.core.services.localization.TestSlimefunSpelling" time="0"/>
  <testcase name="testSpelling(LanguagePreset, LanguageFile)[117]" classname="io.github.thebusybiscuit.slimefun4.core.services.localization.TestSlimefunSpelling" time="0"/>
  <testcase name="testSpelling(LanguagePreset, LanguageFile)[118]" classname="io.github.thebusybiscuit.slimefun4.core.services.localization.TestSlimefunSpelling" time="0"/>
  <testcase name="testSpelling(LanguagePreset, LanguageFile)[119]" classname="io.github.thebusybiscuit.slimefun4.core.services.localization.TestSlimefunSpelling" time="0"/>
  <testcase name="testSpelling(LanguagePreset, LanguageFile)[120]" classname="io.github.thebusybiscuit.slimefun4.core.services.localization.TestSlimefunSpelling" time="0"/>
  <testcase name="testSpelling(LanguagePreset, LanguageFile)[121]" classname="io.github.thebusybiscuit.slimefun4.core.services.localization.TestSlimefunSpelling" time="0"/>
  <testcase name="testSpelling(LanguagePreset, LanguageFile)[122]" classname="io.github.thebusybiscuit.slimefun4.core.services.localization.TestSlimefunSpelling" time="0.01"/>
  <testcase name="testSpelling(LanguagePreset, LanguageFile)[123]" classname="io.github.thebusybiscuit.slimefun4.core.services.localization.TestSlimefunSpelling" time="0"/>
  <testcase name="testSpelling(LanguagePreset, LanguageFile)[124]" classname="io.github.thebusybiscuit.slimefun4.core.services.localization.TestSlimefunSpelling" time="0"/>
  <testcase name="testSpelling(LanguagePreset, LanguageFile)[125]" classname="io.github.thebusybiscuit.slimefun4.core.services.localization.TestSlimefunSpelling" time="0"/>
  <testcase name="testSpelling(LanguagePreset, LanguageFile)[126]" classname="io.github.thebusybiscuit.slimefun4.core.services.localization.TestSlimefunSpelling" time="0.005"/>
  <testcase name="testSpelling(LanguagePreset, LanguageFile)[127]" classname="io.github.thebusybiscuit.slimefun4.core.services.localization.TestSlimefunSpelling" time="0"/>
  <testcase name="testSpelling(LanguagePreset, LanguageFile)[128]" classname="io.github.thebusybiscuit.slimefun4.core.services.localization.TestSlimefunSpelling" time="0">
    <system-err><![CDATA[[15:20:28 SEVERE]: Cannot load configuration from stream
]]></system-err>
  </testcase>
  <testcase name="testSpelling(LanguagePreset, LanguageFile)[129]" classname="io.github.thebusybiscuit.slimefun4.core.services.localization.TestSlimefunSpelling" time="0"/>
  <testcase name="testSpelling(LanguagePreset, LanguageFile)[130]" classname="io.github.thebusybiscuit.slimefun4.core.services.localization.TestSlimefunSpelling" time="0"/>
  <testcase name="testSpelling(LanguagePreset, LanguageFile)[131]" classname="io.github.thebusybiscuit.slimefun4.core.services.localization.TestSlimefunSpelling" time="0.005"/>
  <testcase name="testSpelling(LanguagePreset, LanguageFile)[132]" classname="io.github.thebusybiscuit.slimefun4.core.services.localization.TestSlimefunSpelling" time="0"/>
  <testcase name="testSpelling(LanguagePreset, LanguageFile)[133]" classname="io.github.thebusybiscuit.slimefun4.core.services.localization.TestSlimefunSpelling" time="0"/>
  <testcase name="testSpelling(LanguagePreset, LanguageFile)[134]" classname="io.github.thebusybiscuit.slimefun4.core.services.localization.TestSlimefunSpelling" time="0"/>
  <testcase name="testSpelling(LanguagePreset, LanguageFile)[135]" classname="io.github.thebusybiscuit.slimefun4.core.services.localization.TestSlimefunSpelling" time="0"/>
  <testcase name="testSpelling(LanguagePreset, LanguageFile)[136]" classname="io.github.thebusybiscuit.slimefun4.core.services.localization.TestSlimefunSpelling" time="0"/>
  <testcase name="testSpelling(LanguagePreset, LanguageFile)[137]" classname="io.github.thebusybiscuit.slimefun4.core.services.localization.TestSlimefunSpelling" time="0"/>
  <testcase name="testSpelling(LanguagePreset, LanguageFile)[138]" classname="io.github.thebusybiscuit.slimefun4.core.services.localization.TestSlimefunSpelling" time="0"/>
  <testcase name="testSpelling(LanguagePreset, LanguageFile)[139]" classname="io.github.thebusybiscuit.slimefun4.core.services.localization.TestSlimefunSpelling" time="0"/>
  <testcase name="testSpelling(LanguagePreset, LanguageFile)[140]" classname="io.github.thebusybiscuit.slimefun4.core.services.localization.TestSlimefunSpelling" time="0.009"/>
  <testcase name="testSpelling(LanguagePreset, LanguageFile)[141]" classname="io.github.thebusybiscuit.slimefun4.core.services.localization.TestSlimefunSpelling" time="0"/>
  <testcase name="testSpelling(LanguagePreset, LanguageFile)[142]" classname="io.github.thebusybiscuit.slimefun4.core.services.localization.TestSlimefunSpelling" time="0"/>
  <testcase name="testSpelling(LanguagePreset, LanguageFile)[143]" classname="io.github.thebusybiscuit.slimefun4.core.services.localization.TestSlimefunSpelling" time="0"/>
  <testcase name="testSpelling(LanguagePreset, LanguageFile)[144]" classname="io.github.thebusybiscuit.slimefun4.core.services.localization.TestSlimefunSpelling" time="0"/>
  <testcase name="testSpelling(LanguagePreset, LanguageFile)[145]" classname="io.github.thebusybiscuit.slimefun4.core.services.localization.TestSlimefunSpelling" time="0"/>
  <testcase name="testSpelling(LanguagePreset, LanguageFile)[146]" classname="io.github.thebusybiscuit.slimefun4.core.services.localization.TestSlimefunSpelling" time="0"/>
  <testcase name="testSpelling(LanguagePreset, LanguageFile)[147]" classname="io.github.thebusybiscuit.slimefun4.core.services.localization.TestSlimefunSpelling" time="0"/>
  <testcase name="testSpelling(LanguagePreset, LanguageFile)[148]" classname="io.github.thebusybiscuit.slimefun4.core.services.localization.TestSlimefunSpelling" time="0"/>
  <testcase name="testSpelling(LanguagePreset, LanguageFile)[149]" classname="io.github.thebusybiscuit.slimefun4.core.services.localization.TestSlimefunSpelling" time="0"/>
  <testcase name="testSpelling(LanguagePreset, LanguageFile)[150]" classname="io.github.thebusybiscuit.slimefun4.core.services.localization.TestSlimefunSpelling" time="0.01"/>
  <testcase name="testSpelling(LanguagePreset, LanguageFile)[151]" classname="io.github.thebusybiscuit.slimefun4.core.services.localization.TestSlimefunSpelling" time="0"/>
  <testcase name="testSpelling(LanguagePreset, LanguageFile)[152]" classname="io.github.thebusybiscuit.slimefun4.core.services.localization.TestSlimefunSpelling" time="0"/>
  <testcase name="testSpelling(LanguagePreset, LanguageFile)[153]" classname="io.github.thebusybiscuit.slimefun4.core.services.localization.TestSlimefunSpelling" time="0"/>
  <testcase name="testSpelling(LanguagePreset, LanguageFile)[154]" classname="io.github.thebusybiscuit.slimefun4.core.services.localization.TestSlimefunSpelling" time="0"/>
  <testcase name="testSpelling(LanguagePreset, LanguageFile)[155]" classname="io.github.thebusybiscuit.slimefun4.core.services.localization.TestSlimefunSpelling" time="0"/>
  <testcase name="testSpelling(LanguagePreset, LanguageFile)[156]" classname="io.github.thebusybiscuit.slimefun4.core.services.localization.TestSlimefunSpelling" time="0"/>
  <testcase name="testSpelling(LanguagePreset, LanguageFile)[157]" classname="io.github.thebusybiscuit.slimefun4.core.services.localization.TestSlimefunSpelling" time="0"/>
  <testcase name="testSpelling(LanguagePreset, LanguageFile)[158]" classname="io.github.thebusybiscuit.slimefun4.core.services.localization.TestSlimefunSpelling" time="0">
    <system-err><![CDATA[[15:20:28 SEVERE]: Cannot load configuration from stream
]]></system-err>
  </testcase>
  <testcase name="testSpelling(LanguagePreset, LanguageFile)[159]" classname="io.github.thebusybiscuit.slimefun4.core.services.localization.TestSlimefunSpelling" time="0"/>
  <testcase name="testSpelling(LanguagePreset, LanguageFile)[160]" classname="io.github.thebusybiscuit.slimefun4.core.services.localization.TestSlimefunSpelling" time="0"/>
  <testcase name="testSpelling(LanguagePreset, LanguageFile)[161]" classname="io.github.thebusybiscuit.slimefun4.core.services.localization.TestSlimefunSpelling" time="0"/>
  <testcase name="testSpelling(LanguagePreset, LanguageFile)[162]" classname="io.github.thebusybiscuit.slimefun4.core.services.localization.TestSlimefunSpelling" time="0"/>
  <testcase name="testSpelling(LanguagePreset, LanguageFile)[163]" classname="io.github.thebusybiscuit.slimefun4.core.services.localization.TestSlimefunSpelling" time="0"/>
  <testcase name="testSpelling(LanguagePreset, LanguageFile)[164]" classname="io.github.thebusybiscuit.slimefun4.core.services.localization.TestSlimefunSpelling" time="0"/>
  <testcase name="testSpelling(LanguagePreset, LanguageFile)[165]" classname="io.github.thebusybiscuit.slimefun4.core.services.localization.TestSlimefunSpelling" time="0"/>
  <testcase name="testSpelling(LanguagePreset, LanguageFile)[166]" classname="io.github.thebusybiscuit.slimefun4.core.services.localization.TestSlimefunSpelling" time="0"/>
  <testcase name="testSpelling(LanguagePreset, LanguageFile)[167]" classname="io.github.thebusybiscuit.slimefun4.core.services.localization.TestSlimefunSpelling" time="0">
    <system-err><![CDATA[[15:20:28 SEVERE]: Cannot load configuration from stream
]]></system-err>
  </testcase>
  <testcase name="testSpelling(LanguagePreset, LanguageFile)[168]" classname="io.github.thebusybiscuit.slimefun4.core.services.localization.TestSlimefunSpelling" time="0.01">
    <system-err><![CDATA[[15:20:28 SEVERE]: Cannot load configuration from stream
]]></system-err>
  </testcase>
  <testcase name="testSpelling(LanguagePreset, LanguageFile)[169]" classname="io.github.thebusybiscuit.slimefun4.core.services.localization.TestSlimefunSpelling" time="0"/>
  <testcase name="testSpelling(LanguagePreset, LanguageFile)[170]" classname="io.github.thebusybiscuit.slimefun4.core.services.localization.TestSlimefunSpelling" time="0"/>
  <testcase name="testSpelling(LanguagePreset, LanguageFile)[171]" classname="io.github.thebusybiscuit.slimefun4.core.services.localization.TestSlimefunSpelling" time="0"/>
  <testcase name="testSpelling(LanguagePreset, LanguageFile)[172]" classname="io.github.thebusybiscuit.slimefun4.core.services.localization.TestSlimefunSpelling" time="0"/>
  <testcase name="testSpelling(LanguagePreset, LanguageFile)[173]" classname="io.github.thebusybiscuit.slimefun4.core.services.localization.TestSlimefunSpelling" time="0"/>
  <testcase name="testSpelling(LanguagePreset, LanguageFile)[174]" classname="io.github.thebusybiscuit.slimefun4.core.services.localization.TestSlimefunSpelling" time="0"/>
  <testcase name="testSpelling(LanguagePreset, LanguageFile)[175]" classname="io.github.thebusybiscuit.slimefun4.core.services.localization.TestSlimefunSpelling" time="0"/>
  <testcase name="testSpelling(LanguagePreset, LanguageFile)[176]" classname="io.github.thebusybiscuit.slimefun4.core.services.localization.TestSlimefunSpelling" time="0">
    <system-err><![CDATA[[15:20:28 SEVERE]: Cannot load configuration from stream
]]></system-err>
  </testcase>
  <testcase name="testSpelling(LanguagePreset, LanguageFile)[177]" classname="io.github.thebusybiscuit.slimefun4.core.services.localization.TestSlimefunSpelling" time="0">
    <system-err><![CDATA[[15:20:28 SEVERE]: Cannot load configuration from stream
]]></system-err>
  </testcase>
  <testcase name="testSpelling(LanguagePreset, LanguageFile)[178]" classname="io.github.thebusybiscuit.slimefun4.core.services.localization.TestSlimefunSpelling" time="0">
    <system-err><![CDATA[[15:20:28 SEVERE]: Cannot load configuration from stream
]]></system-err>
  </testcase>
  <testcase name="testSpelling(LanguagePreset, LanguageFile)[179]" classname="io.github.thebusybiscuit.slimefun4.core.services.localization.TestSlimefunSpelling" time="0">
    <system-err><![CDATA[[15:20:28 SEVERE]: Cannot load configuration from stream
]]></system-err>
  </testcase>
  <testcase name="testSpelling(LanguagePreset, LanguageFile)[180]" classname="io.github.thebusybiscuit.slimefun4.core.services.localization.TestSlimefunSpelling" time="0">
    <system-err><![CDATA[[15:20:28 SEVERE]: Cannot load configuration from stream
]]></system-err>
  </testcase>
  <testcase name="testSpelling(LanguagePreset, LanguageFile)[181]" classname="io.github.thebusybiscuit.slimefun4.core.services.localization.TestSlimefunSpelling" time="0">
    <system-err><![CDATA[[15:20:28 SEVERE]: Cannot load configuration from stream
]]></system-err>
  </testcase>
  <testcase name="testSpelling(LanguagePreset, LanguageFile)[182]" classname="io.github.thebusybiscuit.slimefun4.core.services.localization.TestSlimefunSpelling" time="0">
    <system-err><![CDATA[[15:20:28 SEVERE]: Cannot load configuration from stream
]]></system-err>
  </testcase>
  <testcase name="testSpelling(LanguagePreset, LanguageFile)[183]" classname="io.github.thebusybiscuit.slimefun4.core.services.localization.TestSlimefunSpelling" time="0">
    <system-err><![CDATA[[15:20:28 SEVERE]: Cannot load configuration from stream
]]></system-err>
  </testcase>
  <testcase name="testSpelling(LanguagePreset, LanguageFile)[184]" classname="io.github.thebusybiscuit.slimefun4.core.services.localization.TestSlimefunSpelling" time="0">
    <system-err><![CDATA[[15:20:28 SEVERE]: Cannot load configuration from stream
]]></system-err>
  </testcase>
  <testcase name="testSpelling(LanguagePreset, LanguageFile)[185]" classname="io.github.thebusybiscuit.slimefun4.core.services.localization.TestSlimefunSpelling" time="0">
    <system-err><![CDATA[[15:20:28 SEVERE]: Cannot load configuration from stream
]]></system-err>
  </testcase>
  <testcase name="testSpelling(LanguagePreset, LanguageFile)[186]" classname="io.github.thebusybiscuit.slimefun4.core.services.localization.TestSlimefunSpelling" time="0.011"/>
  <testcase name="testSpelling(LanguagePreset, LanguageFile)[187]" classname="io.github.thebusybiscuit.slimefun4.core.services.localization.TestSlimefunSpelling" time="0"/>
  <testcase name="testSpelling(LanguagePreset, LanguageFile)[188]" classname="io.github.thebusybiscuit.slimefun4.core.services.localization.TestSlimefunSpelling" time="0"/>
  <testcase name="testSpelling(LanguagePreset, LanguageFile)[189]" classname="io.github.thebusybiscuit.slimefun4.core.services.localization.TestSlimefunSpelling" time="0"/>
  <testcase name="testSpelling(LanguagePreset, LanguageFile)[190]" classname="io.github.thebusybiscuit.slimefun4.core.services.localization.TestSlimefunSpelling" time="0"/>
  <testcase name="testSpelling(LanguagePreset, LanguageFile)[191]" classname="io.github.thebusybiscuit.slimefun4.core.services.localization.TestSlimefunSpelling" time="0">
    <system-err><![CDATA[[15:20:28 SEVERE]: Cannot load configuration from stream
]]></system-err>
  </testcase>
  <testcase name="testSpelling(LanguagePreset, LanguageFile)[192]" classname="io.github.thebusybiscuit.slimefun4.core.services.localization.TestSlimefunSpelling" time="0"/>
  <testcase name="testSpelling(LanguagePreset, LanguageFile)[193]" classname="io.github.thebusybiscuit.slimefun4.core.services.localization.TestSlimefunSpelling" time="0"/>
  <testcase name="testSpelling(LanguagePreset, LanguageFile)[194]" classname="io.github.thebusybiscuit.slimefun4.core.services.localization.TestSlimefunSpelling" time="0"/>
  <testcase name="testSpelling(LanguagePreset, LanguageFile)[195]" classname="io.github.thebusybiscuit.slimefun4.core.services.localization.TestSlimefunSpelling" time="0">
    <system-err><![CDATA[[15:20:28 SEVERE]: Cannot load configuration from stream
]]></system-err>
  </testcase>
  <testcase name="testSpelling(LanguagePreset, LanguageFile)[196]" classname="io.github.thebusybiscuit.slimefun4.core.services.localization.TestSlimefunSpelling" time="0.01"/>
  <testcase name="testSpelling(LanguagePreset, LanguageFile)[197]" classname="io.github.thebusybiscuit.slimefun4.core.services.localization.TestSlimefunSpelling" time="0"/>
  <testcase name="testSpelling(LanguagePreset, LanguageFile)[198]" classname="io.github.thebusybiscuit.slimefun4.core.services.localization.TestSlimefunSpelling" time="0"/>
  <testcase name="testSpelling(LanguagePreset, LanguageFile)[199]" classname="io.github.thebusybiscuit.slimefun4.core.services.localization.TestSlimefunSpelling" time="0"/>
  <testcase name="testSpelling(LanguagePreset, LanguageFile)[200]" classname="io.github.thebusybiscuit.slimefun4.core.services.localization.TestSlimefunSpelling" time="0"/>
  <testcase name="testSpelling(LanguagePreset, LanguageFile)[201]" classname="io.github.thebusybiscuit.slimefun4.core.services.localization.TestSlimefunSpelling" time="0"/>
  <testcase name="testSpelling(LanguagePreset, LanguageFile)[202]" classname="io.github.thebusybiscuit.slimefun4.core.services.localization.TestSlimefunSpelling" time="0"/>
  <testcase name="testSpelling(LanguagePreset, LanguageFile)[203]" classname="io.github.thebusybiscuit.slimefun4.core.services.localization.TestSlimefunSpelling" time="0"/>
  <testcase name="testSpelling(LanguagePreset, LanguageFile)[204]" classname="io.github.thebusybiscuit.slimefun4.core.services.localization.TestSlimefunSpelling" time="0"/>
  <testcase name="testSpelling(LanguagePreset, LanguageFile)[205]" classname="io.github.thebusybiscuit.slimefun4.core.services.localization.TestSlimefunSpelling" time="0"/>
  <testcase name="testSpelling(LanguagePreset, LanguageFile)[206]" classname="io.github.thebusybiscuit.slimefun4.core.services.localization.TestSlimefunSpelling" time="0">
    <system-err><![CDATA[[15:20:28 SEVERE]: Cannot load configuration from stream
]]></system-err>
  </testcase>
  <testcase name="testSpelling(LanguagePreset, LanguageFile)[207]" classname="io.github.thebusybiscuit.slimefun4.core.services.localization.TestSlimefunSpelling" time="0">
    <system-err><![CDATA[[15:20:28 SEVERE]: Cannot load configuration from stream
]]></system-err>
  </testcase>
  <testcase name="testSpelling(LanguagePreset, LanguageFile)[208]" classname="io.github.thebusybiscuit.slimefun4.core.services.localization.TestSlimefunSpelling" time="0">
    <system-err><![CDATA[[15:20:28 SEVERE]: Cannot load configuration from stream
]]></system-err>
  </testcase>
  <testcase name="testSpelling(LanguagePreset, LanguageFile)[209]" classname="io.github.thebusybiscuit.slimefun4.core.services.localization.TestSlimefunSpelling" time="0">
    <system-err><![CDATA[[15:20:28 SEVERE]: Cannot load configuration from stream
]]></system-err>
  </testcase>
  <testcase name="testSpelling(LanguagePreset, LanguageFile)[210]" classname="io.github.thebusybiscuit.slimefun4.core.services.localization.TestSlimefunSpelling" time="0">
    <system-err><![CDATA[[15:20:28 SEVERE]: Cannot load configuration from stream
]]></system-err>
  </testcase>
</testsuite>