<?xml version="1.0" encoding="UTF-8"?>
<testsuite xmlns:xsi="http://www.w3.org/2001/XMLSchema-instance" xsi:noNamespaceSchemaLocation="https://maven.apache.org/surefire/maven-surefire-plugin/xsd/surefire-test-report-3.0.xsd" version="3.0" name="io.github.thebusybiscuit.slimefun4.api.items.settings.TestDoubleRangeSetting" time="0.049" tests="4" errors="0" skipped="0" failures="0">
  <properties>
    <property name="java.specification.version" value="18"/>
    <property name="sun.cpu.isalist" value="amd64"/>
    <property name="sun.jnu.encoding" value="Cp1252"/>
    <property name="java.class.path" value="D:\Development\NetBeansProjects\Slimefun4\target\test-classes;D:\Development\NetBeansProjects\Slimefun4\target\classes;C:\Users\nac34\.m2\repository\org\spigotmc\spigot-api\1.19-R0.1-SNAPSHOT\spigot-api-1.19-R0.1-SNAPSHOT.jar;C:\Users\nac34\.m2\repository\com\google\guava\guava\31.0.1-jre\guava-31.0.1-jre.jar;C:\Users\nac34\.m2\repository\com\google\guava\failureaccess\1.0.1\failureaccess-1.0.1.jar;C:\Users\nac34\.m2\repository\com\google\guava\listenablefuture\9999.0-empty-to-avoid-conflict-with-guava\listenablefuture-9999.0-empty-to-avoid-conflict-with-guava.jar;C:\Users\nac34\.m2\repository\org\checkerframework\checker-qual\3.12.0\checker-qual-3.12.0.jar;C:\Users\nac34\.m2\repository\com\google\errorprone\error_prone_annotations\2.7.1\error_prone_annotations-2.7.1.jar;C:\Users\nac34\.m2\repository\com\google\j2objc\j2objc-annotations\1.3\j2objc-annotations-1.3.jar;C:\Users\nac34\.m2\repository\com\google\code\gson\gson\2.8.9\gson-2.8.9.jar;C:\Users\nac34\.m2\repository\net\md-5\bungeecord-chat\1.16-R0.4\bungeecord-chat-1.16-R0.4.jar;C:\Users\nac34\.m2\repository\org\yaml\snakeyaml\1.30\snakeyaml-1.30.jar;C:\Users\nac34\.m2\repository\com\google\code\findbugs\jsr305\3.0.2\jsr305-3.0.2.jar;C:\Users\nac34\.m2\repository\io\github\baked-libs\dough-api\1.2.0\dough-api-1.2.0.jar;C:\Users\nac34\.m2\repository\io\papermc\paperlib\1.0.8\paperlib-1.0.8.jar;C:\Users\nac34\.m2\repository\com\konghq\unirest-java\3.14.1\unirest-java-3.14.1.jar;C:\Users\nac34\.m2\repository\org\apache\httpcomponents\httpclient\4.5.13\httpclient-4.5.13.jar;C:\Users\nac34\.m2\repository\org\apache\httpcomponents\httpcore\4.4.13\httpcore-4.4.13.jar;C:\Users\nac34\.m2\repository\commons-logging\commons-logging\1.2\commons-logging-1.2.jar;C:\Users\nac34\.m2\repository\org\apache\httpcomponents\httpmime\4.5.13\httpmime-4.5.13.jar;C:\Users\nac34\.m2\repository\org\apache\httpcomponents\httpcore-nio\4.4.13\httpcore-nio-4.4.13.jar;C:\Users\nac34\.m2\repository\org\apache\httpcomponents\httpasyncclient\4.1.5\httpasyncclient-4.1.5.jar;C:\Users\nac34\.m2\repository\commons-codec\commons-codec\1.15\commons-codec-1.15.jar;C:\Users\nac34\.m2\repository\org\junit\jupiter\junit-jupiter\5.9.2\junit-jupiter-5.9.2.jar;C:\Users\nac34\.m2\repository\org\junit\jupiter\junit-jupiter-api\5.9.2\junit-jupiter-api-5.9.2.jar;C:\Users\nac34\.m2\repository\org\opentest4j\opentest4j\1.2.0\opentest4j-1.2.0.jar;C:\Users\nac34\.m2\repository\org\junit\platform\junit-platform-commons\1.9.2\junit-platform-commons-1.9.2.jar;C:\Users\nac34\.m2\repository\org\apiguardian\apiguardian-api\1.1.2\apiguardian-api-1.1.2.jar;C:\Users\nac34\.m2\repository\org\junit\jupiter\junit-jupiter-params\5.9.2\junit-jupiter-params-5.9.2.jar;C:\Users\nac34\.m2\repository\org\junit\jupiter\junit-jupiter-engine\5.9.2\junit-jupiter-engine-5.9.2.jar;C:\Users\nac34\.m2\repository\org\junit\platform\junit-platform-engine\1.9.2\junit-platform-engine-1.9.2.jar;C:\Users\nac34\.m2\repository\org\mockito\mockito-core\5.0.0\mockito-core-5.0.0.jar;C:\Users\nac34\.m2\repository\net\bytebuddy\byte-buddy\1.12.22\byte-buddy-1.12.22.jar;C:\Users\nac34\.m2\repository\net\bytebuddy\byte-buddy-agent\1.12.22\byte-buddy-agent-1.12.22.jar;C:\Users\nac34\.m2\repository\org\objenesis\objenesis\3.3\objenesis-3.3.jar;C:\Users\nac34\.m2\repository\com\github\seeseemelk\MockBukkit-v1.18\2.0.0\MockBukkit-v1.18-2.0.0.jar;C:\Users\nac34\.m2\repository\io\papermc\paper\paper-api\1.18.2-R0.1-SNAPSHOT\paper-api-1.18.2-R0.1-SNAPSHOT.jar;C:\Users\nac34\.m2\repository\com\googlecode\json-simple\json-simple\1.1.1\json-simple-1.1.1.jar;C:\Users\nac34\.m2\repository\it\unimi\dsi\fastutil\8.5.6\fastutil-8.5.6.jar;C:\Users\nac34\.m2\repository\org\apache\logging\log4j\log4j-api\2.17.1\log4j-api-2.17.1.jar;C:\Users\nac34\.m2\repository\org\slf4j\slf4j-api\1.8.0-beta4\slf4j-api-1.8.0-beta4.jar;C:\Users\nac34\.m2\repository\net\kyori\adventure-api\4.11.0\adventure-api-4.11.0.jar;C:\Users\nac34\.m2\repository\net\kyori\adventure-key\4.11.0\adventure-key-4.11.0.jar;C:\Users\nac34\.m2\repository\net\kyori\examination-api\1.3.0\examination-api-1.3.0.jar;C:\Users\nac34\.m2\repository\net\kyori\examination-string\1.3.0\examination-string-1.3.0.jar;C:\Users\nac34\.m2\repository\net\kyori\adventure-text-minimessage\4.11.0\adventure-text-minimessage-4.11.0.jar;C:\Users\nac34\.m2\repository\net\kyori\adventure-text-serializer-gson\4.11.0\adventure-text-serializer-gson-4.11.0.jar;C:\Users\nac34\.m2\repository\net\kyori\adventure-text-serializer-legacy\4.11.0\adventure-text-serializer-legacy-4.11.0.jar;C:\Users\nac34\.m2\repository\net\kyori\adventure-text-serializer-plain\4.11.0\adventure-text-serializer-plain-4.11.0.jar;C:\Users\nac34\.m2\repository\net\kyori\adventure-text-logger-slf4j\4.11.0\adventure-text-logger-slf4j-4.11.0.jar;C:\Users\nac34\.m2\repository\org\ow2\asm\asm\9.2\asm-9.2.jar;C:\Users\nac34\.m2\repository\org\ow2\asm\asm-commons\9.2\asm-commons-9.2.jar;C:\Users\nac34\.m2\repository\org\ow2\asm\asm-tree\9.2\asm-tree-9.2.jar;C:\Users\nac34\.m2\repository\org\ow2\asm\asm-analysis\9.2\asm-analysis-9.2.jar;C:\Users\nac34\.m2\repository\org\hamcrest\hamcrest-library\2.2\hamcrest-library-2.2.jar;C:\Users\nac34\.m2\repository\org\hamcrest\hamcrest-core\2.2\hamcrest-core-2.2.jar;C:\Users\nac34\.m2\repository\org\hamcrest\hamcrest\2.2\hamcrest-2.2.jar;C:\Users\nac34\.m2\repository\commons-io\commons-io\2.11.0\commons-io-2.11.0.jar;C:\Users\nac34\.m2\repository\org\apache\maven\maven-resolver-provider\3.8.5\maven-resolver-provider-3.8.5.jar;C:\Users\nac34\.m2\repository\org\apache\maven\maven-model\3.8.5\maven-model-3.8.5.jar;C:\Users\nac34\.m2\repository\org\apache\maven\maven-model-builder\3.8.5\maven-model-builder-3.8.5.jar;C:\Users\nac34\.m2\repository\org\codehaus\plexus\plexus-interpolation\1.26\plexus-interpolation-1.26.jar;C:\Users\nac34\.m2\repository\org\apache\maven\maven-artifact\3.8.5\maven-artifact-3.8.5.jar;C:\Users\nac34\.m2\repository\org\apache\maven\maven-builder-support\3.8.5\maven-builder-support-3.8.5.jar;C:\Users\nac34\.m2\repository\org\eclipse\sisu\org.eclipse.sisu.inject\0.3.5\org.eclipse.sisu.inject-0.3.5.jar;C:\Users\nac34\.m2\repository\org\apache\maven\maven-repository-metadata\3.8.5\maven-repository-metadata-3.8.5.jar;C:\Users\nac34\.m2\repository\org\apache\maven\resolver\maven-resolver-api\1.6.3\maven-resolver-api-1.6.3.jar;C:\Users\nac34\.m2\repository\org\apache\maven\resolver\maven-resolver-spi\1.6.3\maven-resolver-spi-1.6.3.jar;C:\Users\nac34\.m2\repository\org\apache\maven\resolver\maven-resolver-util\1.6.3\maven-resolver-util-1.6.3.jar;C:\Users\nac34\.m2\repository\org\apache\maven\resolver\maven-resolver-impl\1.6.3\maven-resolver-impl-1.6.3.jar;C:\Users\nac34\.m2\repository\org\apache\commons\commons-lang3\3.8.1\commons-lang3-3.8.1.jar;C:\Users\nac34\.m2\repository\org\codehaus\plexus\plexus-utils\3.3.0\plexus-utils-3.3.0.jar;C:\Users\nac34\.m2\repository\javax\inject\javax.inject\1\javax.inject-1.jar;C:\Users\nac34\.m2\repository\org\apache\maven\resolver\maven-resolver-connector-basic\1.8.0\maven-resolver-connector-basic-1.8.0.jar;C:\Users\nac34\.m2\repository\org\apache\maven\resolver\maven-resolver-transport-http\1.8.0\maven-resolver-transport-http-1.8.0.jar;C:\Users\nac34\.m2\repository\org\slf4j\jcl-over-slf4j\1.7.36\jcl-over-slf4j-1.7.36.jar;C:\Users\nac34\.m2\repository\com\sk89q\worldedit\worldedit-core\7.2.13\worldedit-core-7.2.13.jar;C:\Users\nac34\.m2\repository\com\sk89q\worldedit\worldedit-bukkit\7.2.13\worldedit-bukkit-7.2.13.jar;C:\Users\nac34\.m2\repository\com\gmail\nossr50\mcMMO\mcMMO\2.1.218\mcMMO-2.1.218.jar;C:\Users\nac34\.m2\repository\me\clip\placeholderapi\2.11.2\placeholderapi-2.11.2.jar;C:\Users\nac34\.m2\repository\me\minebuilders\clearlag-core\3.1.6\clearlag-core-3.1.6.jar;C:\Users\nac34\.m2\repository\com\github\LoneDev6\itemsadder-api\3.2.5\itemsadder-api-3.2.5.jar;C:\Users\nac34\.m2\repository\net\imprex\orebfuscator-api\5.3.0\orebfuscator-api-5.3.0.jar;C:\Users\nac34\.m2\repository\commons-lang\commons-lang\2.6\commons-lang-2.6.jar;"/>
    <property name="java.vm.vendor" value="Oracle Corporation"/>
    <property name="sun.arch.data.model" value="64"/>
    <property name="user.variant" value=""/>
    <property name="java.vendor.url" value="https://java.oracle.com/"/>
    <property name="user.timezone" value="America/Chicago"/>
    <property name="os.name" value="Windows 10"/>
    <property name="java.vm.specification.version" value="18"/>
    <property name="user.country" value="US"/>
    <property name="sun.java.launcher" value="SUN_STANDARD"/>
    <property name="sun.boot.library.path" value="C:\Program Files\Java\jdk-18.0.2.1\bin"/>
    <property name="sun.java.command" value="C:\Users\nac34\AppData\Local\Temp\surefire5785769940068330365\surefirebooter-20230125152023136_3.jar C:\Users\nac34\AppData\Local\Temp\surefire5785769940068330365 2023-01-25T15-20-22_965-jvmRun1 surefire-20230125152023136_1tmp surefire_0-20230125152023136_2tmp"/>
    <property name="jdk.debug" value="release"/>
    <property name="surefire.test.class.path" value="D:\Development\NetBeansProjects\Slimefun4\target\test-classes;D:\Development\NetBeansProjects\Slimefun4\target\classes;C:\Users\nac34\.m2\repository\org\spigotmc\spigot-api\1.19-R0.1-SNAPSHOT\spigot-api-1.19-R0.1-SNAPSHOT.jar;C:\Users\nac34\.m2\repository\com\google\guava\guava\31.0.1-jre\guava-31.0.1-jre.jar;C:\Users\nac34\.m2\repository\com\google\guava\failureaccess\1.0.1\failureaccess-1.0.1.jar;C:\Users\nac34\.m2\repository\com\google\guava\listenablefuture\9999.0-empty-to-avoid-conflict-with-guava\listenablefuture-9999.0-empty-to-avoid-conflict-with-guava.jar;C:\Users\nac34\.m2\repository\org\checkerframework\checker-qual\3.12.0\checker-qual-3.12.0.jar;C:\Users\nac34\.m2\repository\com\google\errorprone\error_prone_annotations\2.7.1\error_prone_annotations-2.7.1.jar;C:\Users\nac34\.m2\repository\com\google\j2objc\j2objc-annotations\1.3\j2objc-annotations-1.3.jar;C:\Users\nac34\.m2\repository\com\google\code\gson\gson\2.8.9\gson-2.8.9.jar;C:\Users\nac34\.m2\repository\net\md-5\bungeecord-chat\1.16-R0.4\bungeecord-chat-1.16-R0.4.jar;C:\Users\nac34\.m2\repository\org\yaml\snakeyaml\1.30\snakeyaml-1.30.jar;C:\Users\nac34\.m2\repository\com\google\code\findbugs\jsr305\3.0.2\jsr305-3.0.2.jar;C:\Users\nac34\.m2\repository\io\github\baked-libs\dough-api\1.2.0\dough-api-1.2.0.jar;C:\Users\nac34\.m2\repository\io\papermc\paperlib\1.0.8\paperlib-1.0.8.jar;C:\Users\nac34\.m2\repository\com\konghq\unirest-java\3.14.1\unirest-java-3.14.1.jar;C:\Users\nac34\.m2\repository\org\apache\httpcomponents\httpclient\4.5.13\httpclient-4.5.13.jar;C:\Users\nac34\.m2\repository\org\apache\httpcomponents\httpcore\4.4.13\httpcore-4.4.13.jar;C:\Users\nac34\.m2\repository\commons-logging\commons-logging\1.2\commons-logging-1.2.jar;C:\Users\nac34\.m2\repository\org\apache\httpcomponents\httpmime\4.5.13\httpmime-4.5.13.jar;C:\Users\nac34\.m2\repository\org\apache\httpcomponents\httpcore-nio\4.4.13\httpcore-nio-4.4.13.jar;C:\Users\nac34\.m2\repository\org\apache\httpcomponents\httpasyncclient\4.1.5\httpasyncclient-4.1.5.jar;C:\Users\nac34\.m2\repository\commons-codec\commons-codec\1.15\commons-codec-1.15.jar;C:\Users\nac34\.m2\repository\org\junit\jupiter\junit-jupiter\5.9.2\junit-jupiter-5.9.2.jar;C:\Users\nac34\.m2\repository\org\junit\jupiter\junit-jupiter-api\5.9.2\junit-jupiter-api-5.9.2.jar;C:\Users\nac34\.m2\repository\org\opentest4j\opentest4j\1.2.0\opentest4j-1.2.0.jar;C:\Users\nac34\.m2\repository\org\junit\platform\junit-platform-commons\1.9.2\junit-platform-commons-1.9.2.jar;C:\Users\nac34\.m2\repository\org\apiguardian\apiguardian-api\1.1.2\apiguardian-api-1.1.2.jar;C:\Users\nac34\.m2\repository\org\junit\jupiter\junit-jupiter-params\5.9.2\junit-jupiter-params-5.9.2.jar;C:\Users\nac34\.m2\repository\org\junit\jupiter\junit-jupiter-engine\5.9.2\junit-jupiter-engine-5.9.2.jar;C:\Users\nac34\.m2\repository\org\junit\platform\junit-platform-engine\1.9.2\junit-platform-engine-1.9.2.jar;C:\Users\nac34\.m2\repository\org\mockito\mockito-core\5.0.0\mockito-core-5.0.0.jar;C:\Users\nac34\.m2\repository\net\bytebuddy\byte-buddy\1.12.22\byte-buddy-1.12.22.jar;C:\Users\nac34\.m2\repository\net\bytebuddy\byte-buddy-agent\1.12.22\byte-buddy-agent-1.12.22.jar;C:\Users\nac34\.m2\repository\org\objenesis\objenesis\3.3\objenesis-3.3.jar;C:\Users\nac34\.m2\repository\com\github\seeseemelk\MockBukkit-v1.18\2.0.0\MockBukkit-v1.18-2.0.0.jar;C:\Users\nac34\.m2\repository\io\papermc\paper\paper-api\1.18.2-R0.1-SNAPSHOT\paper-api-1.18.2-R0.1-SNAPSHOT.jar;C:\Users\nac34\.m2\repository\com\googlecode\json-simple\json-simple\1.1.1\json-simple-1.1.1.jar;C:\Users\nac34\.m2\repository\it\unimi\dsi\fastutil\8.5.6\fastutil-8.5.6.jar;C:\Users\nac34\.m2\repository\org\apache\logging\log4j\log4j-api\2.17.1\log4j-api-2.17.1.jar;C:\Users\nac34\.m2\repository\org\slf4j\slf4j-api\1.8.0-beta4\slf4j-api-1.8.0-beta4.jar;C:\Users\nac34\.m2\repository\net\kyori\adventure-api\4.11.0\adventure-api-4.11.0.jar;C:\Users\nac34\.m2\repository\net\kyori\adventure-key\4.11.0\adventure-key-4.11.0.jar;C:\Users\nac34\.m2\repository\net\kyori\examination-api\1.3.0\examination-api-1.3.0.jar;C:\Users\nac34\.m2\repository\net\kyori\examination-string\1.3.0\examination-string-1.3.0.jar;C:\Users\nac34\.m2\repository\net\kyori\adventure-text-minimessage\4.11.0\adventure-text-minimessage-4.11.0.jar;C:\Users\nac34\.m2\repository\net\kyori\adventure-text-serializer-gson\4.11.0\adventure-text-serializer-gson-4.11.0.jar;C:\Users\nac34\.m2\repository\net\kyori\adventure-text-serializer-legacy\4.11.0\adventure-text-serializer-legacy-4.11.0.jar;C:\Users\nac34\.m2\repository\net\kyori\adventure-text-serializer-plain\4.11.0\adventure-text-serializer-plain-4.11.0.jar;C:\Users\nac34\.m2\repository\net\kyori\adventure-text-logger-slf4j\4.11.0\adventure-text-logger-slf4j-4.11.0.jar;C:\Users\nac34\.m2\repository\org\ow2\asm\asm\9.2\asm-9.2.jar;C:\Users\nac34\.m2\repository\org\ow2\asm\asm-commons\9.2\asm-commons-9.2.jar;C:\Users\nac34\.m2\repository\org\ow2\asm\asm-tree\9.2\asm-tree-9.2.jar;C:\Users\nac34\.m2\repository\org\ow2\asm\asm-analysis\9.2\asm-analysis-9.2.jar;C:\Users\nac34\.m2\repository\org\hamcrest\hamcrest-library\2.2\hamcrest-library-2.2.jar;C:\Users\nac34\.m2\repository\org\hamcrest\hamcrest-core\2.2\hamcrest-core-2.2.jar;C:\Users\nac34\.m2\repository\org\hamcrest\hamcrest\2.2\hamcrest-2.2.jar;C:\Users\nac34\.m2\repository\commons-io\commons-io\2.11.0\commons-io-2.11.0.jar;C:\Users\nac34\.m2\repository\org\apache\maven\maven-resolver-provider\3.8.5\maven-resolver-provider-3.8.5.jar;C:\Users\nac34\.m2\repository\org\apache\maven\maven-model\3.8.5\maven-model-3.8.5.jar;C:\Users\nac34\.m2\repository\org\apache\maven\maven-model-builder\3.8.5\maven-model-builder-3.8.5.jar;C:\Users\nac34\.m2\repository\org\codehaus\plexus\plexus-interpolation\1.26\plexus-interpolation-1.26.jar;C:\Users\nac34\.m2\repository\org\apache\maven\maven-artifact\3.8.5\maven-artifact-3.8.5.jar;C:\Users\nac34\.m2\repository\org\apache\maven\maven-builder-support\3.8.5\maven-builder-support-3.8.5.jar;C:\Users\nac34\.m2\repository\org\eclipse\sisu\org.eclipse.sisu.inject\0.3.5\org.eclipse.sisu.inject-0.3.5.jar;C:\Users\nac34\.m2\repository\org\apache\maven\maven-repository-metadata\3.8.5\maven-repository-metadata-3.8.5.jar;C:\Users\nac34\.m2\repository\org\apache\maven\resolver\maven-resolver-api\1.6.3\maven-resolver-api-1.6.3.jar;C:\Users\nac34\.m2\repository\org\apache\maven\resolver\maven-resolver-spi\1.6.3\maven-resolver-spi-1.6.3.jar;C:\Users\nac34\.m2\repository\org\apache\maven\resolver\maven-resolver-util\1.6.3\maven-resolver-util-1.6.3.jar;C:\Users\nac34\.m2\repository\org\apache\maven\resolver\maven-resolver-impl\1.6.3\maven-resolver-impl-1.6.3.jar;C:\Users\nac34\.m2\repository\org\apache\commons\commons-lang3\3.8.1\commons-lang3-3.8.1.jar;C:\Users\nac34\.m2\repository\org\codehaus\plexus\plexus-utils\3.3.0\plexus-utils-3.3.0.jar;C:\Users\nac34\.m2\repository\javax\inject\javax.inject\1\javax.inject-1.jar;C:\Users\nac34\.m2\repository\org\apache\maven\resolver\maven-resolver-connector-basic\1.8.0\maven-resolver-connector-basic-1.8.0.jar;C:\Users\nac34\.m2\repository\org\apache\maven\resolver\maven-resolver-transport-http\1.8.0\maven-resolver-transport-http-1.8.0.jar;C:\Users\nac34\.m2\repository\org\slf4j\jcl-over-slf4j\1.7.36\jcl-over-slf4j-1.7.36.jar;C:\Users\nac34\.m2\repository\com\sk89q\worldedit\worldedit-core\7.2.13\worldedit-core-7.2.13.jar;C:\Users\nac34\.m2\repository\com\sk89q\worldedit\worldedit-bukkit\7.2.13\worldedit-bukkit-7.2.13.jar;C:\Users\nac34\.m2\repository\com\gmail\nossr50\mcMMO\mcMMO\2.1.218\mcMMO-2.1.218.jar;C:\Users\nac34\.m2\repository\me\clip\placeholderapi\2.11.2\placeholderapi-2.11.2.jar;C:\Users\nac34\.m2\repository\me\minebuilders\clearlag-core\3.1.6\clearlag-core-3.1.6.jar;C:\Users\nac34\.m2\repository\com\github\LoneDev6\itemsadder-api\3.2.5\itemsadder-api-3.2.5.jar;C:\Users\nac34\.m2\repository\net\imprex\orebfuscator-api\5.3.0\orebfuscator-api-5.3.0.jar;C:\Users\nac34\.m2\repository\commons-lang\commons-lang\2.6\commons-lang-2.6.jar;"/>
    <property name="sun.cpu.endian" value="little"/>
    <property name="user.home" value="C:\Users\nac34"/>
    <property name="user.language" value="en"/>
    <property name="java.specification.vendor" value="Oracle Corporation"/>
    <property name="java.version.date" value="2022-08-18"/>
    <property name="java.home" value="C:\Program Files\Java\jdk-18.0.2.1"/>
    <property name="file.separator" value="\"/>
    <property name="basedir" value="D:\Development\NetBeansProjects\Slimefun4"/>
    <property name="java.vm.compressedOopsMode" value="Zero based"/>
    <property name="line.separator" value="&#10;"/>
    <property name="java.vm.specification.vendor" value="Oracle Corporation"/>
    <property name="java.specification.name" value="Java Platform API Specification"/>
    <property name="surefire.real.class.path" value="C:\Users\nac34\AppData\Local\Temp\surefire5785769940068330365\surefirebooter-20230125152023136_3.jar"/>
    <property name="user.script" value=""/>
    <property name="sun.management.compiler" value="HotSpot 64-Bit Tiered Compilers"/>
    <property name="java.runtime.version" value="18.0.2.1+1-1"/>
    <property name="user.name" value="nac34"/>
    <property name="path.separator" value=";"/>
    <property name="os.version" value="10.0"/>
    <property name="java.runtime.name" value="Java(TM) SE Runtime Environment"/>
    <property name="file.encoding" value="UTF-8"/>
    <property name="java.vm.name" value="Java HotSpot(TM) 64-Bit Server VM"/>
    <property name="maven.ext.class.path" value="C:\Program Files\NetBeans-16\netbeans\java\maven-nblib\netbeans-eventspy.jar"/>
    <property name="localRepository" value="C:\Users\nac34\.m2\repository"/>
    <property name="java.vendor.url.bug" value="https://bugreport.java.com/bugreport/"/>
    <property name="java.io.tmpdir" value="C:\Users\nac34\AppData\Local\Temp\"/>
    <property name="java.version" value="18.0.2.1"/>
    <property name="user.dir" value="D:\Development\NetBeansProjects\Slimefun4"/>
    <property name="os.arch" value="amd64"/>
    <property name="java.vm.specification.name" value="Java Virtual Machine Specification"/>
    <property name="sun.os.patch.level" value=""/>
    <property name="native.encoding" value="Cp1252"/>
    <property name="java.library.path" value="C:\Program Files\Java\jdk-18.0.2.1\bin;C:\Windows\Sun\Java\bin;C:\Windows\system32;C:\Windows;C:\Program Files\Common Files\Oracle\Java\javapath;C:\Program Files (x86)\Common Files\Oracle\Java\javapath;C:\Windows\system32;C:\Windows;C:\Windows\System32\Wbem;C:\Windows\System32\WindowsPowerShell\v1.0\;C:\Windows\System32\OpenSSH\;C:\Program Files\NVIDIA Corporation\NVIDIA NvDLISR;C:\Program Files (x86)\NVIDIA Corporation\PhysX\Common;C:\Program Files\dotnet\;C:\Program Files\Git\cmd;C:\Users\nac34\AppData\Local\Microsoft\WindowsApps;;."/>
    <property name="java.vm.info" value="mixed mode, sharing"/>
    <property name="java.vendor" value="Oracle Corporation"/>
    <property name="java.vm.version" value="18.0.2.1+1-1"/>
    <property name="sun.io.unicode.encoding" value="UnicodeLittle"/>
    <property name="java.class.version" value="62.0"/>
  </properties>
  <testcase name="testConstructorValidation" classname="io.github.thebusybiscuit.slimefun4.api.items.settings.TestDoubleRangeSetting" time="0.01"/>
  <testcase name="testIllegalValues" classname="io.github.thebusybiscuit.slimefun4.api.items.settings.TestDoubleRangeSetting" time="0"/>
  <testcase name="testMinMaxGetters" classname="io.github.thebusybiscuit.slimefun4.api.items.settings.TestDoubleRangeSetting" time="0"/>
  <testcase name="testAllowedValue" classname="io.github.thebusybiscuit.slimefun4.api.items.settings.TestDoubleRangeSetting" time="0"/>
</testsuite>